[2025-10-22T09:39:51.975Z] 噫 [k5f2unfey] REQUISIﾃﾃグ - lotogreen
{
  "requestId": "k5f2unfey",
  "timestamp": "2025-10-22T09:39:51.975Z",
  "siteName": "lotogreen",
  "integration": "lotogreen",
  "url": "https://lotogreen.bet.br/api/auth/login",
  "method": "post",
  "headers": {
    "User-Agent": "Mozilla/5.0 (Windows NT 10.0; Win64; x64) AppleWebKit/537.36 (KHTML, like Gecko) Chrome/141.0.0.0 Safari/537.36",
    "Content-Type": "application/json",
    "Origin": "https://lotogreen.bet.br"
  },
  "body": {
    "email": "muvucasbars@gmail.com",
    "password": "Mts.19950927",
    "login": "muvucasbars@gmail.com",
    "app_source": "web"
  },
  "sessionCookies": "",
  "withCredentials": true,
  "maxBodyLength": null
}
================================================================================

[2025-10-22T09:39:52.337Z] 笨 [k5f2unfey] RESPOSTA - lotogreen
{
  "requestId": "k5f2unfey",
  "timestamp": "2025-10-22T09:39:52.337Z",
  "siteName": "lotogreen",
  "integration": "lotogreen",
  "status": 200,
  "statusText": "OK",
  "headers": {
    "date": "Wed, 22 Oct 2025 09:39:51 GMT",
    "content-type": "application/json",
    "transfer-encoding": "chunked",
    "connection": "keep-alive",
    "access-control-allow-origin": "*",
    "access-control-allow-methods": "PUT, GET, POST, DELETE, OPTIONS",
    "access-control-allow-headers": "DNT,X-CustomHeader,Keep-Alive,User-Agent,X-Requested-With,If-Modified-Since,Cache-Control,Content-Type,Authorization",
    "access-control-max-age": "1728000",
    "trailing-slash": "true",
    "alt-svc": "h3=\":443\"; ma=86400",
    "cache-control": "no-cache, private",
    "cf-cache-status": "DYNAMIC",
    "x-frame-options": "SAMEORIGIN",
    "nel": "{\"report_to\":\"cf-nel\",\"success_fraction\":0.0,\"max_age\":604800}",
    "report-to": "{\"group\":\"cf-nel\",\"max_age\":604800,\"endpoints\":[{\"url\":\"https://a.nel.cloudflare.com/report/v4?s=83KYUpeLNV8Ya7sl1bBbB4F81SBvkk8icAR0Iw85cgACEL1%2FZb3vX9gaa8Wed0jaVeKD33%2FLOrIohQv2sgDkZHqaxmZOeZVBrQqKGwY6NoYUqkLjKP8%3D\"}]}",
    "strict-transport-security": "max-age=31536000; includeSubDomains",
    "access-control-allow-credentials": "true",
    "server": "cloudflare",
    "cf-ray": "992807a56b570188-GRU"
  },
  "data": {
    "access_token": "eyJ0eXAiOiJKV1QiLCJhbGciOiJIUzI1NiJ9.eyJpc3MiOiJodHRwczovL2JhY2tvZmZpY2UubG90b2dyZWVuLmNvbS9hcGkvYXV0aC9sb2dpbiIsImlhdCI6MTc2MTEyNTk5MSwiZXhwIjoxNzYxMjk4NzkxLCJuYmYiOjE3NjExMjU5OTEsImp0aSI6ImpNQ3hpbU1pUW13cVRXSTIiLCJzdWIiOiIwMWs4MmoweWU2ejN3MHJ3dnlzZGo0M2RhdiIsInBydiI6IjIzYmQ1Yzg5NDlmNjAwYWRiMzllNzAxYzQwMDg3MmRiN2E1OTc2ZjciLCJ1c2VyX2lkIjoiMDFrODJqMHllNnozdzByd3Z5c2RqNDNkYXYiLCJuYW1lIjoiTWF0ZXVzIFJvZHJpZ3VlcyBTYW50YW5hIiwiZW1haWwiOiJtdXZ1Y2FzYmFyc0BnbWFpbC5jb20iLCJwaG9uZSI6IjEzOTc0MTk4ODMwIiwiYmFsYW5jZSI6MTExMywiZG9jdW1lbnQiOiIyMzU5Nzk5ODg2MCJ9.cji8pfNGcIr01J3C-OEVIDUAuRJV6muWwPByicyMkuw",
    "token_type": "bearer",
    "expires_in": 172800
  },
  "sessionCookies": "",
  "responseTime": 362
}
================================================================================

[2025-10-22T09:39:52.337Z] 噫 [ubiw0cct7] REQUISIﾃﾃグ - lotogreen
{
  "requestId": "ubiw0cct7",
  "timestamp": "2025-10-22T09:39:52.337Z",
  "siteName": "lotogreen",
  "integration": "lotogreen",
  "url": "https://lotogreen.bet.br/api/generate-token",
  "method": "get",
  "headers": {
    "User-Agent": "Mozilla/5.0 (Windows NT 10.0; Win64; x64) AppleWebKit/537.36 (KHTML, like Gecko) Chrome/141.0.0.0 Safari/537.36",
    "Authorization": "Bearer eyJ0eXAiOiJKV1QiLCJhbGciOiJIUzI1NiJ9.eyJpc3MiOiJodHRwczovL2JhY2tvZmZpY2UubG90b2dyZWVuLmNvbS9hcGkvYXV0aC9sb2dpbiIsImlhdCI6MTc2MTEyNTk5MSwiZXhwIjoxNzYxMjk4NzkxLCJuYmYiOjE3NjExMjU5OTEsImp0aSI6ImpNQ3hpbU1pUW13cVRXSTIiLCJzdWIiOiIwMWs4MmoweWU2ejN3MHJ3dnlzZGo0M2RhdiIsInBydiI6IjIzYmQ1Yzg5NDlmNjAwYWRiMzllNzAxYzQwMDg3MmRiN2E1OTc2ZjciLCJ1c2VyX2lkIjoiMDFrODJqMHllNnozdzByd3Z5c2RqNDNkYXYiLCJuYW1lIjoiTWF0ZXVzIFJvZHJpZ3VlcyBTYW50YW5hIiwiZW1haWwiOiJtdXZ1Y2FzYmFyc0BnbWFpbC5jb20iLCJwaG9uZSI6IjEzOTc0MTk4ODMwIiwiYmFsYW5jZSI6MTExMywiZG9jdW1lbnQiOiIyMzU5Nzk5ODg2MCJ9.cji8pfNGcIr01J3C-OEVIDUAuRJV6muWwPByicyMkuw",
    "Content-Type": "application/json",
    "Accept": "application/json"
  },
  "body": {
    "user_id": "",
    "token": "eyJ0eXAiOiJKV1QiLCJhbGciOiJIUzI1NiJ9.eyJpc3MiOiJodHRwczovL2JhY2tvZmZpY2UubG90b2dyZWVuLmNvbS9hcGkvYXV0aC9sb2dpbiIsImlhdCI6MTc2MTEyNTk5MSwiZXhwIjoxNzYxMjk4NzkxLCJuYmYiOjE3NjExMjU5OTEsImp0aSI6ImpNQ3hpbU1pUW13cVRXSTIiLCJzdWIiOiIwMWs4MmoweWU2ejN3MHJ3dnlzZGo0M2RhdiIsInBydiI6IjIzYmQ1Yzg5NDlmNjAwYWRiMzllNzAxYzQwMDg3MmRiN2E1OTc2ZjciLCJ1c2VyX2lkIjoiMDFrODJqMHllNnozdzByd3Z5c2RqNDNkYXYiLCJuYW1lIjoiTWF0ZXVzIFJvZHJpZ3VlcyBTYW50YW5hIiwiZW1haWwiOiJtdXZ1Y2FzYmFyc0BnbWFpbC5jb20iLCJwaG9uZSI6IjEzOTc0MTk4ODMwIiwiYmFsYW5jZSI6MTExMywiZG9jdW1lbnQiOiIyMzU5Nzk5ODg2MCJ9.cji8pfNGcIr01J3C-OEVIDUAuRJV6muWwPByicyMkuw",
    "expires_at": "2025-10-22T10:39:52.337Z"
  },
  "sessionCookies": ""
}
================================================================================

[2025-10-22T09:39:52.539Z] 笨 [ubiw0cct7] RESPOSTA - lotogreen
{
  "requestId": "ubiw0cct7",
  "timestamp": "2025-10-22T09:39:52.539Z",
  "siteName": "lotogreen",
  "integration": "lotogreen",
  "status": 200,
  "statusText": "OK",
  "headers": {
    "date": "Wed, 22 Oct 2025 09:39:51 GMT",
    "content-type": "application/json",
    "transfer-encoding": "chunked",
    "connection": "keep-alive",
    "access-control-allow-origin": "*",
    "access-control-allow-methods": "PUT, GET, POST, DELETE, OPTIONS",
    "access-control-allow-headers": "DNT,X-CustomHeader,Keep-Alive,User-Agent,X-Requested-With,If-Modified-Since,Cache-Control,Content-Type,Authorization",
    "access-control-max-age": "1728000",
    "trailing-slash": "true",
    "alt-svc": "h3=\":443\"; ma=86400",
    "cache-control": "no-cache, private",
    "cf-cache-status": "DYNAMIC",
    "x-frame-options": "SAMEORIGIN",
    "nel": "{\"report_to\":\"cf-nel\",\"success_fraction\":0.0,\"max_age\":604800}",
    "report-to": "{\"group\":\"cf-nel\",\"max_age\":604800,\"endpoints\":[{\"url\":\"https://a.nel.cloudflare.com/report/v4?s=v1WZ%2FyvGwEhSwuEKlZojkrcSxtJjTLir%2ByHh6b2nR7BFIkTWYwOn07lT4BVq7F4R%2BaAv1PT0sm2PoXMClaBoJ3g49fCc8C7v8KmgmA4iE%2B8vBlXW4D0%3D\"}]}",
    "strict-transport-security": "max-age=31536000; includeSubDomains",
    "access-control-allow-credentials": "true",
    "server": "cloudflare",
    "cf-ray": "992807a79c5d0188-GRU"
  },
  "data": {
    "user_id": "01k82j0ye6z3w0rwvysdj43dav",
    "token": "_loto_JV5oSsgBFu9lTDEH",
    "expires_at": "2025-10-22T10:39:51.714908Z"
  },
  "sessionCookies": "",
  "responseTime": 202
}
================================================================================

[2025-10-22T09:39:52.540Z] 噫 [jvpid5zps] REQUISIﾃﾃグ - lotogreen
{
  "requestId": "jvpid5zps",
  "timestamp": "2025-10-22T09:39:52.540Z",
  "siteName": "lotogreen",
  "integration": "lotogreen",
  "url": "https://sb2auth-altenar2.biahosted.com/api/WidgetAuth/SignIn",
  "method": "post",
  "headers": {
    "User-Agent": "Mozilla/5.0 (Windows NT 10.0; Win64; x64) AppleWebKit/537.36 (KHTML, like Gecko) Chrome/141.0.0.0 Safari/537.36",
    "Content-Type": "application/json",
    "Accept": "application/json"
  },
  "body": {
    "culture": "pt-BR",
    "timezoneOffset": 180,
    "integration": "lotogreen",
    "deviceType": 1,
    "numFormat": "en-GB",
    "countryCode": "BR",
    "token": "_loto_JV5oSsgBFu9lTDEH"
  },
  "sessionCookies": ""
}
================================================================================

[2025-10-22T09:39:53.271Z] 笨 [jvpid5zps] RESPOSTA - lotogreen
{
  "requestId": "jvpid5zps",
  "timestamp": "2025-10-22T09:39:53.271Z",
  "siteName": "lotogreen",
  "integration": "lotogreen",
  "status": 200,
  "statusText": "OK",
  "headers": {
    "server": "nginx",
    "date": "Wed, 22 Oct 2025 09:39:52 GMT",
    "content-type": "application/json; charset=utf-8",
    "content-length": "739",
    "access-control-allow-origin": "*",
    "strict-transport-security": "max-age=15552000",
    "via": "1.1 google",
    "alt-svc": "h3=\":443\"; ma=2592000,h3-29=\":443\"; ma=2592000"
  },
  "data": {
    "accessToken": "eyJhbGciOiJIUzI1NiIsInR5cCI6IkpXVCJ9.eyJDb25maWd1cmF0aW9uSWQiOiIxMiIsIlBlcnNvblR5cGUiOiIzIiwiUGVyc29uSWQiOiI2NzUwMjk5NyIsIlVzZXJOYW1lIjoiTWF0ZXVzIFJvZHJpZ3VlcyBTYW50YW5hIiwiTG9naW5JZCI6Ijc1NTE4MjAyIiwiQ3VycmVuY3lTaWduIjoiUiQiLCJNaW5Cb251c1ByaWNlIjoiMS4yNSIsIkJvbnVzVGVtcGxhdGVJZCI6IjM2MyIsIkN1cnJlbmN5SWQiOiI5ODYiLCJDdXJyZW5jeUNvZGUiOiJCUkwiLCJDb3VudHJ5Q29kZSI6IkJSIiwiQnJhbmRJZCI6Ijc3MCIsIkNsaWVudElQIjoiMTc5LjEyNS4yMTEuMTM5IiwiZXhwIjoxNzYxMTI2ODkyLCJpc3MiOiJTQjIiLCJhdWQiOiJTQjIifQ.Qgj2tVnzJzrYr8g9aUu1oIQBSEBbxdYmPN4WZomIFl8",
    "currency": "BRL",
    "isUserLocked": false,
    "isAgency": false,
    "currencySign": "R$",
    "currencyId": 986,
    "currencyDisplay": 0,
    "encryptedPlayerId": "53IX2njrpncpHT7Egr/3gA==",
    "regDate": "2025-10-21T05:06:26.45"
  },
  "sessionCookies": "",
  "responseTime": 731
}
================================================================================

[2025-10-22T09:39:53.319Z] 噫 [tmfw4hwht] REQUISIﾃﾃグ - lotogreen
{
  "requestId": "tmfw4hwht",
  "timestamp": "2025-10-22T09:39:53.319Z",
  "siteName": "lotogreen",
  "integration": "lotogreen",
  "url": "https://sb2betgateway-altenar2.biahosted.com/api/widget/placeWidget",
  "method": "post",
  "headers": {
    "User-Agent": "Mozilla/5.0 (Windows NT 10.0; Win64; x64) AppleWebKit/537.36 (KHTML, like Gecko) Chrome/141.0.0.0 Safari/537.36",
    "Authorization": "Bearer eyJhbGciOiJIUzI1NiIsInR5cCI6IkpXVCJ9.eyJDb25maWd1cmF0aW9uSWQiOiIxMiIsIlBlcnNvblR5cGUiOiIzIiwiUGVyc29uSWQiOiI2NzUwMjk5NyIsIlVzZXJOYW1lIjoiTWF0ZXVzIFJvZHJpZ3VlcyBTYW50YW5hIiwiTG9naW5JZCI6Ijc1NTE4MjAyIiwiQ3VycmVuY3lTaWduIjoiUiQiLCJNaW5Cb251c1ByaWNlIjoiMS4yNSIsIkJvbnVzVGVtcGxhdGVJZCI6IjM2MyIsIkN1cnJlbmN5SWQiOiI5ODYiLCJDdXJyZW5jeUNvZGUiOiJCUkwiLCJDb3VudHJ5Q29kZSI6IkJSIiwiQnJhbmRJZCI6Ijc3MCIsIkNsaWVudElQIjoiMTc5LjEyNS4yMTEuMTM5IiwiZXhwIjoxNzYxMTI2ODkyLCJpc3MiOiJTQjIiLCJhdWQiOiJTQjIifQ.Qgj2tVnzJzrYr8g9aUu1oIQBSEBbxdYmPN4WZomIFl8",
    "Content-Type": "application/json",
    "Accept": "application/json"
  },
  "body": {
    "culture": "pt-BR",
    "timezoneOffset": 180,
    "integration": "lotogreen",
    "deviceType": 1,
    "numFormat": "en-GB",
    "countryCode": "BR",
    "betType": 0,
    "isAutoCharge": false,
    "stakes": [
      100
    ],
    "oddsChangeAction": 1,
    "betMarkets": [
      {
        "id": 14052559,
        "isBanker": false,
        "dbId": 10,
        "sportName": "Futebol",
        "rC": false,
        "eventName": "Chelsea vs. AFC Ajax\t\t",
        "catName": "Europa",
        "champName": "Liga dos Campeﾃｵes",
        "sportTypeId": 1,
        "odds": [
          {
            "id": 2933359098,
            "marketId": 1197160088,
            "price": 1.2728,
            "marketName": "Vencedor do encontro",
            "marketTypeId": 1,
            "mostBalanced": false,
            "selectionTypeId": 1,
            "selectionName": "Chelsea",
            "widgetInfo": {
              "widget": 12,
              "page": 3,
              "tabIndex": 3
            }
          }
        ]
      }
    ],
    "eachWays": [
      false
    ],
    "requestId": "feSzOjgSVMAkhQVBjXVW5",
    "confirmedByClient": false,
    "device": 0
  },
  "sessionCookies": ""
}
================================================================================

[2025-10-22T09:39:53.829Z] 笨 [tmfw4hwht] RESPOSTA - lotogreen
{
  "requestId": "tmfw4hwht",
  "timestamp": "2025-10-22T09:39:53.829Z",
  "siteName": "lotogreen",
  "integration": "lotogreen",
  "status": 200,
  "statusText": "OK",
  "headers": {
    "server": "nginx",
    "date": "Wed, 22 Oct 2025 09:39:52 GMT",
    "content-type": "application/json; charset=utf-8",
    "content-length": "26",
    "access-control-allow-origin": "*",
    "strict-transport-security": "max-age=15552000",
    "via": "1.1 google",
    "alt-svc": "h3=\":443\"; ma=2592000,h3-29=\":443\"; ma=2592000"
  },
  "data": {
    "error": {
      "errorType": 15
    }
  },
  "sessionCookies": "",
  "responseTime": 510
}
================================================================================

[2025-10-22T09:39:54.134Z] 噫 [mmbi29ttp] REQUISIﾃﾃグ - lotogreen
{
  "requestId": "mmbi29ttp",
  "timestamp": "2025-10-22T09:39:54.134Z",
  "siteName": "lotogreen",
  "integration": "lotogreen",
  "url": "https://lotogreen.bet.br/api/auth/login",
  "method": "post",
  "headers": {
    "User-Agent": "Mozilla/5.0 (Windows NT 10.0; Win64; x64) AppleWebKit/537.36 (KHTML, like Gecko) Chrome/141.0.0.0 Safari/537.36",
    "Content-Type": "application/json",
    "Origin": "https://lotogreen.bet.br"
  },
  "body": {
    "email": "muvucasbars@gmail.com",
    "password": "Mts.19950927",
    "login": "muvucasbars@gmail.com",
    "app_source": "web"
  },
  "sessionCookies": "",
  "withCredentials": true,
  "maxBodyLength": null
}
================================================================================

[2025-10-22T09:39:54.501Z] 笨 [mmbi29ttp] RESPOSTA - lotogreen
{
  "requestId": "mmbi29ttp",
  "timestamp": "2025-10-22T09:39:54.501Z",
  "siteName": "lotogreen",
  "integration": "lotogreen",
  "status": 200,
  "statusText": "OK",
  "headers": {
    "date": "Wed, 22 Oct 2025 09:39:53 GMT",
    "content-type": "application/json",
    "transfer-encoding": "chunked",
    "connection": "keep-alive",
    "access-control-allow-origin": "*",
    "access-control-allow-methods": "PUT, GET, POST, DELETE, OPTIONS",
    "access-control-allow-headers": "DNT,X-CustomHeader,Keep-Alive,User-Agent,X-Requested-With,If-Modified-Since,Cache-Control,Content-Type,Authorization",
    "access-control-max-age": "1728000",
    "trailing-slash": "true",
    "alt-svc": "h3=\":443\"; ma=86400",
    "cache-control": "no-cache, private",
    "cf-cache-status": "DYNAMIC",
    "x-frame-options": "SAMEORIGIN",
    "nel": "{\"report_to\":\"cf-nel\",\"success_fraction\":0.0,\"max_age\":604800}",
    "report-to": "{\"group\":\"cf-nel\",\"max_age\":604800,\"endpoints\":[{\"url\":\"https://a.nel.cloudflare.com/report/v4?s=qmTQAbpWxXq8my4lkMXgXPzNyxqQliJTgKYJcRd1l4rRcs6NEd%2BlQzS0Cw78B3%2BOPywajwiQoYzsiLySj8MaTVennvPuN3Yek7n%2FXdnk32SqAEx2CpA%3D\"}]}",
    "strict-transport-security": "max-age=31536000; includeSubDomains",
    "access-control-allow-credentials": "true",
    "server": "cloudflare",
    "cf-ray": "992807b2281f0188-GRU"
  },
  "data": {
    "access_token": "eyJ0eXAiOiJKV1QiLCJhbGciOiJIUzI1NiJ9.eyJpc3MiOiJodHRwczovL2JhY2tvZmZpY2UubG90b2dyZWVuLmNvbS9hcGkvYXV0aC9sb2dpbiIsImlhdCI6MTc2MTEyNTk5MywiZXhwIjoxNzYxMjk4NzkzLCJuYmYiOjE3NjExMjU5OTMsImp0aSI6InlvYkJNMVRLenlGWEFiMDciLCJzdWIiOiIwMWs4MmoweWU2ejN3MHJ3dnlzZGo0M2RhdiIsInBydiI6IjIzYmQ1Yzg5NDlmNjAwYWRiMzllNzAxYzQwMDg3MmRiN2E1OTc2ZjciLCJ1c2VyX2lkIjoiMDFrODJqMHllNnozdzByd3Z5c2RqNDNkYXYiLCJuYW1lIjoiTWF0ZXVzIFJvZHJpZ3VlcyBTYW50YW5hIiwiZW1haWwiOiJtdXZ1Y2FzYmFyc0BnbWFpbC5jb20iLCJwaG9uZSI6IjEzOTc0MTk4ODMwIiwiYmFsYW5jZSI6MTExMywiZG9jdW1lbnQiOiIyMzU5Nzk5ODg2MCJ9.3DluHCJDIJQVbD_i8Q0RnWFGxWSZSr9SkmZ0Em61dLg",
    "token_type": "bearer",
    "expires_in": 172800
  },
  "sessionCookies": "",
  "responseTime": 367
}
================================================================================

[2025-10-22T09:39:54.501Z] 噫 [r0zjh778g] REQUISIﾃﾃグ - lotogreen
{
  "requestId": "r0zjh778g",
  "timestamp": "2025-10-22T09:39:54.501Z",
  "siteName": "lotogreen",
  "integration": "lotogreen",
  "url": "https://lotogreen.bet.br/api/auth/me",
  "method": "get",
  "headers": {
    "User-Agent": "Mozilla/5.0 (Windows NT 10.0; Win64; x64) AppleWebKit/537.36 (KHTML, like Gecko) Chrome/141.0.0.0 Safari/537.36",
    "Authorization": "Bearer eyJ0eXAiOiJKV1QiLCJhbGciOiJIUzI1NiJ9.eyJpc3MiOiJodHRwczovL2JhY2tvZmZpY2UubG90b2dyZWVuLmNvbS9hcGkvYXV0aC9sb2dpbiIsImlhdCI6MTc2MTEyNTk5MywiZXhwIjoxNzYxMjk4NzkzLCJuYmYiOjE3NjExMjU5OTMsImp0aSI6InlvYkJNMVRLenlGWEFiMDciLCJzdWIiOiIwMWs4MmoweWU2ejN3MHJ3dnlzZGo0M2RhdiIsInBydiI6IjIzYmQ1Yzg5NDlmNjAwYWRiMzllNzAxYzQwMDg3MmRiN2E1OTc2ZjciLCJ1c2VyX2lkIjoiMDFrODJqMHllNnozdzByd3Z5c2RqNDNkYXYiLCJuYW1lIjoiTWF0ZXVzIFJvZHJpZ3VlcyBTYW50YW5hIiwiZW1haWwiOiJtdXZ1Y2FzYmFyc0BnbWFpbC5jb20iLCJwaG9uZSI6IjEzOTc0MTk4ODMwIiwiYmFsYW5jZSI6MTExMywiZG9jdW1lbnQiOiIyMzU5Nzk5ODg2MCJ9.3DluHCJDIJQVbD_i8Q0RnWFGxWSZSr9SkmZ0Em61dLg",
    "Content-Type": "application/json",
    "Accept": "application/json"
  },
  "sessionCookies": ""
}
================================================================================

[2025-10-22T09:39:54.719Z] 笨 [r0zjh778g] RESPOSTA - lotogreen
{
  "requestId": "r0zjh778g",
  "timestamp": "2025-10-22T09:39:54.719Z",
  "siteName": "lotogreen",
  "integration": "lotogreen",
  "status": 200,
  "statusText": "OK",
  "headers": {
    "date": "Wed, 22 Oct 2025 09:39:53 GMT",
    "content-type": "application/json",
    "transfer-encoding": "chunked",
    "connection": "keep-alive",
    "access-control-allow-origin": "*",
    "access-control-allow-methods": "PUT, GET, POST, DELETE, OPTIONS",
    "access-control-allow-headers": "DNT,X-CustomHeader,Keep-Alive,User-Agent,X-Requested-With,If-Modified-Since,Cache-Control,Content-Type,Authorization",
    "access-control-max-age": "1728000",
    "trailing-slash": "true",
    "alt-svc": "h3=\":443\"; ma=86400",
    "cache-control": "no-cache, private",
    "cf-cache-status": "DYNAMIC",
    "x-frame-options": "SAMEORIGIN",
    "nel": "{\"report_to\":\"cf-nel\",\"success_fraction\":0.0,\"max_age\":604800}",
    "report-to": "{\"group\":\"cf-nel\",\"max_age\":604800,\"endpoints\":[{\"url\":\"https://a.nel.cloudflare.com/report/v4?s=kj9%2FAjYLtRFdGwXPP2433dsaMSOjn5cGjeAYrJCDBQXj9WJxaZiRRTOG6cyqkEWgEjU%2BqY%2F6VSAMFl5yU%2FPcwdC4v4ic%2BzlRV0q9sWHAccEnBwrcTvg%3D\"}]}",
    "strict-transport-security": "max-age=31536000; includeSubDomains",
    "access-control-allow-credentials": "true",
    "server": "cloudflare",
    "cf-ray": "992807b458e00188-GRU"
  },
  "data": {
    "id": "01k82j0ye6z3w0rwvysdj43dav",
    "name": "Mateus Rodrigues Santana",
    "email": "muvucasbars@gmail.com",
    "phone": "13974198830",
    "birthday": "1995-09-27",
    "email_verified_at": null,
    "balance": 1113,
    "active": 1,
    "status": "Ativo",
    "ftd_paid": 1,
    "ftd_active": null,
    "created_at": "2025-10-21T04:56:45.000000Z",
    "updated_at": "2025-10-22T09:39:53.000000Z",
    "last_login_at": "2025-10-22 06:39:53",
    "last_real_login_at": "2025-10-22T09:39:51.000000Z",
    "gender": 1,
    "kyc_verification": 0,
    "referrer_id": null,
    "identity_verify": 0,
    "country": null,
    "is_suspended": false,
    "is_self_excluded": false,
    "address_verify": 0,
    "accepted_domain_migration": false,
    "pix_type": "CPF",
    "document": {
      "id": 4023396,
      "number": "23597998860",
      "user_id": "01k82j0ye6z3w0rwvysdj43dav",
      "created_at": "2025-10-21T04:56:45.000000Z",
      "updated_at": "2025-10-21T04:56:45.000000Z"
    },
    "address": {
      "id": 1431886,
      "user_id": "01k82j0ye6z3w0rwvysdj43dav",
      "street": "AV SAO FRANCISCO DE ASSIS, 3828 - CASA",
      "city": "PRAIA GRANDE",
      "state": "SP",
      "neighborhood": "-",
      "number": "0",
      "zip_code": "11724475",
      "created_at": "2025-10-21T04:56:48.000000Z",
      "updated_at": "2025-10-21T04:56:48.000000Z"
    },
    "commission": null,
    "deposit_rollover": {
      "id": 1095885,
      "user_id": "01k82j0ye6z3w0rwvysdj43dav",
      "total": 0,
      "amount": 200
    },
    "user_rollover": null,
    "settings": [
      {
        "user_id": "01k82j0ye6z3w0rwvysdj43dav",
        "name": "spent_daily",
        "value": 0,
        "type": "integer"
      },
      {
        "user_id": "01k82j0ye6z3w0rwvysdj43dav",
        "name": "spent_weekly",
        "value": 0,
        "type": "integer"
      },
      {
        "user_id": "01k82j0ye6z3w0rwvysdj43dav",
        "name": "spent_monthly",
        "value": 0,
        "type": "integer"
      },
      {
        "user_id": "01k82j0ye6z3w0rwvysdj43dav",
        "name": "spent_annually",
        "value": 0,
        "type": "integer"
      },
      {
        "user_id": "01k82j0ye6z3w0rwvysdj43dav",
        "name": "losses_daily",
        "value": 0,
        "type": "integer"
      },
      {
        "user_id": "01k82j0ye6z3w0rwvysdj43dav",
        "name": "losses_weekly",
        "value": 0,
        "type": "integer"
      },
      {
        "user_id": "01k82j0ye6z3w0rwvysdj43dav",
        "name": "losses_monthly",
        "value": 0,
        "type": "integer"
      },
      {
        "user_id": "01k82j0ye6z3w0rwvysdj43dav",
        "name": "losses_annually",
        "value": 0,
        "type": "integer"
      },
      {
        "user_id": "01k82j0ye6z3w0rwvysdj43dav",
        "name": "deposit_daily",
        "value": 0,
        "type": "integer"
      },
      {
        "user_id": "01k82j0ye6z3w0rwvysdj43dav",
        "name": "deposit_weekly",
        "value": 0,
        "type": "integer"
      },
      {
        "user_id": "01k82j0ye6z3w0rwvysdj43dav",
        "name": "deposit_monthly",
        "value": 0,
        "type": "integer"
      },
      {
        "user_id": "01k82j0ye6z3w0rwvysdj43dav",
        "name": "deposit_annually",
        "value": 0,
        "type": "integer"
      },
      {
        "user_id": "01k82j0ye6z3w0rwvysdj43dav",
        "name": "time_daily",
        "value": 0,
        "type": "integer"
      },
      {
        "user_id": "01k82j0ye6z3w0rwvysdj43dav",
        "name": "time_weekly",
        "value": 0,
        "type": "integer"
      },
      {
        "user_id": "01k82j0ye6z3w0rwvysdj43dav",
        "name": "time_monthly",
        "value": 0,
        "type": "integer"
      },
      {
        "user_id": "01k82j0ye6z3w0rwvysdj43dav",
        "name": "time_annually",
        "value": 0,
        "type": "integer"
      },
      {
        "user_id": "01k82j0ye6z3w0rwvysdj43dav",
        "name": "suspended",
        "value": 0,
        "type": "integer"
      },
      {
        "user_id": "01k82j0ye6z3w0rwvysdj43dav",
        "name": "excluded",
        "value": 0,
        "type": "integer"
      },
      {
        "user_id": "01k82j0ye6z3w0rwvysdj43dav",
        "name": "accepted_terms_at",
        "value": true,
        "type": "boolean"
      },
      {
        "user_id": "01k82j0ye6z3w0rwvysdj43dav",
        "name": "accept_domain_migration",
        "value": false,
        "type": "boolean"
      }
    ],
    "is_email_valid": true,
    "is_phone_valid": true
  },
  "sessionCookies": "",
  "responseTime": 218
}
================================================================================

[2025-10-22T09:40:26.952Z] 噫 [dkaqastas] REQUISIﾃﾃグ - lotogreen
{
  "requestId": "dkaqastas",
  "timestamp": "2025-10-22T09:40:26.952Z",
  "siteName": "lotogreen",
  "integration": "lotogreen",
  "url": "https://lotogreen.bet.br/api/auth/login",
  "method": "post",
  "headers": {
    "User-Agent": "Mozilla/5.0 (Windows NT 10.0; Win64; x64) AppleWebKit/537.36 (KHTML, like Gecko) Chrome/141.0.0.0 Safari/537.36",
    "Content-Type": "application/json",
    "Origin": "https://lotogreen.bet.br"
  },
  "body": {
    "email": "muvucasbars@gmail.com",
    "password": "Mts.19950927",
    "login": "muvucasbars@gmail.com",
    "app_source": "web"
  },
  "sessionCookies": "",
  "withCredentials": true,
  "maxBodyLength": null
}
================================================================================

[2025-10-22T09:40:27.300Z] 笨 [dkaqastas] RESPOSTA - lotogreen
{
  "requestId": "dkaqastas",
  "timestamp": "2025-10-22T09:40:27.300Z",
  "siteName": "lotogreen",
  "integration": "lotogreen",
  "status": 200,
  "statusText": "OK",
  "headers": {
    "date": "Wed, 22 Oct 2025 09:40:26 GMT",
    "content-type": "application/json",
    "transfer-encoding": "chunked",
    "connection": "keep-alive",
    "access-control-allow-origin": "*",
    "access-control-allow-methods": "PUT, GET, POST, DELETE, OPTIONS",
    "access-control-allow-headers": "DNT,X-CustomHeader,Keep-Alive,User-Agent,X-Requested-With,If-Modified-Since,Cache-Control,Content-Type,Authorization",
    "access-control-max-age": "1728000",
    "trailing-slash": "true",
    "alt-svc": "h3=\":443\"; ma=86400",
    "cache-control": "no-cache, private",
    "cf-cache-status": "DYNAMIC",
    "x-frame-options": "SAMEORIGIN",
    "nel": "{\"report_to\":\"cf-nel\",\"success_fraction\":0.0,\"max_age\":604800}",
    "report-to": "{\"group\":\"cf-nel\",\"max_age\":604800,\"endpoints\":[{\"url\":\"https://a.nel.cloudflare.com/report/v4?s=VAbffBd%2BkG%2Bu%2FHDI7L9AI5KdNlJ1REYe%2BdBZ0ZYqL1ZOW87kR%2BL4c9LeYI6SeKUt9lHV1EjGa1NzaKSsrMLzZ%2F74l6czbAcqSQKbX7R0%2FO%2Fhb%2FzdzDM%3D\"}]}",
    "strict-transport-security": "max-age=31536000; includeSubDomains",
    "access-control-allow-credentials": "true",
    "server": "cloudflare",
    "cf-ray": "9928087e7f33a4b6-GRU"
  },
  "data": {
    "access_token": "eyJ0eXAiOiJKV1QiLCJhbGciOiJIUzI1NiJ9.eyJpc3MiOiJodHRwczovL2JhY2tvZmZpY2UubG90b2dyZWVuLmNvbS9hcGkvYXV0aC9sb2dpbiIsImlhdCI6MTc2MTEyNjAyNiwiZXhwIjoxNzYxMjk4ODI2LCJuYmYiOjE3NjExMjYwMjYsImp0aSI6ImdEcVMyeExTOTdZUThpNmUiLCJzdWIiOiIwMWs4MmoweWU2ejN3MHJ3dnlzZGo0M2RhdiIsInBydiI6IjIzYmQ1Yzg5NDlmNjAwYWRiMzllNzAxYzQwMDg3MmRiN2E1OTc2ZjciLCJ1c2VyX2lkIjoiMDFrODJqMHllNnozdzByd3Z5c2RqNDNkYXYiLCJuYW1lIjoiTWF0ZXVzIFJvZHJpZ3VlcyBTYW50YW5hIiwiZW1haWwiOiJtdXZ1Y2FzYmFyc0BnbWFpbC5jb20iLCJwaG9uZSI6IjEzOTc0MTk4ODMwIiwiYmFsYW5jZSI6MTExMywiZG9jdW1lbnQiOiIyMzU5Nzk5ODg2MCJ9.U2x8els4ozJofikPgY9crL2kfTsw02QSPFiPbUSEjtw",
    "token_type": "bearer",
    "expires_in": 172800
  },
  "sessionCookies": "",
  "responseTime": 348
}
================================================================================

[2025-10-22T09:40:27.300Z] 噫 [qym62cpev] REQUISIﾃﾃグ - lotogreen
{
  "requestId": "qym62cpev",
  "timestamp": "2025-10-22T09:40:27.300Z",
  "siteName": "lotogreen",
  "integration": "lotogreen",
  "url": "https://lotogreen.bet.br/api/generate-token",
  "method": "get",
  "headers": {
    "User-Agent": "Mozilla/5.0 (Windows NT 10.0; Win64; x64) AppleWebKit/537.36 (KHTML, like Gecko) Chrome/141.0.0.0 Safari/537.36",
    "Authorization": "Bearer eyJ0eXAiOiJKV1QiLCJhbGciOiJIUzI1NiJ9.eyJpc3MiOiJodHRwczovL2JhY2tvZmZpY2UubG90b2dyZWVuLmNvbS9hcGkvYXV0aC9sb2dpbiIsImlhdCI6MTc2MTEyNjAyNiwiZXhwIjoxNzYxMjk4ODI2LCJuYmYiOjE3NjExMjYwMjYsImp0aSI6ImdEcVMyeExTOTdZUThpNmUiLCJzdWIiOiIwMWs4MmoweWU2ejN3MHJ3dnlzZGo0M2RhdiIsInBydiI6IjIzYmQ1Yzg5NDlmNjAwYWRiMzllNzAxYzQwMDg3MmRiN2E1OTc2ZjciLCJ1c2VyX2lkIjoiMDFrODJqMHllNnozdzByd3Z5c2RqNDNkYXYiLCJuYW1lIjoiTWF0ZXVzIFJvZHJpZ3VlcyBTYW50YW5hIiwiZW1haWwiOiJtdXZ1Y2FzYmFyc0BnbWFpbC5jb20iLCJwaG9uZSI6IjEzOTc0MTk4ODMwIiwiYmFsYW5jZSI6MTExMywiZG9jdW1lbnQiOiIyMzU5Nzk5ODg2MCJ9.U2x8els4ozJofikPgY9crL2kfTsw02QSPFiPbUSEjtw",
    "Content-Type": "application/json",
    "Accept": "application/json"
  },
  "body": {
    "user_id": "",
    "token": "eyJ0eXAiOiJKV1QiLCJhbGciOiJIUzI1NiJ9.eyJpc3MiOiJodHRwczovL2JhY2tvZmZpY2UubG90b2dyZWVuLmNvbS9hcGkvYXV0aC9sb2dpbiIsImlhdCI6MTc2MTEyNjAyNiwiZXhwIjoxNzYxMjk4ODI2LCJuYmYiOjE3NjExMjYwMjYsImp0aSI6ImdEcVMyeExTOTdZUThpNmUiLCJzdWIiOiIwMWs4MmoweWU2ejN3MHJ3dnlzZGo0M2RhdiIsInBydiI6IjIzYmQ1Yzg5NDlmNjAwYWRiMzllNzAxYzQwMDg3MmRiN2E1OTc2ZjciLCJ1c2VyX2lkIjoiMDFrODJqMHllNnozdzByd3Z5c2RqNDNkYXYiLCJuYW1lIjoiTWF0ZXVzIFJvZHJpZ3VlcyBTYW50YW5hIiwiZW1haWwiOiJtdXZ1Y2FzYmFyc0BnbWFpbC5jb20iLCJwaG9uZSI6IjEzOTc0MTk4ODMwIiwiYmFsYW5jZSI6MTExMywiZG9jdW1lbnQiOiIyMzU5Nzk5ODg2MCJ9.U2x8els4ozJofikPgY9crL2kfTsw02QSPFiPbUSEjtw",
    "expires_at": "2025-10-22T10:40:27.300Z"
  },
  "sessionCookies": ""
}
================================================================================

[2025-10-22T09:40:27.493Z] 笨 [qym62cpev] RESPOSTA - lotogreen
{
  "requestId": "qym62cpev",
  "timestamp": "2025-10-22T09:40:27.493Z",
  "siteName": "lotogreen",
  "integration": "lotogreen",
  "status": 200,
  "statusText": "OK",
  "headers": {
    "date": "Wed, 22 Oct 2025 09:40:26 GMT",
    "content-type": "application/json",
    "transfer-encoding": "chunked",
    "connection": "keep-alive",
    "access-control-allow-origin": "*",
    "access-control-allow-methods": "PUT, GET, POST, DELETE, OPTIONS",
    "access-control-allow-headers": "DNT,X-CustomHeader,Keep-Alive,User-Agent,X-Requested-With,If-Modified-Since,Cache-Control,Content-Type,Authorization",
    "access-control-max-age": "1728000",
    "trailing-slash": "true",
    "alt-svc": "h3=\":443\"; ma=86400",
    "cache-control": "no-cache, private",
    "cf-cache-status": "DYNAMIC",
    "x-frame-options": "SAMEORIGIN",
    "nel": "{\"report_to\":\"cf-nel\",\"success_fraction\":0.0,\"max_age\":604800}",
    "report-to": "{\"group\":\"cf-nel\",\"max_age\":604800,\"endpoints\":[{\"url\":\"https://a.nel.cloudflare.com/report/v4?s=U2o%2FAjfrlOXtPAhZRLyzjC4m5VO5ZeOBhkUNmpIgn7ESElFhuchB0RPNIpPPmI7r6SVHqRRUcItGv1DyUwqQoW3vR4yjQoYmHyHcT5T%2BtpWSPZlMemA%3D\"}]}",
    "strict-transport-security": "max-age=31536000; includeSubDomains",
    "access-control-allow-credentials": "true",
    "server": "cloudflare",
    "cf-ray": "992808808f90a4b6-GRU"
  },
  "data": {
    "user_id": "01k82j0ye6z3w0rwvysdj43dav",
    "token": "_loto_pjmdjrooBfBzaZCZ",
    "expires_at": "2025-10-22T10:40:26.425918Z"
  },
  "sessionCookies": "",
  "responseTime": 193
}
================================================================================

[2025-10-22T09:40:27.493Z] 噫 [pzrlyw756] REQUISIﾃﾃグ - lotogreen
{
  "requestId": "pzrlyw756",
  "timestamp": "2025-10-22T09:40:27.493Z",
  "siteName": "lotogreen",
  "integration": "lotogreen",
  "url": "https://sb2auth-altenar2.biahosted.com/api/WidgetAuth/SignIn",
  "method": "post",
  "headers": {
    "User-Agent": "Mozilla/5.0 (Windows NT 10.0; Win64; x64) AppleWebKit/537.36 (KHTML, like Gecko) Chrome/141.0.0.0 Safari/537.36",
    "Content-Type": "application/json",
    "Accept": "application/json"
  },
  "body": {
    "culture": "pt-BR",
    "timezoneOffset": 180,
    "integration": "lotogreen",
    "deviceType": 1,
    "numFormat": "en-GB",
    "countryCode": "BR",
    "token": "_loto_pjmdjrooBfBzaZCZ"
  },
  "sessionCookies": ""
}
================================================================================

[2025-10-22T09:40:28.061Z] 笨 [pzrlyw756] RESPOSTA - lotogreen
{
  "requestId": "pzrlyw756",
  "timestamp": "2025-10-22T09:40:28.061Z",
  "siteName": "lotogreen",
  "integration": "lotogreen",
  "status": 200,
  "statusText": "OK",
  "headers": {
    "server": "nginx",
    "date": "Wed, 22 Oct 2025 09:40:26 GMT",
    "content-type": "application/json; charset=utf-8",
    "content-length": "739",
    "access-control-allow-origin": "*",
    "strict-transport-security": "max-age=15552000",
    "via": "1.1 google",
    "alt-svc": "h3=\":443\"; ma=2592000,h3-29=\":443\"; ma=2592000"
  },
  "data": {
    "accessToken": "eyJhbGciOiJIUzI1NiIsInR5cCI6IkpXVCJ9.eyJDb25maWd1cmF0aW9uSWQiOiIxMiIsIlBlcnNvblR5cGUiOiIzIiwiUGVyc29uSWQiOiI2NzUwMjk5NyIsIlVzZXJOYW1lIjoiTWF0ZXVzIFJvZHJpZ3VlcyBTYW50YW5hIiwiTG9naW5JZCI6Ijc1NTE4MjAyIiwiQ3VycmVuY3lTaWduIjoiUiQiLCJNaW5Cb251c1ByaWNlIjoiMS4yNSIsIkJvbnVzVGVtcGxhdGVJZCI6IjM2MyIsIkN1cnJlbmN5SWQiOiI5ODYiLCJDdXJyZW5jeUNvZGUiOiJCUkwiLCJDb3VudHJ5Q29kZSI6IkJSIiwiQnJhbmRJZCI6Ijc3MCIsIkNsaWVudElQIjoiMTc5LjEyNS4yMTEuMTM5IiwiZXhwIjoxNzYxMTI2OTI2LCJpc3MiOiJTQjIiLCJhdWQiOiJTQjIifQ.vo-H46SFKOJ6mEwSec2ju1covoOFV6j-PPpXlEKy6s8",
    "currency": "BRL",
    "isUserLocked": false,
    "isAgency": false,
    "currencySign": "R$",
    "currencyId": 986,
    "currencyDisplay": 0,
    "encryptedPlayerId": "53IX2njrpncpHT7Egr/3gA==",
    "regDate": "2025-10-21T05:06:26.45"
  },
  "sessionCookies": "",
  "responseTime": 568
}
================================================================================

[2025-10-22T09:40:28.228Z] 噫 [6wstnwwiv] REQUISIﾃﾃグ - lotogreen
{
  "requestId": "6wstnwwiv",
  "timestamp": "2025-10-22T09:40:28.228Z",
  "siteName": "lotogreen",
  "integration": "lotogreen",
  "url": "https://sb2betgateway-altenar2.biahosted.com/api/widget/placeWidget",
  "method": "post",
  "headers": {
    "User-Agent": "Mozilla/5.0 (Windows NT 10.0; Win64; x64) AppleWebKit/537.36 (KHTML, like Gecko) Chrome/141.0.0.0 Safari/537.36",
    "Authorization": "Bearer eyJhbGciOiJIUzI1NiIsInR5cCI6IkpXVCJ9.eyJDb25maWd1cmF0aW9uSWQiOiIxMiIsIlBlcnNvblR5cGUiOiIzIiwiUGVyc29uSWQiOiI2NzUwMjk5NyIsIlVzZXJOYW1lIjoiTWF0ZXVzIFJvZHJpZ3VlcyBTYW50YW5hIiwiTG9naW5JZCI6Ijc1NTE4MjAyIiwiQ3VycmVuY3lTaWduIjoiUiQiLCJNaW5Cb251c1ByaWNlIjoiMS4yNSIsIkJvbnVzVGVtcGxhdGVJZCI6IjM2MyIsIkN1cnJlbmN5SWQiOiI5ODYiLCJDdXJyZW5jeUNvZGUiOiJCUkwiLCJDb3VudHJ5Q29kZSI6IkJSIiwiQnJhbmRJZCI6Ijc3MCIsIkNsaWVudElQIjoiMTc5LjEyNS4yMTEuMTM5IiwiZXhwIjoxNzYxMTI2OTI2LCJpc3MiOiJTQjIiLCJhdWQiOiJTQjIifQ.vo-H46SFKOJ6mEwSec2ju1covoOFV6j-PPpXlEKy6s8",
    "Content-Type": "application/json",
    "Accept": "application/json"
  },
  "body": {
    "culture": "pt-BR",
    "timezoneOffset": 180,
    "integration": "lotogreen",
    "deviceType": 1,
    "numFormat": "en-GB",
    "countryCode": "BR",
    "betType": 0,
    "isAutoCharge": false,
    "stakes": [
      100
    ],
    "oddsChangeAction": 1,
    "betMarkets": [
      {
        "id": 14052559,
        "isBanker": false,
        "dbId": 10,
        "sportName": "Futebol",
        "rC": false,
        "eventName": "Chelsea vs. AFC Ajax\t\t",
        "catName": "Europa",
        "champName": "Liga dos Campeﾃｵes",
        "sportTypeId": 1,
        "odds": [
          {
            "id": 2933359098,
            "marketId": 1197160088,
            "price": 1.2728,
            "marketName": "Vencedor do encontro",
            "marketTypeId": 1,
            "mostBalanced": false,
            "selectionTypeId": 1,
            "selectionName": "Chelsea",
            "widgetInfo": {
              "widget": 12,
              "page": 3,
              "tabIndex": 3
            }
          }
        ]
      }
    ],
    "eachWays": [
      false
    ],
    "requestId": "VFdHwkvw0EBhfey8MbnKJ7",
    "confirmedByClient": false,
    "device": 0
  },
  "sessionCookies": ""
}
================================================================================

[2025-10-22T09:40:29.007Z] 笨 [6wstnwwiv] RESPOSTA - lotogreen
{
  "requestId": "6wstnwwiv",
  "timestamp": "2025-10-22T09:40:29.007Z",
  "siteName": "lotogreen",
  "integration": "lotogreen",
  "status": 200,
  "statusText": "OK",
  "headers": {
    "server": "nginx",
    "date": "Wed, 22 Oct 2025 09:40:27 GMT",
    "content-type": "application/json; charset=utf-8",
    "content-length": "26",
    "access-control-allow-origin": "*",
    "strict-transport-security": "max-age=15552000",
    "via": "1.1 google",
    "alt-svc": "h3=\":443\"; ma=2592000,h3-29=\":443\"; ma=2592000"
  },
  "data": {
    "error": {
      "errorType": 15
    }
  },
  "sessionCookies": "",
  "responseTime": 779
}
================================================================================

[2025-10-22T09:40:29.349Z] 噫 [i6xj0xvrp] REQUISIﾃﾃグ - lotogreen
{
  "requestId": "i6xj0xvrp",
  "timestamp": "2025-10-22T09:40:29.349Z",
  "siteName": "lotogreen",
  "integration": "lotogreen",
  "url": "https://lotogreen.bet.br/api/auth/login",
  "method": "post",
  "headers": {
    "User-Agent": "Mozilla/5.0 (Windows NT 10.0; Win64; x64) AppleWebKit/537.36 (KHTML, like Gecko) Chrome/141.0.0.0 Safari/537.36",
    "Content-Type": "application/json",
    "Origin": "https://lotogreen.bet.br"
  },
  "body": {
    "email": "muvucasbars@gmail.com",
    "password": "Mts.19950927",
    "login": "muvucasbars@gmail.com",
    "app_source": "web"
  },
  "sessionCookies": "",
  "withCredentials": true,
  "maxBodyLength": null
}
================================================================================

[2025-10-22T09:40:29.724Z] 笨 [i6xj0xvrp] RESPOSTA - lotogreen
{
  "requestId": "i6xj0xvrp",
  "timestamp": "2025-10-22T09:40:29.723Z",
  "siteName": "lotogreen",
  "integration": "lotogreen",
  "status": 200,
  "statusText": "OK",
  "headers": {
    "date": "Wed, 22 Oct 2025 09:40:28 GMT",
    "content-type": "application/json",
    "transfer-encoding": "chunked",
    "connection": "keep-alive",
    "access-control-allow-origin": "*",
    "access-control-allow-methods": "PUT, GET, POST, DELETE, OPTIONS",
    "access-control-allow-headers": "DNT,X-CustomHeader,Keep-Alive,User-Agent,X-Requested-With,If-Modified-Since,Cache-Control,Content-Type,Authorization",
    "access-control-max-age": "1728000",
    "trailing-slash": "true",
    "alt-svc": "h3=\":443\"; ma=86400",
    "cache-control": "no-cache, private",
    "cf-cache-status": "DYNAMIC",
    "x-frame-options": "SAMEORIGIN",
    "nel": "{\"report_to\":\"cf-nel\",\"success_fraction\":0.0,\"max_age\":604800}",
    "report-to": "{\"group\":\"cf-nel\",\"max_age\":604800,\"endpoints\":[{\"url\":\"https://a.nel.cloudflare.com/report/v4?s=upvs92bouu8pFzMws5YG9vNFw9dcbkXQPHei2l33Gakjv6%2BJw%2Ff1c0Zxte%2BQqGNpaABgjWyuLB%2BqlU5CT4gnduOtt18cYysNYbZo1jpik%2FFsXwOkX2Q%3D\"}]}",
    "strict-transport-security": "max-age=31536000; includeSubDomains",
    "access-control-allow-credentials": "true",
    "server": "cloudflare",
    "cf-ray": "9928088caaa4a4b6-GRU"
  },
  "data": {
    "access_token": "eyJ0eXAiOiJKV1QiLCJhbGciOiJIUzI1NiJ9.eyJpc3MiOiJodHRwczovL2JhY2tvZmZpY2UubG90b2dyZWVuLmNvbS9hcGkvYXV0aC9sb2dpbiIsImlhdCI6MTc2MTEyNjAyOCwiZXhwIjoxNzYxMjk4ODI4LCJuYmYiOjE3NjExMjYwMjgsImp0aSI6IkhaWlY1ZmZGY24wTWltenAiLCJzdWIiOiIwMWs4MmoweWU2ejN3MHJ3dnlzZGo0M2RhdiIsInBydiI6IjIzYmQ1Yzg5NDlmNjAwYWRiMzllNzAxYzQwMDg3MmRiN2E1OTc2ZjciLCJ1c2VyX2lkIjoiMDFrODJqMHllNnozdzByd3Z5c2RqNDNkYXYiLCJuYW1lIjoiTWF0ZXVzIFJvZHJpZ3VlcyBTYW50YW5hIiwiZW1haWwiOiJtdXZ1Y2FzYmFyc0BnbWFpbC5jb20iLCJwaG9uZSI6IjEzOTc0MTk4ODMwIiwiYmFsYW5jZSI6MTExMywiZG9jdW1lbnQiOiIyMzU5Nzk5ODg2MCJ9.yku9KmaCYzz_ZMQbtVmAdKL-ALHlHfqOnv1zPgFtZ48",
    "token_type": "bearer",
    "expires_in": 172800
  },
  "sessionCookies": "",
  "responseTime": 374
}
================================================================================

[2025-10-22T09:40:29.724Z] 噫 [nhhxtjorw] REQUISIﾃﾃグ - lotogreen
{
  "requestId": "nhhxtjorw",
  "timestamp": "2025-10-22T09:40:29.724Z",
  "siteName": "lotogreen",
  "integration": "lotogreen",
  "url": "https://lotogreen.bet.br/api/auth/me",
  "method": "get",
  "headers": {
    "User-Agent": "Mozilla/5.0 (Windows NT 10.0; Win64; x64) AppleWebKit/537.36 (KHTML, like Gecko) Chrome/141.0.0.0 Safari/537.36",
    "Authorization": "Bearer eyJ0eXAiOiJKV1QiLCJhbGciOiJIUzI1NiJ9.eyJpc3MiOiJodHRwczovL2JhY2tvZmZpY2UubG90b2dyZWVuLmNvbS9hcGkvYXV0aC9sb2dpbiIsImlhdCI6MTc2MTEyNjAyOCwiZXhwIjoxNzYxMjk4ODI4LCJuYmYiOjE3NjExMjYwMjgsImp0aSI6IkhaWlY1ZmZGY24wTWltenAiLCJzdWIiOiIwMWs4MmoweWU2ejN3MHJ3dnlzZGo0M2RhdiIsInBydiI6IjIzYmQ1Yzg5NDlmNjAwYWRiMzllNzAxYzQwMDg3MmRiN2E1OTc2ZjciLCJ1c2VyX2lkIjoiMDFrODJqMHllNnozdzByd3Z5c2RqNDNkYXYiLCJuYW1lIjoiTWF0ZXVzIFJvZHJpZ3VlcyBTYW50YW5hIiwiZW1haWwiOiJtdXZ1Y2FzYmFyc0BnbWFpbC5jb20iLCJwaG9uZSI6IjEzOTc0MTk4ODMwIiwiYmFsYW5jZSI6MTExMywiZG9jdW1lbnQiOiIyMzU5Nzk5ODg2MCJ9.yku9KmaCYzz_ZMQbtVmAdKL-ALHlHfqOnv1zPgFtZ48",
    "Content-Type": "application/json",
    "Accept": "application/json"
  },
  "sessionCookies": ""
}
================================================================================

[2025-10-22T09:40:29.936Z] 笨 [nhhxtjorw] RESPOSTA - lotogreen
{
  "requestId": "nhhxtjorw",
  "timestamp": "2025-10-22T09:40:29.936Z",
  "siteName": "lotogreen",
  "integration": "lotogreen",
  "status": 200,
  "statusText": "OK",
  "headers": {
    "date": "Wed, 22 Oct 2025 09:40:28 GMT",
    "content-type": "application/json",
    "transfer-encoding": "chunked",
    "connection": "keep-alive",
    "access-control-allow-origin": "*",
    "access-control-allow-methods": "PUT, GET, POST, DELETE, OPTIONS",
    "access-control-allow-headers": "DNT,X-CustomHeader,Keep-Alive,User-Agent,X-Requested-With,If-Modified-Since,Cache-Control,Content-Type,Authorization",
    "access-control-max-age": "1728000",
    "trailing-slash": "true",
    "alt-svc": "h3=\":443\"; ma=86400",
    "cache-control": "no-cache, private",
    "cf-cache-status": "DYNAMIC",
    "x-frame-options": "SAMEORIGIN",
    "nel": "{\"report_to\":\"cf-nel\",\"success_fraction\":0.0,\"max_age\":604800}",
    "report-to": "{\"group\":\"cf-nel\",\"max_age\":604800,\"endpoints\":[{\"url\":\"https://a.nel.cloudflare.com/report/v4?s=uPSWNKC3%2BQrznfbVZVkqiI8LNpfZJTHwyqqx4JdUcVq%2BRn1vZ6wGmWLDXDuNVsnOH3vzNnT4xwK4%2F60yWIsHfOADqkuNY4Y7p1K5B7ETc7TMy331wQk%3D\"}]}",
    "strict-transport-security": "max-age=31536000; includeSubDomains",
    "access-control-allow-credentials": "true",
    "server": "cloudflare",
    "cf-ray": "9928088edb25a4b6-GRU"
  },
  "data": {
    "id": "01k82j0ye6z3w0rwvysdj43dav",
    "name": "Mateus Rodrigues Santana",
    "email": "muvucasbars@gmail.com",
    "phone": "13974198830",
    "birthday": "1995-09-27",
    "email_verified_at": null,
    "balance": 1113,
    "active": 1,
    "status": "Ativo",
    "ftd_paid": 1,
    "ftd_active": null,
    "created_at": "2025-10-21T04:56:45.000000Z",
    "updated_at": "2025-10-22T09:40:28.000000Z",
    "last_login_at": "2025-10-22 06:40:28",
    "last_real_login_at": "2025-10-22T09:40:26.000000Z",
    "gender": 1,
    "kyc_verification": 0,
    "referrer_id": null,
    "identity_verify": 0,
    "country": null,
    "is_suspended": false,
    "is_self_excluded": false,
    "address_verify": 0,
    "accepted_domain_migration": false,
    "pix_type": "CPF",
    "document": {
      "id": 4023396,
      "number": "23597998860",
      "user_id": "01k82j0ye6z3w0rwvysdj43dav",
      "created_at": "2025-10-21T04:56:45.000000Z",
      "updated_at": "2025-10-21T04:56:45.000000Z"
    },
    "address": {
      "id": 1431886,
      "user_id": "01k82j0ye6z3w0rwvysdj43dav",
      "street": "AV SAO FRANCISCO DE ASSIS, 3828 - CASA",
      "city": "PRAIA GRANDE",
      "state": "SP",
      "neighborhood": "-",
      "number": "0",
      "zip_code": "11724475",
      "created_at": "2025-10-21T04:56:48.000000Z",
      "updated_at": "2025-10-21T04:56:48.000000Z"
    },
    "commission": null,
    "deposit_rollover": {
      "id": 1095885,
      "user_id": "01k82j0ye6z3w0rwvysdj43dav",
      "total": 0,
      "amount": 200
    },
    "user_rollover": null,
    "settings": [
      {
        "user_id": "01k82j0ye6z3w0rwvysdj43dav",
        "name": "spent_daily",
        "value": 0,
        "type": "integer"
      },
      {
        "user_id": "01k82j0ye6z3w0rwvysdj43dav",
        "name": "spent_weekly",
        "value": 0,
        "type": "integer"
      },
      {
        "user_id": "01k82j0ye6z3w0rwvysdj43dav",
        "name": "spent_monthly",
        "value": 0,
        "type": "integer"
      },
      {
        "user_id": "01k82j0ye6z3w0rwvysdj43dav",
        "name": "spent_annually",
        "value": 0,
        "type": "integer"
      },
      {
        "user_id": "01k82j0ye6z3w0rwvysdj43dav",
        "name": "losses_daily",
        "value": 0,
        "type": "integer"
      },
      {
        "user_id": "01k82j0ye6z3w0rwvysdj43dav",
        "name": "losses_weekly",
        "value": 0,
        "type": "integer"
      },
      {
        "user_id": "01k82j0ye6z3w0rwvysdj43dav",
        "name": "losses_monthly",
        "value": 0,
        "type": "integer"
      },
      {
        "user_id": "01k82j0ye6z3w0rwvysdj43dav",
        "name": "losses_annually",
        "value": 0,
        "type": "integer"
      },
      {
        "user_id": "01k82j0ye6z3w0rwvysdj43dav",
        "name": "deposit_daily",
        "value": 0,
        "type": "integer"
      },
      {
        "user_id": "01k82j0ye6z3w0rwvysdj43dav",
        "name": "deposit_weekly",
        "value": 0,
        "type": "integer"
      },
      {
        "user_id": "01k82j0ye6z3w0rwvysdj43dav",
        "name": "deposit_monthly",
        "value": 0,
        "type": "integer"
      },
      {
        "user_id": "01k82j0ye6z3w0rwvysdj43dav",
        "name": "deposit_annually",
        "value": 0,
        "type": "integer"
      },
      {
        "user_id": "01k82j0ye6z3w0rwvysdj43dav",
        "name": "time_daily",
        "value": 0,
        "type": "integer"
      },
      {
        "user_id": "01k82j0ye6z3w0rwvysdj43dav",
        "name": "time_weekly",
        "value": 0,
        "type": "integer"
      },
      {
        "user_id": "01k82j0ye6z3w0rwvysdj43dav",
        "name": "time_monthly",
        "value": 0,
        "type": "integer"
      },
      {
        "user_id": "01k82j0ye6z3w0rwvysdj43dav",
        "name": "time_annually",
        "value": 0,
        "type": "integer"
      },
      {
        "user_id": "01k82j0ye6z3w0rwvysdj43dav",
        "name": "suspended",
        "value": 0,
        "type": "integer"
      },
      {
        "user_id": "01k82j0ye6z3w0rwvysdj43dav",
        "name": "excluded",
        "value": 0,
        "type": "integer"
      },
      {
        "user_id": "01k82j0ye6z3w0rwvysdj43dav",
        "name": "accepted_terms_at",
        "value": true,
        "type": "boolean"
      },
      {
        "user_id": "01k82j0ye6z3w0rwvysdj43dav",
        "name": "accept_domain_migration",
        "value": false,
        "type": "boolean"
      }
    ],
    "is_email_valid": true,
    "is_phone_valid": true
  },
  "sessionCookies": "",
  "responseTime": 212
}
================================================================================

[2025-10-22T09:50:20.561Z] 噫 [cgffg9o27] REQUISIﾃﾃグ - lotogreen
{
  "requestId": "cgffg9o27",
  "timestamp": "2025-10-22T09:50:20.561Z",
  "siteName": "lotogreen",
  "integration": "lotogreen",
  "url": "https://lotogreen.bet.br/api/auth/login",
  "method": "post",
  "headers": {
    "User-Agent": "Mozilla/5.0 (Windows NT 10.0; Win64; x64) AppleWebKit/537.36 (KHTML, like Gecko) Chrome/141.0.0.0 Safari/537.36",
    "Content-Type": "application/json",
    "Origin": "https://lotogreen.bet.br"
  },
  "body": {
    "email": "muvucasbars@gmail.com",
    "password": "Mts.19950927",
    "login": "muvucasbars@gmail.com",
    "app_source": "web"
  },
  "sessionCookies": "",
  "withCredentials": true,
  "maxBodyLength": null
}
================================================================================

[2025-10-22T09:50:20.934Z] 笨 [cgffg9o27] RESPOSTA - lotogreen
{
  "requestId": "cgffg9o27",
  "timestamp": "2025-10-22T09:50:20.934Z",
  "siteName": "lotogreen",
  "integration": "lotogreen",
  "status": 200,
  "statusText": "OK",
  "headers": {
    "date": "Wed, 22 Oct 2025 09:50:20 GMT",
    "content-type": "application/json",
    "transfer-encoding": "chunked",
    "connection": "keep-alive",
    "access-control-allow-origin": "*",
    "access-control-allow-methods": "PUT, GET, POST, DELETE, OPTIONS",
    "access-control-allow-headers": "DNT,X-CustomHeader,Keep-Alive,User-Agent,X-Requested-With,If-Modified-Since,Cache-Control,Content-Type,Authorization",
    "access-control-max-age": "1728000",
    "trailing-slash": "true",
    "alt-svc": "h3=\":443\"; ma=86400",
    "cache-control": "no-cache, private",
    "cf-cache-status": "DYNAMIC",
    "x-frame-options": "SAMEORIGIN",
    "nel": "{\"report_to\":\"cf-nel\",\"success_fraction\":0.0,\"max_age\":604800}",
    "report-to": "{\"group\":\"cf-nel\",\"max_age\":604800,\"endpoints\":[{\"url\":\"https://a.nel.cloudflare.com/report/v4?s=6LZhLGfmJlbZBjqCoEq7KUdxr01T5sjRoLiVCP5KAArL0ZPUwn6%2FmE6%2FlmrEYt3aU7ZH2asLVDygx%2BSUQ16yRrYxWSZfzLM9eWDSGdu0cBpiGXEl9t4%3D\"}]}",
    "strict-transport-security": "max-age=31536000; includeSubDomains",
    "access-control-allow-credentials": "true",
    "server": "cloudflare",
    "cf-ray": "992817020f2000fd-GRU"
  },
  "data": {
    "access_token": "eyJ0eXAiOiJKV1QiLCJhbGciOiJIUzI1NiJ9.eyJpc3MiOiJodHRwczovL2JhY2tvZmZpY2UubG90b2dyZWVuLmNvbS9hcGkvYXV0aC9sb2dpbiIsImlhdCI6MTc2MTEyNjYyMCwiZXhwIjoxNzYxMjk5NDIwLCJuYmYiOjE3NjExMjY2MjAsImp0aSI6Im11cFdld3dvM0lLbDJhSnoiLCJzdWIiOiIwMWs4MmoweWU2ejN3MHJ3dnlzZGo0M2RhdiIsInBydiI6IjIzYmQ1Yzg5NDlmNjAwYWRiMzllNzAxYzQwMDg3MmRiN2E1OTc2ZjciLCJ1c2VyX2lkIjoiMDFrODJqMHllNnozdzByd3Z5c2RqNDNkYXYiLCJuYW1lIjoiTWF0ZXVzIFJvZHJpZ3VlcyBTYW50YW5hIiwiZW1haWwiOiJtdXZ1Y2FzYmFyc0BnbWFpbC5jb20iLCJwaG9uZSI6IjEzOTc0MTk4ODMwIiwiYmFsYW5jZSI6MTExMywiZG9jdW1lbnQiOiIyMzU5Nzk5ODg2MCJ9.-XWUjkjrVTi21XUFGN1Rn5h7lcrHZdhxjvHBU9jCuGE",
    "token_type": "bearer",
    "expires_in": 172800
  },
  "sessionCookies": "",
  "responseTime": 373
}
================================================================================

[2025-10-22T09:50:20.935Z] 噫 [ac5oj6pmm] REQUISIﾃﾃグ - lotogreen
{
  "requestId": "ac5oj6pmm",
  "timestamp": "2025-10-22T09:50:20.935Z",
  "siteName": "lotogreen",
  "integration": "lotogreen",
  "url": "https://lotogreen.bet.br/api/generate-token",
  "method": "get",
  "headers": {
    "User-Agent": "Mozilla/5.0 (Windows NT 10.0; Win64; x64) AppleWebKit/537.36 (KHTML, like Gecko) Chrome/141.0.0.0 Safari/537.36",
    "Authorization": "Bearer eyJ0eXAiOiJKV1QiLCJhbGciOiJIUzI1NiJ9.eyJpc3MiOiJodHRwczovL2JhY2tvZmZpY2UubG90b2dyZWVuLmNvbS9hcGkvYXV0aC9sb2dpbiIsImlhdCI6MTc2MTEyNjYyMCwiZXhwIjoxNzYxMjk5NDIwLCJuYmYiOjE3NjExMjY2MjAsImp0aSI6Im11cFdld3dvM0lLbDJhSnoiLCJzdWIiOiIwMWs4MmoweWU2ejN3MHJ3dnlzZGo0M2RhdiIsInBydiI6IjIzYmQ1Yzg5NDlmNjAwYWRiMzllNzAxYzQwMDg3MmRiN2E1OTc2ZjciLCJ1c2VyX2lkIjoiMDFrODJqMHllNnozdzByd3Z5c2RqNDNkYXYiLCJuYW1lIjoiTWF0ZXVzIFJvZHJpZ3VlcyBTYW50YW5hIiwiZW1haWwiOiJtdXZ1Y2FzYmFyc0BnbWFpbC5jb20iLCJwaG9uZSI6IjEzOTc0MTk4ODMwIiwiYmFsYW5jZSI6MTExMywiZG9jdW1lbnQiOiIyMzU5Nzk5ODg2MCJ9.-XWUjkjrVTi21XUFGN1Rn5h7lcrHZdhxjvHBU9jCuGE",
    "Content-Type": "application/json",
    "Accept": "application/json"
  },
  "body": {
    "user_id": "",
    "token": "eyJ0eXAiOiJKV1QiLCJhbGciOiJIUzI1NiJ9.eyJpc3MiOiJodHRwczovL2JhY2tvZmZpY2UubG90b2dyZWVuLmNvbS9hcGkvYXV0aC9sb2dpbiIsImlhdCI6MTc2MTEyNjYyMCwiZXhwIjoxNzYxMjk5NDIwLCJuYmYiOjE3NjExMjY2MjAsImp0aSI6Im11cFdld3dvM0lLbDJhSnoiLCJzdWIiOiIwMWs4MmoweWU2ejN3MHJ3dnlzZGo0M2RhdiIsInBydiI6IjIzYmQ1Yzg5NDlmNjAwYWRiMzllNzAxYzQwMDg3MmRiN2E1OTc2ZjciLCJ1c2VyX2lkIjoiMDFrODJqMHllNnozdzByd3Z5c2RqNDNkYXYiLCJuYW1lIjoiTWF0ZXVzIFJvZHJpZ3VlcyBTYW50YW5hIiwiZW1haWwiOiJtdXZ1Y2FzYmFyc0BnbWFpbC5jb20iLCJwaG9uZSI6IjEzOTc0MTk4ODMwIiwiYmFsYW5jZSI6MTExMywiZG9jdW1lbnQiOiIyMzU5Nzk5ODg2MCJ9.-XWUjkjrVTi21XUFGN1Rn5h7lcrHZdhxjvHBU9jCuGE",
    "expires_at": "2025-10-22T10:50:20.935Z"
  },
  "sessionCookies": ""
}
================================================================================

[2025-10-22T09:50:21.131Z] 笨 [ac5oj6pmm] RESPOSTA - lotogreen
{
  "requestId": "ac5oj6pmm",
  "timestamp": "2025-10-22T09:50:21.131Z",
  "siteName": "lotogreen",
  "integration": "lotogreen",
  "status": 200,
  "statusText": "OK",
  "headers": {
    "date": "Wed, 22 Oct 2025 09:50:21 GMT",
    "content-type": "application/json",
    "transfer-encoding": "chunked",
    "connection": "keep-alive",
    "access-control-allow-origin": "*",
    "access-control-allow-methods": "PUT, GET, POST, DELETE, OPTIONS",
    "access-control-allow-headers": "DNT,X-CustomHeader,Keep-Alive,User-Agent,X-Requested-With,If-Modified-Since,Cache-Control,Content-Type,Authorization",
    "access-control-max-age": "1728000",
    "trailing-slash": "true",
    "alt-svc": "h3=\":443\"; ma=86400",
    "cache-control": "no-cache, private",
    "cf-cache-status": "DYNAMIC",
    "x-frame-options": "SAMEORIGIN",
    "nel": "{\"report_to\":\"cf-nel\",\"success_fraction\":0.0,\"max_age\":604800}",
    "report-to": "{\"group\":\"cf-nel\",\"max_age\":604800,\"endpoints\":[{\"url\":\"https://a.nel.cloudflare.com/report/v4?s=%2BpNHVmH%2F1mU1wc33BB4vVjj0rLaDnIx4yQmt%2BKvHot%2BWuvXg4T%2B8GiVx04j7MxS3uPY7g%2FJNfy%2FD0NOg%2F18c9fG2ZbyDAyp99LgKFNvsKPOTdb8j7z8%3D\"}]}",
    "strict-transport-security": "max-age=31536000; includeSubDomains",
    "access-control-allow-credentials": "true",
    "server": "cloudflare",
    "cf-ray": "99281704386800fd-GRU"
  },
  "data": {
    "user_id": "01k82j0ye6z3w0rwvysdj43dav",
    "token": "_loto_lRLrWrs43uJDPvvH",
    "expires_at": "2025-10-22T10:50:20.939518Z"
  },
  "sessionCookies": "",
  "responseTime": 196
}
================================================================================

[2025-10-22T09:50:21.132Z] 噫 [ysps275p1] REQUISIﾃﾃグ - lotogreen
{
  "requestId": "ysps275p1",
  "timestamp": "2025-10-22T09:50:21.132Z",
  "siteName": "lotogreen",
  "integration": "lotogreen",
  "url": "https://sb2auth-altenar2.biahosted.com/api/WidgetAuth/SignIn",
  "method": "post",
  "headers": {
    "User-Agent": "Mozilla/5.0 (Windows NT 10.0; Win64; x64) AppleWebKit/537.36 (KHTML, like Gecko) Chrome/141.0.0.0 Safari/537.36",
    "Content-Type": "application/json",
    "Accept": "application/json"
  },
  "body": {
    "culture": "pt-BR",
    "timezoneOffset": 180,
    "integration": "lotogreen",
    "deviceType": 1,
    "numFormat": "en-GB",
    "countryCode": "BR",
    "token": "_loto_lRLrWrs43uJDPvvH"
  },
  "sessionCookies": ""
}
================================================================================

[2025-10-22T09:50:21.673Z] 笨 [ysps275p1] RESPOSTA - lotogreen
{
  "requestId": "ysps275p1",
  "timestamp": "2025-10-22T09:50:21.673Z",
  "siteName": "lotogreen",
  "integration": "lotogreen",
  "status": 200,
  "statusText": "OK",
  "headers": {
    "server": "nginx",
    "date": "Wed, 22 Oct 2025 09:50:21 GMT",
    "content-type": "application/json; charset=utf-8",
    "content-length": "739",
    "access-control-allow-origin": "*",
    "strict-transport-security": "max-age=15552000",
    "via": "1.1 google",
    "alt-svc": "h3=\":443\"; ma=2592000,h3-29=\":443\"; ma=2592000"
  },
  "data": {
    "accessToken": "eyJhbGciOiJIUzI1NiIsInR5cCI6IkpXVCJ9.eyJDb25maWd1cmF0aW9uSWQiOiIxMiIsIlBlcnNvblR5cGUiOiIzIiwiUGVyc29uSWQiOiI2NzUwMjk5NyIsIlVzZXJOYW1lIjoiTWF0ZXVzIFJvZHJpZ3VlcyBTYW50YW5hIiwiTG9naW5JZCI6Ijc1NTE4MjAyIiwiQ3VycmVuY3lTaWduIjoiUiQiLCJNaW5Cb251c1ByaWNlIjoiMS4yNSIsIkJvbnVzVGVtcGxhdGVJZCI6IjM2MyIsIkN1cnJlbmN5SWQiOiI5ODYiLCJDdXJyZW5jeUNvZGUiOiJCUkwiLCJDb3VudHJ5Q29kZSI6IkJSIiwiQnJhbmRJZCI6Ijc3MCIsIkNsaWVudElQIjoiMTc5LjEyNS4yMTEuMTM5IiwiZXhwIjoxNzYxMTI3NTIxLCJpc3MiOiJTQjIiLCJhdWQiOiJTQjIifQ.-EUYZYSjA5rJyWXELJxcY_yVyc8bF36VmTssKpH4_I0",
    "currency": "BRL",
    "isUserLocked": false,
    "isAgency": false,
    "currencySign": "R$",
    "currencyId": 986,
    "currencyDisplay": 0,
    "encryptedPlayerId": "53IX2njrpncpHT7Egr/3gA==",
    "regDate": "2025-10-21T05:06:26.45"
  },
  "sessionCookies": "",
  "responseTime": 541
}
================================================================================

[2025-10-22T09:50:21.745Z] 噫 [q42ls9bus] REQUISIﾃﾃグ - lotogreen
{
  "requestId": "q42ls9bus",
  "timestamp": "2025-10-22T09:50:21.745Z",
  "siteName": "lotogreen",
  "integration": "lotogreen",
  "url": "https://sb2betgateway-altenar2.biahosted.com/api/widget/placeWidget",
  "method": "post",
  "headers": {
    "User-Agent": "Mozilla/5.0 (Windows NT 10.0; Win64; x64) AppleWebKit/537.36 (KHTML, like Gecko) Chrome/141.0.0.0 Safari/537.36",
    "Authorization": "Bearer eyJhbGciOiJIUzI1NiIsInR5cCI6IkpXVCJ9.eyJDb25maWd1cmF0aW9uSWQiOiIxMiIsIlBlcnNvblR5cGUiOiIzIiwiUGVyc29uSWQiOiI2NzUwMjk5NyIsIlVzZXJOYW1lIjoiTWF0ZXVzIFJvZHJpZ3VlcyBTYW50YW5hIiwiTG9naW5JZCI6Ijc1NTE4MjAyIiwiQ3VycmVuY3lTaWduIjoiUiQiLCJNaW5Cb251c1ByaWNlIjoiMS4yNSIsIkJvbnVzVGVtcGxhdGVJZCI6IjM2MyIsIkN1cnJlbmN5SWQiOiI5ODYiLCJDdXJyZW5jeUNvZGUiOiJCUkwiLCJDb3VudHJ5Q29kZSI6IkJSIiwiQnJhbmRJZCI6Ijc3MCIsIkNsaWVudElQIjoiMTc5LjEyNS4yMTEuMTM5IiwiZXhwIjoxNzYxMTI3NTIxLCJpc3MiOiJTQjIiLCJhdWQiOiJTQjIifQ.-EUYZYSjA5rJyWXELJxcY_yVyc8bF36VmTssKpH4_I0",
    "Content-Type": "application/json",
    "Accept": "application/json"
  },
  "body": {
    "culture": "pt-BR",
    "timezoneOffset": 180,
    "integration": "lotogreen",
    "deviceType": 1,
    "numFormat": "en-GB",
    "countryCode": "BR",
    "betType": 0,
    "isAutoCharge": false,
    "stakes": [
      1
    ],
    "oddsChangeAction": 1,
    "betMarkets": [
      {
        "id": 14052559,
        "isBanker": false,
        "dbId": 10,
        "sportName": "Futebol",
        "rC": false,
        "eventName": "Chelsea vs. AFC Ajax\t\t",
        "catName": "Europa",
        "champName": "Liga dos Campeﾃｵes",
        "sportTypeId": 1,
        "odds": [
          {
            "id": 2933359098,
            "marketId": 1197160088,
            "price": 1.2728,
            "marketName": "Vencedor do encontro",
            "marketTypeId": 1,
            "mostBalanced": false,
            "selectionTypeId": 1,
            "selectionName": "Chelsea",
            "widgetInfo": {
              "widget": 12,
              "page": 3,
              "tabIndex": 3
            }
          }
        ]
      }
    ],
    "eachWays": [
      false
    ],
    "requestId": "eldOHpZqcOpDcPqUsTdTyK",
    "confirmedByClient": false,
    "device": 0
  },
  "sessionCookies": ""
}
================================================================================

[2025-10-22T09:50:22.687Z] 笨 [q42ls9bus] RESPOSTA - lotogreen
{
  "requestId": "q42ls9bus",
  "timestamp": "2025-10-22T09:50:22.687Z",
  "siteName": "lotogreen",
  "integration": "lotogreen",
  "status": 200,
  "statusText": "OK",
  "headers": {
    "server": "nginx",
    "date": "Wed, 22 Oct 2025 09:50:22 GMT",
    "content-type": "application/json; charset=utf-8",
    "content-length": "882",
    "access-control-allow-origin": "*",
    "strict-transport-security": "max-age=15552000",
    "via": "1.1 google",
    "alt-svc": "h3=\":443\"; ma=2592000,h3-29=\":443\"; ma=2592000"
  },
  "data": {
    "bets": [
      {
        "id": 4180461295,
        "type": 0,
        "status": 0,
        "unitStake": 1,
        "totalStake": 1,
        "finalStake": 1,
        "openStake": 1,
        "totalWin": 1.27,
        "createdDate": "2025-10-22T09:50:22.09Z",
        "combLength": 1,
        "linesCount": 1,
        "currency": "BRL",
        "selections": [
          {
            "id": 2933359098,
            "status": 0,
            "price": 1.2728,
            "priceType": 0,
            "name": "Chelsea",
            "spec": "",
            "marketName": "Vencedor do encontro",
            "marketTypeId": 1,
            "isLive": false,
            "isBetBuilder": false,
            "isBanker": false,
            "isVirtual": false,
            "dbId": 10,
            "eventId": 14052559,
            "eventName": "Chelsea vs. AFC Ajax\t\t",
            "eventDate": "2025-10-22T19:00:00Z",
            "isLiveOrVirtual": false,
            "offers": [
              0
            ],
            "sportTypeId": 1,
            "sportId": 66,
            "champId": 16808,
            "catId": 1133,
            "marketId": 1197160088,
            "selectionTypeId": 1
          }
        ],
        "remainingTotalWin": 1.27,
        "cashOutValue": 0,
        "partialCashOut": 0,
        "bonus": 0,
        "bonusPart": 0,
        "initBonusPart": 0,
        "bonusPartPercent": 0,
        "bonusInsurance": 0,
        "isCancelAllowed": false,
        "totalOdds": 1.2728
      }
    ]
  },
  "sessionCookies": "",
  "responseTime": 942
}
================================================================================

[2025-10-22T09:50:23.097Z] 噫 [g6uy67zm2] REQUISIﾃﾃグ - lotogreen
{
  "requestId": "g6uy67zm2",
  "timestamp": "2025-10-22T09:50:23.097Z",
  "siteName": "lotogreen",
  "integration": "lotogreen",
  "url": "https://lotogreen.bet.br/api/auth/login",
  "method": "post",
  "headers": {
    "User-Agent": "Mozilla/5.0 (Windows NT 10.0; Win64; x64) AppleWebKit/537.36 (KHTML, like Gecko) Chrome/141.0.0.0 Safari/537.36",
    "Content-Type": "application/json",
    "Origin": "https://lotogreen.bet.br"
  },
  "body": {
    "email": "muvucasbars@gmail.com",
    "password": "Mts.19950927",
    "login": "muvucasbars@gmail.com",
    "app_source": "web"
  },
  "sessionCookies": "",
  "withCredentials": true,
  "maxBodyLength": null
}
================================================================================

[2025-10-22T09:50:23.496Z] 笨 [g6uy67zm2] RESPOSTA - lotogreen
{
  "requestId": "g6uy67zm2",
  "timestamp": "2025-10-22T09:50:23.496Z",
  "siteName": "lotogreen",
  "integration": "lotogreen",
  "status": 200,
  "statusText": "OK",
  "headers": {
    "date": "Wed, 22 Oct 2025 09:50:23 GMT",
    "content-type": "application/json",
    "transfer-encoding": "chunked",
    "connection": "keep-alive",
    "access-control-allow-origin": "*",
    "access-control-allow-methods": "PUT, GET, POST, DELETE, OPTIONS",
    "access-control-allow-headers": "DNT,X-CustomHeader,Keep-Alive,User-Agent,X-Requested-With,If-Modified-Since,Cache-Control,Content-Type,Authorization",
    "access-control-max-age": "1728000",
    "trailing-slash": "true",
    "alt-svc": "h3=\":443\"; ma=86400",
    "cache-control": "no-cache, private",
    "cf-cache-status": "DYNAMIC",
    "x-frame-options": "SAMEORIGIN",
    "nel": "{\"report_to\":\"cf-nel\",\"success_fraction\":0.0,\"max_age\":604800}",
    "report-to": "{\"group\":\"cf-nel\",\"max_age\":604800,\"endpoints\":[{\"url\":\"https://a.nel.cloudflare.com/report/v4?s=aqlFyxbN2nApTpQ68uqaXgKydOxpB6it38UMAW7noOVg42Lc4juqiRrk4fmTZme%2FacynVqI1Fk403AW05x1UFcqr899p9yqC%2F3jjrITfg4Uz5BIpVuM%3D\"}]}",
    "strict-transport-security": "max-age=31536000; includeSubDomains",
    "access-control-allow-credentials": "true",
    "server": "cloudflare",
    "cf-ray": "992817110e0000fd-GRU"
  },
  "data": {
    "access_token": "eyJ0eXAiOiJKV1QiLCJhbGciOiJIUzI1NiJ9.eyJpc3MiOiJodHRwczovL2JhY2tvZmZpY2UubG90b2dyZWVuLmNvbS9hcGkvYXV0aC9sb2dpbiIsImlhdCI6MTc2MTEyNjYyMywiZXhwIjoxNzYxMjk5NDIzLCJuYmYiOjE3NjExMjY2MjMsImp0aSI6Im81bXJkYTdreEhEWmxpYVMiLCJzdWIiOiIwMWs4MmoweWU2ejN3MHJ3dnlzZGo0M2RhdiIsInBydiI6IjIzYmQ1Yzg5NDlmNjAwYWRiMzllNzAxYzQwMDg3MmRiN2E1OTc2ZjciLCJ1c2VyX2lkIjoiMDFrODJqMHllNnozdzByd3Z5c2RqNDNkYXYiLCJuYW1lIjoiTWF0ZXVzIFJvZHJpZ3VlcyBTYW50YW5hIiwiZW1haWwiOiJtdXZ1Y2FzYmFyc0BnbWFpbC5jb20iLCJwaG9uZSI6IjEzOTc0MTk4ODMwIiwiYmFsYW5jZSI6MTAxMywiZG9jdW1lbnQiOiIyMzU5Nzk5ODg2MCJ9.BnpRdHQqpcu_2sZflWIHUw4uopoeKjnuQcMjxl4uTYM",
    "token_type": "bearer",
    "expires_in": 172800
  },
  "sessionCookies": "",
  "responseTime": 399
}
================================================================================

[2025-10-22T09:50:23.497Z] 噫 [86jdkabu9] REQUISIﾃﾃグ - lotogreen
{
  "requestId": "86jdkabu9",
  "timestamp": "2025-10-22T09:50:23.497Z",
  "siteName": "lotogreen",
  "integration": "lotogreen",
  "url": "https://lotogreen.bet.br/api/auth/me",
  "method": "get",
  "headers": {
    "User-Agent": "Mozilla/5.0 (Windows NT 10.0; Win64; x64) AppleWebKit/537.36 (KHTML, like Gecko) Chrome/141.0.0.0 Safari/537.36",
    "Authorization": "Bearer eyJ0eXAiOiJKV1QiLCJhbGciOiJIUzI1NiJ9.eyJpc3MiOiJodHRwczovL2JhY2tvZmZpY2UubG90b2dyZWVuLmNvbS9hcGkvYXV0aC9sb2dpbiIsImlhdCI6MTc2MTEyNjYyMywiZXhwIjoxNzYxMjk5NDIzLCJuYmYiOjE3NjExMjY2MjMsImp0aSI6Im81bXJkYTdreEhEWmxpYVMiLCJzdWIiOiIwMWs4MmoweWU2ejN3MHJ3dnlzZGo0M2RhdiIsInBydiI6IjIzYmQ1Yzg5NDlmNjAwYWRiMzllNzAxYzQwMDg3MmRiN2E1OTc2ZjciLCJ1c2VyX2lkIjoiMDFrODJqMHllNnozdzByd3Z5c2RqNDNkYXYiLCJuYW1lIjoiTWF0ZXVzIFJvZHJpZ3VlcyBTYW50YW5hIiwiZW1haWwiOiJtdXZ1Y2FzYmFyc0BnbWFpbC5jb20iLCJwaG9uZSI6IjEzOTc0MTk4ODMwIiwiYmFsYW5jZSI6MTAxMywiZG9jdW1lbnQiOiIyMzU5Nzk5ODg2MCJ9.BnpRdHQqpcu_2sZflWIHUw4uopoeKjnuQcMjxl4uTYM",
    "Content-Type": "application/json",
    "Accept": "application/json"
  },
  "sessionCookies": ""
}
================================================================================

[2025-10-22T09:50:23.707Z] 笨 [86jdkabu9] RESPOSTA - lotogreen
{
  "requestId": "86jdkabu9",
  "timestamp": "2025-10-22T09:50:23.707Z",
  "siteName": "lotogreen",
  "integration": "lotogreen",
  "status": 200,
  "statusText": "OK",
  "headers": {
    "date": "Wed, 22 Oct 2025 09:50:23 GMT",
    "content-type": "application/json",
    "transfer-encoding": "chunked",
    "connection": "keep-alive",
    "access-control-allow-origin": "*",
    "access-control-allow-methods": "PUT, GET, POST, DELETE, OPTIONS",
    "access-control-allow-headers": "DNT,X-CustomHeader,Keep-Alive,User-Agent,X-Requested-With,If-Modified-Since,Cache-Control,Content-Type,Authorization",
    "access-control-max-age": "1728000",
    "trailing-slash": "true",
    "alt-svc": "h3=\":443\"; ma=86400",
    "cache-control": "no-cache, private",
    "cf-cache-status": "DYNAMIC",
    "x-frame-options": "SAMEORIGIN",
    "nel": "{\"report_to\":\"cf-nel\",\"success_fraction\":0.0,\"max_age\":604800}",
    "report-to": "{\"group\":\"cf-nel\",\"max_age\":604800,\"endpoints\":[{\"url\":\"https://a.nel.cloudflare.com/report/v4?s=X8ot4T2En5t%2FJsfBl2pXm7orlqJiaWJIE7sgwKlQzgqMGpH4M2o8Yr%2BmnG12MA6Or8lgEzVJJljMiVvSlTiQyRFqWfnYZLkRXYAU%2FkMwZA266wih6sc%3D\"}]}",
    "strict-transport-security": "max-age=31536000; includeSubDomains",
    "access-control-allow-credentials": "true",
    "server": "cloudflare",
    "cf-ray": "992817135edc00fd-GRU"
  },
  "data": {
    "id": "01k82j0ye6z3w0rwvysdj43dav",
    "name": "Mateus Rodrigues Santana",
    "email": "muvucasbars@gmail.com",
    "phone": "13974198830",
    "birthday": "1995-09-27",
    "email_verified_at": null,
    "balance": 1013,
    "active": 1,
    "status": "Ativo",
    "ftd_paid": 1,
    "ftd_active": null,
    "created_at": "2025-10-21T04:56:45.000000Z",
    "updated_at": "2025-10-22T09:50:23.000000Z",
    "last_login_at": "2025-10-22 06:50:23",
    "last_real_login_at": "2025-10-22T09:50:20.000000Z",
    "gender": 1,
    "kyc_verification": 0,
    "referrer_id": null,
    "identity_verify": 0,
    "country": null,
    "is_suspended": false,
    "is_self_excluded": false,
    "address_verify": 0,
    "accepted_domain_migration": false,
    "pix_type": "CPF",
    "document": {
      "id": 4023396,
      "number": "23597998860",
      "user_id": "01k82j0ye6z3w0rwvysdj43dav",
      "created_at": "2025-10-21T04:56:45.000000Z",
      "updated_at": "2025-10-21T04:56:45.000000Z"
    },
    "address": {
      "id": 1431886,
      "user_id": "01k82j0ye6z3w0rwvysdj43dav",
      "street": "AV SAO FRANCISCO DE ASSIS, 3828 - CASA",
      "city": "PRAIA GRANDE",
      "state": "SP",
      "neighborhood": "-",
      "number": "0",
      "zip_code": "11724475",
      "created_at": "2025-10-21T04:56:48.000000Z",
      "updated_at": "2025-10-21T04:56:48.000000Z"
    },
    "commission": null,
    "deposit_rollover": {
      "id": 1095885,
      "user_id": "01k82j0ye6z3w0rwvysdj43dav",
      "total": 0,
      "amount": 300
    },
    "user_rollover": null,
    "settings": [
      {
        "user_id": "01k82j0ye6z3w0rwvysdj43dav",
        "name": "spent_daily",
        "value": 0,
        "type": "integer"
      },
      {
        "user_id": "01k82j0ye6z3w0rwvysdj43dav",
        "name": "spent_weekly",
        "value": 0,
        "type": "integer"
      },
      {
        "user_id": "01k82j0ye6z3w0rwvysdj43dav",
        "name": "spent_monthly",
        "value": 0,
        "type": "integer"
      },
      {
        "user_id": "01k82j0ye6z3w0rwvysdj43dav",
        "name": "spent_annually",
        "value": 0,
        "type": "integer"
      },
      {
        "user_id": "01k82j0ye6z3w0rwvysdj43dav",
        "name": "losses_daily",
        "value": 0,
        "type": "integer"
      },
      {
        "user_id": "01k82j0ye6z3w0rwvysdj43dav",
        "name": "losses_weekly",
        "value": 0,
        "type": "integer"
      },
      {
        "user_id": "01k82j0ye6z3w0rwvysdj43dav",
        "name": "losses_monthly",
        "value": 0,
        "type": "integer"
      },
      {
        "user_id": "01k82j0ye6z3w0rwvysdj43dav",
        "name": "losses_annually",
        "value": 0,
        "type": "integer"
      },
      {
        "user_id": "01k82j0ye6z3w0rwvysdj43dav",
        "name": "deposit_daily",
        "value": 0,
        "type": "integer"
      },
      {
        "user_id": "01k82j0ye6z3w0rwvysdj43dav",
        "name": "deposit_weekly",
        "value": 0,
        "type": "integer"
      },
      {
        "user_id": "01k82j0ye6z3w0rwvysdj43dav",
        "name": "deposit_monthly",
        "value": 0,
        "type": "integer"
      },
      {
        "user_id": "01k82j0ye6z3w0rwvysdj43dav",
        "name": "deposit_annually",
        "value": 0,
        "type": "integer"
      },
      {
        "user_id": "01k82j0ye6z3w0rwvysdj43dav",
        "name": "time_daily",
        "value": 0,
        "type": "integer"
      },
      {
        "user_id": "01k82j0ye6z3w0rwvysdj43dav",
        "name": "time_weekly",
        "value": 0,
        "type": "integer"
      },
      {
        "user_id": "01k82j0ye6z3w0rwvysdj43dav",
        "name": "time_monthly",
        "value": 0,
        "type": "integer"
      },
      {
        "user_id": "01k82j0ye6z3w0rwvysdj43dav",
        "name": "time_annually",
        "value": 0,
        "type": "integer"
      },
      {
        "user_id": "01k82j0ye6z3w0rwvysdj43dav",
        "name": "suspended",
        "value": 0,
        "type": "integer"
      },
      {
        "user_id": "01k82j0ye6z3w0rwvysdj43dav",
        "name": "excluded",
        "value": 0,
        "type": "integer"
      },
      {
        "user_id": "01k82j0ye6z3w0rwvysdj43dav",
        "name": "accepted_terms_at",
        "value": true,
        "type": "boolean"
      },
      {
        "user_id": "01k82j0ye6z3w0rwvysdj43dav",
        "name": "accept_domain_migration",
        "value": false,
        "type": "boolean"
      }
    ],
    "is_email_valid": true,
    "is_phone_valid": true
  },
  "sessionCookies": "",
  "responseTime": 210
}
================================================================================

