[2025-10-24T06:38:51.039Z] 🚀 [tu709slrm] REQUISIÇÃO - bet7k
{
  "requestId": "tu709slrm",
  "timestamp": "2025-10-24T06:38:51.039Z",
  "siteName": "bet7k",
  "integration": "bet7k",
  "url": "https://7k.bet.br/api/auth/login",
  "method": "post",
  "headers": {
    "Origin": "https://7k.bet.br",
    "User-Agent": "Mozilla/5.0 (Windows NT 10.0; Win64; x64) AppleWebKit/537.36 (KHTML, like Gecko) Chrome/141.0.0.0 Safari/537.36",
    "Content-Type": "application/json"
  },
  "body": {
    "login": "teste@exemplo.com",
    "email": "teste@exemplo.com",
    "password": "123456",
    "app_source": "web",
    "captcha_token": ""
  },
  "sessionCookies": "",
  "withCredentials": true,
  "maxBodyLength": null
}
================================================================================

[2025-10-24T06:38:51.389Z] ❌ [tu709slrm] ERRO - bet7k
{
  "requestId": "tu709slrm",
  "timestamp": "2025-10-24T06:38:51.389Z",
  "siteName": "bet7k",
  "integration": "bet7k",
  "url": "https://7k.bet.br/api/auth/login",
  "method": "post",
  "error": "Request failed with status code 422",
  "stack": "AxiosError: Request failed with status code 422\n    at settle (/home/mateuus/projects/autobet-app/.next/server/chunks/node_modules_627632e5._.js:17952:16)\n    at IncomingMessage.handleStreamEnd (/home/mateuus/projects/autobet-app/.next/server/chunks/node_modules_627632e5._.js:20767:181)\n    at IncomingMessage.emit (node:events:536:35)\n    at endReadableNT (node:internal/streams/readable:1698:12)\n    at process.processTicksAndRejections (node:internal/process/task_queues:82:21)\n    at Axios.request (/home/mateuus/projects/autobet-app/.next/server/chunks/node_modules_627632e5._.js:21884:49)\n    at process.processTicksAndRejections (node:internal/process/task_queues:95:5)\n    at async FssbPlatform.makeRequest (/home/mateuus/projects/autobet-app/.next/server/chunks/[root-of-the-server]__307ca096._.js:336:30)\n    at async FssbPlatform.login (/home/mateuus/projects/autobet-app/.next/server/chunks/[root-of-the-server]__307ca096._.js:405:24)\n    at async POST (/home/mateuus/projects/autobet-app/.next/server/chunks/[root-of-the-server]__307ca096._.js:560:29)\n    at async AppRouteRouteModule.do (/home/mateuus/projects/autobet-app/node_modules/next/dist/compiled/next-server/app-route-turbo.runtime.dev.js:5:38696)\n    at async AppRouteRouteModule.handle (/home/mateuus/projects/autobet-app/node_modules/next/dist/compiled/next-server/app-route-turbo.runtime.dev.js:5:45978)\n    at async responseGenerator (/home/mateuus/projects/autobet-app/.next/server/chunks/node_modules_627632e5._.js:22571:38)\n    at async AppRouteRouteModule.handleResponse (/home/mateuus/projects/autobet-app/node_modules/next/dist/compiled/next-server/app-route-turbo.runtime.dev.js:1:187643)\n    at async handleResponse (/home/mateuus/projects/autobet-app/.next/server/chunks/node_modules_627632e5._.js:22633:32)\n    at async handler (/home/mateuus/projects/autobet-app/.next/server/chunks/node_modules_627632e5._.js:22685:13)\n    at async DevServer.renderToResponseWithComponentsImpl (/home/mateuus/projects/autobet-app/node_modules/next/dist/server/base-server.js:1422:9)\n    at async DevServer.renderPageComponent (/home/mateuus/projects/autobet-app/node_modules/next/dist/server/base-server.js:1474:24)\n    at async DevServer.renderToResponseImpl (/home/mateuus/projects/autobet-app/node_modules/next/dist/server/base-server.js:1514:32)\n    at async DevServer.pipeImpl (/home/mateuus/projects/autobet-app/node_modules/next/dist/server/base-server.js:1025:25)\n    at async NextNodeServer.handleCatchallRenderRequest (/home/mateuus/projects/autobet-app/node_modules/next/dist/server/next-server.js:393:17)\n    at async DevServer.handleRequestImpl (/home/mateuus/projects/autobet-app/node_modules/next/dist/server/base-server.js:916:17)\n    at async /home/mateuus/projects/autobet-app/node_modules/next/dist/server/dev/next-dev-server.js:399:20\n    at async Span.traceAsyncFn (/home/mateuus/projects/autobet-app/node_modules/next/dist/trace/trace.js:157:20)\n    at async DevServer.handleRequest (/home/mateuus/projects/autobet-app/node_modules/next/dist/server/dev/next-dev-server.js:395:24)\n    at async invokeRender (/home/mateuus/projects/autobet-app/node_modules/next/dist/server/lib/router-server.js:240:21)\n    at async handleRequest (/home/mateuus/projects/autobet-app/node_modules/next/dist/server/lib/router-server.js:437:24)\n    at async requestHandlerImpl (/home/mateuus/projects/autobet-app/node_modules/next/dist/server/lib/router-server.js:485:13)\n    at async Server.requestListener (/home/mateuus/projects/autobet-app/node_modules/next/dist/server/lib/start-server.js:226:13)",
  "axiosError": {
    "status": 422,
    "statusText": "Unprocessable Entity",
    "headers": {
      "date": "Fri, 24 Oct 2025 06:38:51 GMT",
      "content-type": "application/json",
      "transfer-encoding": "chunked",
      "connection": "keep-alive",
      "server": "cloudflare",
      "cf-ray": "99377940d833622e-GRU",
      "cf-cache-status": "DYNAMIC",
      "access-control-allow-origin": "*",
      "cache-control": "max-age=0, no-cache, must-revalidate",
      "set-cookie": [
        "bet7k_session=eyJpdiI6InJnalNRd1JoOGNVSmFDakl2ZlFLM2c9PSIsInZhbHVlIjoiK3dOV09MY2IwQWpHT2dsTkE1ZTlQUEcxcnhGSjlzOUd3VzBjSklZdVNQUm1kRklFQ2ZBWnlkNGpjUHBaZ2IwT3pxWXEreGRJWTlnNWowYXNNaUdQbDdHemc5NytRdVA1dmIvaGNPdVVzTzlDUTVUTUIvQ05xZFFZV09HdjRoYzYiLCJtYWMiOiIzNzFjNDYyOTdmMjA4NTNkNTFlYTY0NTlmMDk2NmFiODgzNDEwMjRmZWMzNWE3NjM2MzFjNzRjOWQ0MjYyNjJlIiwidGFnIjoiIn0%3D; expires=Sat, 24 Oct 2026 06:38:51 GMT; Max-Age=31536000; path=/; httponly; samesite=lax",
        "__cf_bm=ytkQljpxI.rNigCgwXsraF5fHSzDozOIxAytHWwYr7E-1761287931-1.0.1.1-dqg1TvlXH.jD7MOCBVTlM85TDFBUaj4fzfPnNpDtx4mqAddRBac4GWK23V1q.0ZXrofRAHAdcAc7M83edifD.gmuqNHlWji.UnUyeyMuSVE; path=/; expires=Fri, 24-Oct-25 07:08:51 GMT; domain=.bs2bet.com; HttpOnly; Secure; SameSite=None",
        "__cf_bm=ngNHyEsSY0BZw0Rixnr2rvrvNEvvlT8opZzY6CkGfIk-1761287931-1.0.1.1-9oist1moJIJb1in2iHA2tyt2A9eUUic.uUkYQ1Jgqv4w0uPTcxPid5OQisypezhOY1rb7yEIRjSKkoj0wS87jIU8t7364fiiUwvpqXZXviw; path=/; expires=Fri, 24-Oct-25 07:08:51 GMT; domain=.7k.bet.br; HttpOnly; Secure; SameSite=None",
        "_cfuvid=KXQ3qcej08cO9Ss_8pbBhI0YKWU8gnHkVhtDm4o.i6o-1761287931320-0.0.1.1-604800000; path=/; domain=.7k.bet.br; HttpOnly; Secure; SameSite=None"
      ],
      "strict-transport-security": "max-age=15768000;",
      "cf-placement": "remote-ATL",
      "protected": "by MS23041901",
      "srv": "ip-172-17-112-246",
      "x-ratelimit-limit": "999999999",
      "x-ratelimit-remaining": "999999592",
      "vary": "Accept-Encoding"
    },
    "data": {
      "x": "Failed to authenticate, check your email/username and password",
      "error": "We were unable to process your request. Check if your username or password is correct."
    },
    "code": "ERR_BAD_REQUEST"
  }
}
================================================================================

[2025-10-24T06:39:59.374Z] 🚀 [tfzulv3kg] REQUISIÇÃO - bet7k
{
  "requestId": "tfzulv3kg",
  "timestamp": "2025-10-24T06:39:59.374Z",
  "siteName": "bet7k",
  "integration": "bet7k",
  "url": "https://7k.bet.br/api/auth/login",
  "method": "post",
  "headers": {
    "Origin": "https://7k.bet.br",
    "User-Agent": "Mozilla/5.0 (Windows NT 10.0; Win64; x64) AppleWebKit/537.36 (KHTML, like Gecko) Chrome/141.0.0.0 Safari/537.36",
    "Content-Type": "application/json"
  },
  "body": {
    "login": "23597998860",
    "email": "23597998860",
    "password": "Mateuus.27",
    "app_source": "web",
    "captcha_token": ""
  },
  "sessionCookies": "",
  "withCredentials": true,
  "maxBodyLength": null
}
================================================================================

[2025-10-24T06:40:01.418Z] ✅ [tfzulv3kg] RESPOSTA - bet7k
{
  "requestId": "tfzulv3kg",
  "timestamp": "2025-10-24T06:40:01.418Z",
  "siteName": "bet7k",
  "integration": "bet7k",
  "status": 200,
  "statusText": "OK",
  "headers": {
    "date": "Fri, 24 Oct 2025 06:40:01 GMT",
    "content-type": "application/json",
    "transfer-encoding": "chunked",
    "connection": "keep-alive",
    "server": "cloudflare",
    "cf-ray": "99377aebebd3b5a4-GRU",
    "cf-cache-status": "DYNAMIC",
    "access-control-allow-origin": "*",
    "cache-control": "max-age=0, no-cache, must-revalidate",
    "set-cookie": [
      "__Host-jwt_token_strict=eyJpdiI6ImpLOXVDWU5oVlZIbmhNN05ra3ovT2c9PSIsInZhbHVlIjoiYStON21BVmoxeTM0TUg0NzlBbDJyS2ZSTklJVUk4Y1RwNmxnNmkzb0pReVZiU3hwMWEyUkdTNlBsZVYwOHVpTVB4MVlLRW9CODNwZi9xQlQ3N2RCaGpiODR6QXRteVVsSmo1NU8vT21FNjA9IiwibWFjIjoiN2Q3MDVjMjlhNmU5YjlhMDllYWZhNGE4MTMwYjI1NjU4MDcyYjA4YmZhMThjYmQxN2Y1NWY1OTViYmE5NzQyOSIsInRhZyI6IiJ9; expires=Wed, 06 Oct 2100 06:40:01 GMT; Max-Age=2365200000; path=/; secure; httponly; samesite=strict",
      "__Host-jwt_token_lax=eyJpdiI6IkVUQTB5TW1iODM0Nzhyb1pRZy9MN3c9PSIsInZhbHVlIjoiY3Y2OTQraG45SFI0Nml6MlJPRVhwRVBPckxlbEZSSjlzd1IwWnEySE5pMi9IbDFDbExPY2lEY3hlU3RleDV1WXhraUsyQXRnc0VHQmhXWDMyMUVBVDJNOGdpSzZVdy9LOXlvcTY1RmpxNjg9IiwibWFjIjoiZGMzNDM0ZTRiOTA1OTRmMjQ1NTc3OTc1ZDAwNGQ3NzNkNTY2NTg4ODU3MGEwNWQzNGZmZTJlOTFjYWNjY2EyNSIsInRhZyI6IiJ9; expires=Wed, 06 Oct 2100 06:40:01 GMT; Max-Age=2365200000; path=/; secure; httponly; samesite=lax",
      "__Host-jwt_token_none=eyJpdiI6ImtsbVdUWkFlUTBIOGN1eTdGeHd6RkE9PSIsInZhbHVlIjoiRDdrZXZUNmNPbndMdEZCVGNMV3U4YmNFV2c0UndQWGlFNlJZZEtlZzkvTmc1RzNPc3FieEhRSU5NaWJIQkpCZkNTS3hhWDRyNDlpSE4zVk5JOXc2QVBFcmp1RER3eVpSZ2ZTbElwUDlqM2M9IiwibWFjIjoiMDc3ZTIyZDY3NDk5ODRiMWViMWRhYWQzNWQwZTQ5NjRhYzY1ZDk1OGZiMDE4NzgzNjJhODcwNzI4ZDliM2JhYSIsInRhZyI6IiJ9; expires=Wed, 06 Oct 2100 06:40:01 GMT; Max-Age=2365200000; path=/; secure; httponly; samesite=none",
      "bet7k_session=eyJpdiI6InZoQzJxWFNPU01pZFdudVJ6ZzlIdEE9PSIsInZhbHVlIjoiTitVUVlRbFZyZjJ0b1ZDWVRCQjMweVZzTDlTbklQVGFBV3prSTRKZ0tHQUFHbDF4QWs1RkFsY1ZzUXB1L0ltbXF0SlJoWTN0SVBzK3JjY3R5MWswWWZGQm1KSUxxZEd6MFpNeE5DSkRQNEtUMWxFbkI4L3k0OUVxV3lmMDdmbkoiLCJtYWMiOiIxOTRhYmM3NjczYjM2M2VmNjNmODdhZWIzNGM5ZWFmZmI4NzFkMDE3MmE3YWVmMmExN2VhMjYxZjlmMTliMWJiIiwidGFnIjoiIn0%3D; expires=Sat, 24 Oct 2026 06:40:01 GMT; Max-Age=31536000; path=/; httponly; samesite=lax",
      "__cf_bm=4iFos84pAbdCFaQKBLDUXEyFzaODLLhn5EYYb0j293E-1761288001-1.0.1.1-A7DDUYwkrN_RJpjT1K6wxk2c1sB6KxiGPDjfV98VBUU8QNgfAzjBOw4Wav1fKT7oMacZNpvJRqgRgnwBVflCb5CCTKHHF6jmv5aPzVDc_kY; path=/; expires=Fri, 24-Oct-25 07:10:01 GMT; domain=.bs2bet.com; HttpOnly; Secure; SameSite=None",
      "__cf_bm=mwQylQb._OLn4Q4jGdC4l55WQHJXRir1spcvs3yM8Zo-1761288001-1.0.1.1-QcWvh.MLg0pY7lxljadzug25fgJ7.bdnElWSum1hUHOZIJiC9pijio0e42zN0wlRX5B_8gOU_xYfpoMX20kcA.wFajMx89q1uuwF2Ze2DTQ; path=/; expires=Fri, 24-Oct-25 07:10:01 GMT; domain=.7k.bet.br; HttpOnly; Secure; SameSite=None",
      "_cfuvid=sYFkiP2hlasq_tm8ZTPAiBXj0DNScRP6HIHBouRZuhg-1761288001348-0.0.1.1-604800000; path=/; domain=.7k.bet.br; HttpOnly; Secure; SameSite=None"
    ],
    "strict-transport-security": "max-age=15768000;",
    "vary": "Accept-Encoding",
    "cf-placement": "remote-ATL",
    "protected": "by MS23041901",
    "srv": "ip-172-17-114-219",
    "x-ratelimit-limit": "999999999",
    "x-ratelimit-remaining": "999999856"
  },
  "data": {
    "access_token": "eyJ0eXAiOiJKV1QiLCJhbGciOiJIUzI1NiJ9.eyJpc3MiOiJodHRwczovL2FwaS03ay1iZXRici5iczJiZXQuY29tL3YyL2F1dGgvbG9naW4iLCJpYXQiOjE3NjEyODgwMDEsImV4cCI6MTc2MTg5MjgwMSwibmJmIjoxNzYxMjg4MDAxLCJqdGkiOiJHYmtGVzhYN0lxTENMWnFHIiwic3ViIjoiMjkyMjczNDkiLCJwcnYiOiIyM2JkNWM4OTQ5ZjYwMGFkYjM5ZTcwMWM0MDA4NzJkYjdhNTk3NmY3IiwiaGEiOiI1IiwiaGIiOiI0YzI4ZjQ4MmIxMjcxMWMzYWQ5NDFmYjVhZjRjMTQ4MCIsImhjIjoiNzQyZjYzOTcyOWNiYmM5ZmI4ZmVlZmRlOTY4NWJhMTciLCJoaSI6ImFlZDEwOGY1ZjNiMTZjZDNiMjM4NDhhZGI4ODFhOTcwIiwiaGQiOiIzYmE4ZTVlNjQyN2IwNGRlMmYyNzlhYTQ0ZjJmNTQ4MSIsImhsIjoiMDVlM2E2ZjhlZDk0ZmNjN2U3OTg1OTRjZGM0NDFhOTQiLCJoZiI6IjFfZjcwZjdjZGYwOGIzMGNjNDIwZjJiYjY2ZTYzNWFlZjRfMTc2MTI4Nzk5OSJ9.X5uRsguoR5GKuRBNpIjW9q--_hdyKcCl7lBjHzNP9tQ",
    "token_type": "bearer",
    "expires_in": 604800,
    "user": {
      "id": 29227349,
      "name": "Mateus Rodrigues Santana",
      "email": "muvucasbars@gmail.com",
      "username": "82a91e7986e3790f75993648273d7342",
      "email_verified_at": null,
      "token": "a7kbetbr_-nOe5OxUK4LJ1So7HjN5xLtRFU8p3SHEWq7aFBbf6klhMFWKxlhKlAm1yniR2",
      "ftd_value": 1000,
      "ftd_date": "2025-04-23 01:38:37",
      "created_at": "2025-03-30T19:19:35.000000Z",
      "updated_at": "2025-10-24T06:40:00.000000Z",
      "is_active": 1,
      "phone": "13996907780",
      "commission": null,
      "manager_id": null,
      "admin_id": null,
      "commission_grid_id": null,
      "affiliation_code": "b2f678a2ff9f",
      "recommended_by": null,
      "menu_list": null,
      "bonus_enabled": 0,
      "first_name": "Mateus",
      "last_name": "Santana",
      "mother_name": "Agmar Rodrigues De Jesus",
      "gender": 0,
      "birth_date": "1995-09-27",
      "cancelled_account": 0,
      "is_test": 0,
      "ddi": "+55",
      "country": "BRA",
      "currency": "BRL",
      "language": "pt-br",
      "timezone": "America/Sao_Paulo",
      "address": "Sao Francisco De Assis, 3828, Casa - Tupiry",
      "city": "Praia Grande",
      "state": "SP",
      "zipcode": "11724475",
      "is_internal": 0,
      "app_source": null,
      "user_info": {
        "user_id": 29227349,
        "tc_accepted_at": "2025-03-30 16:19:36",
        "mkt_accepted_at": "2025-03-30 16:19:36",
        "lgpd_accepted_at": "2025-03-30 16:19:36",
        "law_accepted_at": "2025-03-30 16:19:36",
        "migrate_accepted_at": "2025-03-30 16:19:36",
        "privacy_accepted_at": "2025-03-30 16:19:36",
        "status": 1,
        "status_updated_at": "2025-06-29 15:45:39",
        "status_note": null,
        "user_pause": 0,
        "user_pause_at": null,
        "user_exclusion": 0,
        "user_exclusion_at": null,
        "spa_exclusion": 0,
        "spa_exclusion_at": null,
        "spa_exclusion_note": null,
        "operator_exclusion": 0,
        "operator_exclusion_at": null,
        "operator_exclusion_note": null,
        "operator_exclusion_by": null,
        "user_limit_period": null,
        "user_limit_time": null,
        "user_limit_time_active": 0,
        "user_limit_time_period": null,
        "user_limit_time_change": null,
        "user_limit_bet": null,
        "user_limit_bet_active": 0,
        "user_limit_bet_period": null,
        "user_limit_bet_change": null,
        "user_limit_loss": null,
        "user_limit_loss_active": 0,
        "user_limit_loss_period": null,
        "user_limit_loss_change": null,
        "user_limit_deposit": null,
        "user_limit_deposit_active": 0,
        "user_limit_deposit_period": null,
        "user_limit_deposit_change": null,
        "user_limit_withdrawal": null,
        "user_limit_last_change": null,
        "last_verification_at": null,
        "login_at": "2025-10-24 03:40:00",
        "login_attempt_qty": 3,
        "login_city": "Campinas",
        "login_state": "SP",
        "login_ip": "179.125.211.139",
        "validate_email_at": "2025-03-30 16:19:36",
        "validate_sms_at": "2025-07-01 13:46:01",
        "kyc_validated_at": "2025-03-31 00:17:18",
        "latitude": "-22.90556",
        "longitude": "-47.06083",
        "strong_password": 1,
        "location_at": "2025-10-23 15:28:59",
        "nationalities": "[{\"id\": 1, \"value\": \"Brasileiro (a)\"}]",
        "created_at": "2025-03-30T19:19:35.000000Z",
        "updated_at": "2025-10-24T06:40:00.000000Z",
        "id": 4381469,
        "two_factor_enabled": 0,
        "two_factor_type": null,
        "two_factor_at": null,
        "login_device": "Mozilla/5.0 (Windows NT 10.0; Win64; x64) AppleWebKit/537.36 (KHTML, like Gecko) Chrome/141.0.0.0 Safari/537.36"
      },
      "roles": [
        {
          "id": 5,
          "name": "player",
          "guard_name": "api",
          "created_at": "2024-12-19T11:11:17.000000Z",
          "updated_at": "2024-12-19T11:11:17.000000Z",
          "pivot": {
            "model_id": 29227349,
            "role_id": 5,
            "model_type": "App\\Models\\User"
          }
        }
      ]
    },
    "userInfo": {
      "user_id": 29227349,
      "tc_accepted_at": "2025-03-30 16:19:36",
      "mkt_accepted_at": "2025-03-30 16:19:36",
      "lgpd_accepted_at": "2025-03-30 16:19:36",
      "law_accepted_at": "2025-03-30 16:19:36",
      "migrate_accepted_at": "2025-03-30 16:19:36",
      "privacy_accepted_at": "2025-03-30 16:19:36",
      "status": 1,
      "status_updated_at": "2025-06-29 15:45:39",
      "status_note": null,
      "user_pause": 0,
      "user_pause_at": null,
      "user_exclusion": 0,
      "user_exclusion_at": null,
      "spa_exclusion": 0,
      "spa_exclusion_at": null,
      "spa_exclusion_note": null,
      "operator_exclusion": 0,
      "operator_exclusion_at": null,
      "operator_exclusion_note": null,
      "operator_exclusion_by": null,
      "user_limit_period": null,
      "user_limit_time": null,
      "user_limit_time_active": 0,
      "user_limit_time_period": null,
      "user_limit_time_change": null,
      "user_limit_bet": null,
      "user_limit_bet_active": 0,
      "user_limit_bet_period": null,
      "user_limit_bet_change": null,
      "user_limit_loss": null,
      "user_limit_loss_active": 0,
      "user_limit_loss_period": null,
      "user_limit_loss_change": null,
      "user_limit_deposit": null,
      "user_limit_deposit_active": 0,
      "user_limit_deposit_period": null,
      "user_limit_deposit_change": null,
      "user_limit_withdrawal": null,
      "user_limit_last_change": null,
      "last_verification_at": null,
      "login_at": "2025-10-24 03:40:00",
      "login_attempt_qty": 3,
      "login_city": "Campinas",
      "login_state": "SP",
      "login_ip": "179.125.211.139",
      "validate_email_at": "2025-03-30 16:19:36",
      "validate_sms_at": "2025-07-01 13:46:01",
      "kyc_validated_at": "2025-03-31 00:17:18",
      "latitude": "-22.90556",
      "longitude": "-47.06083",
      "strong_password": 1,
      "location_at": "2025-10-23 15:28:59",
      "nationalities": "[{\"id\": 1, \"value\": \"Brasileiro (a)\"}]",
      "created_at": "2025-03-30T19:19:35.000000Z",
      "updated_at": "2025-10-24T06:40:00.000000Z",
      "id": 4381469,
      "two_factor_enabled": 0,
      "two_factor_type": null,
      "two_factor_at": null,
      "login_device": "Mozilla/5.0 (Windows NT 10.0; Win64; x64) AppleWebKit/537.36 (KHTML, like Gecko) Chrome/141.0.0.0 Safari/537.36"
    },
    "need_change_password": false
  },
  "cookies": "[Circular Reference]",
  "sessionCookies": "__Host-jwt_token_strict=eyJpdiI6ImpLOXVDWU5oVlZIbmhNN05ra3ovT2c9PSIsInZhbHVlIjoiYStON21BVmoxeTM0TUg0NzlBbDJyS2ZSTklJVUk4Y1RwNmxnNmkzb0pReVZiU3hwMWEyUkdTNlBsZVYwOHVpTVB4MVlLRW9CODNwZi9xQlQ3N2RCaGpiODR6QXRteVVsSmo1NU8vT21FNjA9IiwibWFjIjoiN2Q3MDVjMjlhNmU5YjlhMDllYWZhNGE4MTMwYjI1NjU4MDcyYjA4YmZhMThjYmQxN2Y1NWY1OTViYmE5NzQyOSIsInRhZyI6IiJ9; expires=Wed, 06 Oct 2100 06:40:01 GMT; Max-Age=2365200000; path=/; secure; httponly; samesite=strict; __Host-jwt_token_lax=eyJpdiI6IkVUQTB5TW1iODM0Nzhyb1pRZy9MN3c9PSIsInZhbHVlIjoiY3Y2OTQraG45SFI0Nml6MlJPRVhwRVBPckxlbEZSSjlzd1IwWnEySE5pMi9IbDFDbExPY2lEY3hlU3RleDV1WXhraUsyQXRnc0VHQmhXWDMyMUVBVDJNOGdpSzZVdy9LOXlvcTY1RmpxNjg9IiwibWFjIjoiZGMzNDM0ZTRiOTA1OTRmMjQ1NTc3OTc1ZDAwNGQ3NzNkNTY2NTg4ODU3MGEwNWQzNGZmZTJlOTFjYWNjY2EyNSIsInRhZyI6IiJ9; expires=Wed, 06 Oct 2100 06:40:01 GMT; Max-Age=2365200000; path=/; secure; httponly; samesite=lax; __Host-jwt_token_none=eyJpdiI6ImtsbVdUWkFlUTBIOGN1eTdGeHd6RkE9PSIsInZhbHVlIjoiRDdrZXZUNmNPbndMdEZCVGNMV3U4YmNFV2c0UndQWGlFNlJZZEtlZzkvTmc1RzNPc3FieEhRSU5NaWJIQkpCZkNTS3hhWDRyNDlpSE4zVk5JOXc2QVBFcmp1RER3eVpSZ2ZTbElwUDlqM2M9IiwibWFjIjoiMDc3ZTIyZDY3NDk5ODRiMWViMWRhYWQzNWQwZTQ5NjRhYzY1ZDk1OGZiMDE4NzgzNjJhODcwNzI4ZDliM2JhYSIsInRhZyI6IiJ9; expires=Wed, 06 Oct 2100 06:40:01 GMT; Max-Age=2365200000; path=/; secure; httponly; samesite=none; bet7k_session=eyJpdiI6InZoQzJxWFNPU01pZFdudVJ6ZzlIdEE9PSIsInZhbHVlIjoiTitVUVlRbFZyZjJ0b1ZDWVRCQjMweVZzTDlTbklQVGFBV3prSTRKZ0tHQUFHbDF4QWs1RkFsY1ZzUXB1L0ltbXF0SlJoWTN0SVBzK3JjY3R5MWswWWZGQm1KSUxxZEd6MFpNeE5DSkRQNEtUMWxFbkI4L3k0OUVxV3lmMDdmbkoiLCJtYWMiOiIxOTRhYmM3NjczYjM2M2VmNjNmODdhZWIzNGM5ZWFmZmI4NzFkMDE3MmE3YWVmMmExN2VhMjYxZjlmMTliMWJiIiwidGFnIjoiIn0%3D; expires=Sat, 24 Oct 2026 06:40:01 GMT; Max-Age=31536000; path=/; httponly; samesite=lax; __cf_bm=4iFos84pAbdCFaQKBLDUXEyFzaODLLhn5EYYb0j293E-1761288001-1.0.1.1-A7DDUYwkrN_RJpjT1K6wxk2c1sB6KxiGPDjfV98VBUU8QNgfAzjBOw4Wav1fKT7oMacZNpvJRqgRgnwBVflCb5CCTKHHF6jmv5aPzVDc_kY; path=/; expires=Fri, 24-Oct-25 07:10:01 GMT; domain=.bs2bet.com; HttpOnly; Secure; SameSite=None; __cf_bm=mwQylQb._OLn4Q4jGdC4l55WQHJXRir1spcvs3yM8Zo-1761288001-1.0.1.1-QcWvh.MLg0pY7lxljadzug25fgJ7.bdnElWSum1hUHOZIJiC9pijio0e42zN0wlRX5B_8gOU_xYfpoMX20kcA.wFajMx89q1uuwF2Ze2DTQ; path=/; expires=Fri, 24-Oct-25 07:10:01 GMT; domain=.7k.bet.br; HttpOnly; Secure; SameSite=None; _cfuvid=sYFkiP2hlasq_tm8ZTPAiBXj0DNScRP6HIHBouRZuhg-1761288001348-0.0.1.1-604800000; path=/; domain=.7k.bet.br; HttpOnly; Secure; SameSite=None",
  "responseTime": 2044
}
================================================================================

