[2025-10-22T09:10:43.373Z] 噫 [87xpsbnqk] REQUISIﾃﾃグ - lotogreen
{
  "requestId": "87xpsbnqk",
  "timestamp": "2025-10-22T09:10:43.373Z",
  "siteName": "lotogreen",
  "integration": "lotogreen",
  "url": "https://lotogreen.bet.br/api/auth/login",
  "method": "post",
  "headers": {
    "User-Agent": "Mozilla/5.0 (Windows NT 10.0; Win64; x64) AppleWebKit/537.36 (KHTML, like Gecko) Chrome/141.0.0.0 Safari/537.36",
    "Content-Type": "application/json",
    "Origin": "https://lotogreen.bet.br"
  },
  "body": {
    "email": "muvucasbars@gmail.com",
    "password": "Mts.19950927",
    "login": "muvucasbars@gmail.com",
    "app_source": "web"
  },
  "sessionCookies": "",
  "withCredentials": true,
  "maxBodyLength": null
}
================================================================================

[2025-10-22T09:10:43.774Z] 笨 [87xpsbnqk] RESPOSTA - lotogreen
{
  "requestId": "87xpsbnqk",
  "timestamp": "2025-10-22T09:10:43.774Z",
  "siteName": "lotogreen",
  "integration": "lotogreen",
  "status": 200,
  "statusText": "OK",
  "headers": {
    "date": "Wed, 22 Oct 2025 09:10:42 GMT",
    "content-type": "application/json",
    "transfer-encoding": "chunked",
    "connection": "keep-alive",
    "access-control-allow-origin": "*",
    "access-control-allow-methods": "PUT, GET, POST, DELETE, OPTIONS",
    "access-control-allow-headers": "DNT,X-CustomHeader,Keep-Alive,User-Agent,X-Requested-With,If-Modified-Since,Cache-Control,Content-Type,Authorization",
    "access-control-max-age": "1728000",
    "trailing-slash": "true",
    "alt-svc": "h3=\":443\"; ma=86400",
    "cache-control": "no-cache, private",
    "cf-cache-status": "DYNAMIC",
    "x-frame-options": "SAMEORIGIN",
    "nel": "{\"report_to\":\"cf-nel\",\"success_fraction\":0.0,\"max_age\":604800}",
    "report-to": "{\"group\":\"cf-nel\",\"max_age\":604800,\"endpoints\":[{\"url\":\"https://a.nel.cloudflare.com/report/v4?s=vLwOLOiz1PeCc22pfIKq4ruKwQYDOWmC8%2BiszzDgtI0OpotnZTueTa2B6wcIM%2BYpe7b4Fu%2BP2IPQvB8TaNZV9O4gfaAQibIoWaaUi2tZLw4ZBKyc3Sc%3D\"}]}",
    "strict-transport-security": "max-age=31536000; includeSubDomains",
    "access-control-allow-credentials": "true",
    "server": "cloudflare",
    "cf-ray": "9927dcf36ea9a415-GRU"
  },
  "data": {
    "access_token": "eyJ0eXAiOiJKV1QiLCJhbGciOiJIUzI1NiJ9.eyJpc3MiOiJodHRwczovL2JhY2tvZmZpY2UubG90b2dyZWVuLmNvbS9hcGkvYXV0aC9sb2dpbiIsImlhdCI6MTc2MTEyNDI0MiwiZXhwIjoxNzYxMjk3MDQyLCJuYmYiOjE3NjExMjQyNDIsImp0aSI6ImJMU21peWFod01TMzZJcmciLCJzdWIiOiIwMWs4MmoweWU2ejN3MHJ3dnlzZGo0M2RhdiIsInBydiI6IjIzYmQ1Yzg5NDlmNjAwYWRiMzllNzAxYzQwMDg3MmRiN2E1OTc2ZjciLCJ1c2VyX2lkIjoiMDFrODJqMHllNnozdzByd3Z5c2RqNDNkYXYiLCJuYW1lIjoiTWF0ZXVzIFJvZHJpZ3VlcyBTYW50YW5hIiwiZW1haWwiOiJtdXZ1Y2FzYmFyc0BnbWFpbC5jb20iLCJwaG9uZSI6IjEzOTc0MTk4ODMwIiwiYmFsYW5jZSI6MTExMywiZG9jdW1lbnQiOiIyMzU5Nzk5ODg2MCJ9.HU4vVauYCBVFm8HBxC3PjiEh7ft9xciSUkDxCVRO-Hg",
    "token_type": "bearer",
    "expires_in": 172800
  },
  "sessionCookies": "",
  "responseTime": 401
}
================================================================================

[2025-10-22T09:10:43.774Z] 噫 [29cxa323d] REQUISIﾃﾃグ - lotogreen
{
  "requestId": "29cxa323d",
  "timestamp": "2025-10-22T09:10:43.774Z",
  "siteName": "lotogreen",
  "integration": "lotogreen",
  "url": "https://lotogreen.bet.br/api/generate-token",
  "method": "get",
  "headers": {
    "User-Agent": "Mozilla/5.0 (Windows NT 10.0; Win64; x64) AppleWebKit/537.36 (KHTML, like Gecko) Chrome/141.0.0.0 Safari/537.36",
    "Authorization": "Bearer eyJ0eXAiOiJKV1QiLCJhbGciOiJIUzI1NiJ9.eyJpc3MiOiJodHRwczovL2JhY2tvZmZpY2UubG90b2dyZWVuLmNvbS9hcGkvYXV0aC9sb2dpbiIsImlhdCI6MTc2MTEyNDI0MiwiZXhwIjoxNzYxMjk3MDQyLCJuYmYiOjE3NjExMjQyNDIsImp0aSI6ImJMU21peWFod01TMzZJcmciLCJzdWIiOiIwMWs4MmoweWU2ejN3MHJ3dnlzZGo0M2RhdiIsInBydiI6IjIzYmQ1Yzg5NDlmNjAwYWRiMzllNzAxYzQwMDg3MmRiN2E1OTc2ZjciLCJ1c2VyX2lkIjoiMDFrODJqMHllNnozdzByd3Z5c2RqNDNkYXYiLCJuYW1lIjoiTWF0ZXVzIFJvZHJpZ3VlcyBTYW50YW5hIiwiZW1haWwiOiJtdXZ1Y2FzYmFyc0BnbWFpbC5jb20iLCJwaG9uZSI6IjEzOTc0MTk4ODMwIiwiYmFsYW5jZSI6MTExMywiZG9jdW1lbnQiOiIyMzU5Nzk5ODg2MCJ9.HU4vVauYCBVFm8HBxC3PjiEh7ft9xciSUkDxCVRO-Hg",
    "Content-Type": "application/json",
    "Accept": "application/json"
  },
  "body": {
    "user_id": "",
    "token": "eyJ0eXAiOiJKV1QiLCJhbGciOiJIUzI1NiJ9.eyJpc3MiOiJodHRwczovL2JhY2tvZmZpY2UubG90b2dyZWVuLmNvbS9hcGkvYXV0aC9sb2dpbiIsImlhdCI6MTc2MTEyNDI0MiwiZXhwIjoxNzYxMjk3MDQyLCJuYmYiOjE3NjExMjQyNDIsImp0aSI6ImJMU21peWFod01TMzZJcmciLCJzdWIiOiIwMWs4MmoweWU2ejN3MHJ3dnlzZGo0M2RhdiIsInBydiI6IjIzYmQ1Yzg5NDlmNjAwYWRiMzllNzAxYzQwMDg3MmRiN2E1OTc2ZjciLCJ1c2VyX2lkIjoiMDFrODJqMHllNnozdzByd3Z5c2RqNDNkYXYiLCJuYW1lIjoiTWF0ZXVzIFJvZHJpZ3VlcyBTYW50YW5hIiwiZW1haWwiOiJtdXZ1Y2FzYmFyc0BnbWFpbC5jb20iLCJwaG9uZSI6IjEzOTc0MTk4ODMwIiwiYmFsYW5jZSI6MTExMywiZG9jdW1lbnQiOiIyMzU5Nzk5ODg2MCJ9.HU4vVauYCBVFm8HBxC3PjiEh7ft9xciSUkDxCVRO-Hg",
    "expires_at": "2025-10-22T10:10:43.774Z"
  },
  "sessionCookies": ""
}
================================================================================

[2025-10-22T09:10:43.974Z] 笨 [29cxa323d] RESPOSTA - lotogreen
{
  "requestId": "29cxa323d",
  "timestamp": "2025-10-22T09:10:43.974Z",
  "siteName": "lotogreen",
  "integration": "lotogreen",
  "status": 200,
  "statusText": "OK",
  "headers": {
    "date": "Wed, 22 Oct 2025 09:10:43 GMT",
    "content-type": "application/json",
    "transfer-encoding": "chunked",
    "connection": "keep-alive",
    "access-control-allow-origin": "*",
    "access-control-allow-methods": "PUT, GET, POST, DELETE, OPTIONS",
    "access-control-allow-headers": "DNT,X-CustomHeader,Keep-Alive,User-Agent,X-Requested-With,If-Modified-Since,Cache-Control,Content-Type,Authorization",
    "access-control-max-age": "1728000",
    "trailing-slash": "true",
    "alt-svc": "h3=\":443\"; ma=86400",
    "cache-control": "no-cache, private",
    "cf-cache-status": "DYNAMIC",
    "x-frame-options": "SAMEORIGIN",
    "nel": "{\"report_to\":\"cf-nel\",\"success_fraction\":0.0,\"max_age\":604800}",
    "report-to": "{\"group\":\"cf-nel\",\"max_age\":604800,\"endpoints\":[{\"url\":\"https://a.nel.cloudflare.com/report/v4?s=sFeNSNgNa65Lh9BNVVAy7k3TEiS1swc37pDBPmb5E515aE99Wbog1Bb%2F%2BTMSethGSRLCNT%2FNtg1n3j7FalNNYIhSPN9tQyQzA6KfiJP9dqNRrtRQTfA%3D\"}]}",
    "strict-transport-security": "max-age=31536000; includeSubDomains",
    "access-control-allow-credentials": "true",
    "server": "cloudflare",
    "cf-ray": "9927dcf5c812a415-GRU"
  },
  "data": {
    "user_id": "01k82j0ye6z3w0rwvysdj43dav",
    "token": "_loto_I3jHV61y7DDhh4TY",
    "expires_at": "2025-10-22T10:10:42.942485Z"
  },
  "sessionCookies": "",
  "responseTime": 200
}
================================================================================

[2025-10-22T09:10:43.975Z] 噫 [3dh4y0nwb] REQUISIﾃﾃグ - lotogreen
{
  "requestId": "3dh4y0nwb",
  "timestamp": "2025-10-22T09:10:43.975Z",
  "siteName": "lotogreen",
  "integration": "lotogreen",
  "url": "https://sb2auth-altenar2.biahosted.com/api/WidgetAuth/SignIn",
  "method": "post",
  "headers": {
    "User-Agent": "Mozilla/5.0 (Windows NT 10.0; Win64; x64) AppleWebKit/537.36 (KHTML, like Gecko) Chrome/141.0.0.0 Safari/537.36",
    "Content-Type": "application/json",
    "Accept": "application/json"
  },
  "body": {
    "culture": "pt-BR",
    "timezoneOffset": 180,
    "integration": "lotogreen",
    "deviceType": 1,
    "numFormat": "en-GB",
    "countryCode": "BR",
    "token": "_loto_I3jHV61y7DDhh4TY"
  },
  "sessionCookies": ""
}
================================================================================

[2025-10-22T09:10:45.442Z] 笨 [3dh4y0nwb] RESPOSTA - lotogreen
{
  "requestId": "3dh4y0nwb",
  "timestamp": "2025-10-22T09:10:45.442Z",
  "siteName": "lotogreen",
  "integration": "lotogreen",
  "status": 200,
  "statusText": "OK",
  "headers": {
    "server": "nginx",
    "date": "Wed, 22 Oct 2025 09:10:44 GMT",
    "content-type": "application/json; charset=utf-8",
    "content-length": "739",
    "access-control-allow-origin": "*",
    "strict-transport-security": "max-age=15552000",
    "via": "1.1 google",
    "alt-svc": "h3=\":443\"; ma=2592000,h3-29=\":443\"; ma=2592000"
  },
  "data": {
    "accessToken": "eyJhbGciOiJIUzI1NiIsInR5cCI6IkpXVCJ9.eyJDb25maWd1cmF0aW9uSWQiOiIxMiIsIlBlcnNvblR5cGUiOiIzIiwiUGVyc29uSWQiOiI2NzUwMjk5NyIsIlVzZXJOYW1lIjoiTWF0ZXVzIFJvZHJpZ3VlcyBTYW50YW5hIiwiTG9naW5JZCI6Ijc1NTE4MjAyIiwiQ3VycmVuY3lTaWduIjoiUiQiLCJNaW5Cb251c1ByaWNlIjoiMS4yNSIsIkJvbnVzVGVtcGxhdGVJZCI6IjM2MyIsIkN1cnJlbmN5SWQiOiI5ODYiLCJDdXJyZW5jeUNvZGUiOiJCUkwiLCJDb3VudHJ5Q29kZSI6IkJSIiwiQnJhbmRJZCI6Ijc3MCIsIkNsaWVudElQIjoiMTc5LjEyNS4yMTEuMTM5IiwiZXhwIjoxNzYxMTI1MTQ0LCJpc3MiOiJTQjIiLCJhdWQiOiJTQjIifQ.9vKxvFdBeMuQX0-VJbNgM5Rj2HLd8U8jX57nlALwawQ",
    "currency": "BRL",
    "isUserLocked": false,
    "isAgency": false,
    "currencySign": "R$",
    "currencyId": 986,
    "currencyDisplay": 0,
    "encryptedPlayerId": "53IX2njrpncpHT7Egr/3gA==",
    "regDate": "2025-10-21T05:06:26.45"
  },
  "sessionCookies": "",
  "responseTime": 1467
}
================================================================================

[2025-10-22T09:10:45.444Z] 噫 [0b2ty3iyq] REQUISIﾃﾃグ - lotogreen
{
  "requestId": "0b2ty3iyq",
  "timestamp": "2025-10-22T09:10:45.444Z",
  "siteName": "lotogreen",
  "integration": "lotogreen",
  "url": "https://sb2betgateway-altenar2.biahosted.com/api/widget/placeWidget",
  "method": "post",
  "headers": {
    "User-Agent": "Mozilla/5.0 (Windows NT 10.0; Win64; x64) AppleWebKit/537.36 (KHTML, like Gecko) Chrome/141.0.0.0 Safari/537.36",
    "Authorization": "Bearer eyJhbGciOiJIUzI1NiIsInR5cCI6IkpXVCJ9.eyJDb25maWd1cmF0aW9uSWQiOiIxMiIsIlBlcnNvblR5cGUiOiIzIiwiUGVyc29uSWQiOiI2NzUwMjk5NyIsIlVzZXJOYW1lIjoiTWF0ZXVzIFJvZHJpZ3VlcyBTYW50YW5hIiwiTG9naW5JZCI6Ijc1NTE4MjAyIiwiQ3VycmVuY3lTaWduIjoiUiQiLCJNaW5Cb251c1ByaWNlIjoiMS4yNSIsIkJvbnVzVGVtcGxhdGVJZCI6IjM2MyIsIkN1cnJlbmN5SWQiOiI5ODYiLCJDdXJyZW5jeUNvZGUiOiJCUkwiLCJDb3VudHJ5Q29kZSI6IkJSIiwiQnJhbmRJZCI6Ijc3MCIsIkNsaWVudElQIjoiMTc5LjEyNS4yMTEuMTM5IiwiZXhwIjoxNzYxMTI1MTQ0LCJpc3MiOiJTQjIiLCJhdWQiOiJTQjIifQ.9vKxvFdBeMuQX0-VJbNgM5Rj2HLd8U8jX57nlALwawQ",
    "Content-Type": "application/json",
    "Accept": "application/json"
  },
  "body": {
    "culture": "pt-BR",
    "timezoneOffset": 180,
    "integration": "lotogreen",
    "deviceType": 1,
    "numFormat": "en-GB",
    "countryCode": "BR",
    "betType": 0,
    "isAutoCharge": false,
    "stakes": [
      100
    ],
    "oddsChangeAction": 1,
    "betMarkets": [
      {
        "id": 14083496,
        "isBanker": false,
        "dbId": 10,
        "sportName": "Futebol",
        "rC": false,
        "eventName": "Flamengo vs. Racing Club",
        "catName": "Amﾃｩricas",
        "champName": "Copa Libertadores",
        "sportTypeId": 1,
        "odds": [
          {
            "id": 2911669707,
            "marketId": 1189183450,
            "price": 1.4167,
            "marketName": "Vencedor do encontro",
            "marketTypeId": 1,
            "mostBalanced": false,
            "selectionTypeId": 1,
            "selectionName": "Flamengo",
            "widgetInfo": {
              "widget": 12,
              "page": 3,
              "tabIndex": 3
            }
          }
        ]
      }
    ],
    "eachWays": [
      false
    ],
    "requestId": "OJhYd0h9OK1NMTEj4BAv",
    "confirmedByClient": false,
    "device": 0
  },
  "sessionCookies": ""
}
================================================================================

[2025-10-22T09:10:46.228Z] 笨 [0b2ty3iyq] RESPOSTA - lotogreen
{
  "requestId": "0b2ty3iyq",
  "timestamp": "2025-10-22T09:10:46.228Z",
  "siteName": "lotogreen",
  "integration": "lotogreen",
  "status": 200,
  "statusText": "OK",
  "headers": {
    "server": "nginx",
    "date": "Wed, 22 Oct 2025 09:10:45 GMT",
    "content-type": "application/json; charset=utf-8",
    "content-length": "186",
    "access-control-allow-origin": "*",
    "strict-transport-security": "max-age=15552000",
    "via": "1.1 google",
    "alt-svc": "h3=\":443\"; ma=2592000,h3-29=\":443\"; ma=2592000"
  },
  "data": {
    "error": {
      "changedOdds": [
        {
          "selectionId": 2911669707,
          "price": 1.3847
        }
      ],
      "betslipResult": {
        "totalPotentialWin": 138.47,
        "minPotentialWin": 138.47,
        "maxOdds": 1.3847,
        "maxBonus": 0
      },
      "errorType": 6
    }
  },
  "sessionCookies": "",
  "responseTime": 784
}
================================================================================

[2025-10-22T09:10:46.539Z] 噫 [y9qrs1o1x] REQUISIﾃﾃグ - lotogreen
{
  "requestId": "y9qrs1o1x",
  "timestamp": "2025-10-22T09:10:46.539Z",
  "siteName": "lotogreen",
  "integration": "lotogreen",
  "url": "https://lotogreen.bet.br/api/auth/login",
  "method": "post",
  "headers": {
    "User-Agent": "Mozilla/5.0 (Windows NT 10.0; Win64; x64) AppleWebKit/537.36 (KHTML, like Gecko) Chrome/141.0.0.0 Safari/537.36",
    "Content-Type": "application/json",
    "Origin": "https://lotogreen.bet.br"
  },
  "body": {
    "email": "muvucasbars@gmail.com",
    "password": "Mts.19950927",
    "login": "muvucasbars@gmail.com",
    "app_source": "web"
  },
  "sessionCookies": "",
  "withCredentials": true,
  "maxBodyLength": null
}
================================================================================

[2025-10-22T09:10:46.915Z] 笨 [y9qrs1o1x] RESPOSTA - lotogreen
{
  "requestId": "y9qrs1o1x",
  "timestamp": "2025-10-22T09:10:46.915Z",
  "siteName": "lotogreen",
  "integration": "lotogreen",
  "status": 200,
  "statusText": "OK",
  "headers": {
    "date": "Wed, 22 Oct 2025 09:10:45 GMT",
    "content-type": "application/json",
    "transfer-encoding": "chunked",
    "connection": "keep-alive",
    "access-control-allow-origin": "*",
    "access-control-allow-methods": "PUT, GET, POST, DELETE, OPTIONS",
    "access-control-allow-headers": "DNT,X-CustomHeader,Keep-Alive,User-Agent,X-Requested-With,If-Modified-Since,Cache-Control,Content-Type,Authorization",
    "access-control-max-age": "1728000",
    "trailing-slash": "true",
    "alt-svc": "h3=\":443\"; ma=86400",
    "cache-control": "no-cache, private",
    "cf-cache-status": "DYNAMIC",
    "x-frame-options": "SAMEORIGIN",
    "nel": "{\"report_to\":\"cf-nel\",\"success_fraction\":0.0,\"max_age\":604800}",
    "report-to": "{\"group\":\"cf-nel\",\"max_age\":604800,\"endpoints\":[{\"url\":\"https://a.nel.cloudflare.com/report/v4?s=of2nDOGIX6BIVORpniqZeLQGrhD04AART3U57n8QifGRJ6JEkEm5jmgl1r1OcCNmz9cDvUhYxAxuhGWBaOfTtvM4xzOGHHrcakLj7n8ecuMs5Ai3CVE%3D\"}]}",
    "strict-transport-security": "max-age=31536000; includeSubDomains",
    "access-control-allow-credentials": "true",
    "server": "cloudflare",
    "cf-ray": "9927dd060811a415-GRU"
  },
  "data": {
    "access_token": "eyJ0eXAiOiJKV1QiLCJhbGciOiJIUzI1NiJ9.eyJpc3MiOiJodHRwczovL2JhY2tvZmZpY2UubG90b2dyZWVuLmNvbS9hcGkvYXV0aC9sb2dpbiIsImlhdCI6MTc2MTEyNDI0NSwiZXhwIjoxNzYxMjk3MDQ1LCJuYmYiOjE3NjExMjQyNDUsImp0aSI6InhFNXVSQjg5cFJvVzU5ZUwiLCJzdWIiOiIwMWs4MmoweWU2ejN3MHJ3dnlzZGo0M2RhdiIsInBydiI6IjIzYmQ1Yzg5NDlmNjAwYWRiMzllNzAxYzQwMDg3MmRiN2E1OTc2ZjciLCJ1c2VyX2lkIjoiMDFrODJqMHllNnozdzByd3Z5c2RqNDNkYXYiLCJuYW1lIjoiTWF0ZXVzIFJvZHJpZ3VlcyBTYW50YW5hIiwiZW1haWwiOiJtdXZ1Y2FzYmFyc0BnbWFpbC5jb20iLCJwaG9uZSI6IjEzOTc0MTk4ODMwIiwiYmFsYW5jZSI6MTExMywiZG9jdW1lbnQiOiIyMzU5Nzk5ODg2MCJ9.fv23_osxlT_3PJK8-icldoI-HoYcD_wOHdS2rHK1S88",
    "token_type": "bearer",
    "expires_in": 172800
  },
  "sessionCookies": "",
  "responseTime": 376
}
================================================================================

[2025-10-22T09:10:46.916Z] 噫 [3cv4jzxdq] REQUISIﾃﾃグ - lotogreen
{
  "requestId": "3cv4jzxdq",
  "timestamp": "2025-10-22T09:10:46.916Z",
  "siteName": "lotogreen",
  "integration": "lotogreen",
  "url": "https://lotogreen.bet.br/api/auth/me",
  "method": "get",
  "headers": {
    "User-Agent": "Mozilla/5.0 (Windows NT 10.0; Win64; x64) AppleWebKit/537.36 (KHTML, like Gecko) Chrome/141.0.0.0 Safari/537.36",
    "Authorization": "Bearer eyJ0eXAiOiJKV1QiLCJhbGciOiJIUzI1NiJ9.eyJpc3MiOiJodHRwczovL2JhY2tvZmZpY2UubG90b2dyZWVuLmNvbS9hcGkvYXV0aC9sb2dpbiIsImlhdCI6MTc2MTEyNDI0NSwiZXhwIjoxNzYxMjk3MDQ1LCJuYmYiOjE3NjExMjQyNDUsImp0aSI6InhFNXVSQjg5cFJvVzU5ZUwiLCJzdWIiOiIwMWs4MmoweWU2ejN3MHJ3dnlzZGo0M2RhdiIsInBydiI6IjIzYmQ1Yzg5NDlmNjAwYWRiMzllNzAxYzQwMDg3MmRiN2E1OTc2ZjciLCJ1c2VyX2lkIjoiMDFrODJqMHllNnozdzByd3Z5c2RqNDNkYXYiLCJuYW1lIjoiTWF0ZXVzIFJvZHJpZ3VlcyBTYW50YW5hIiwiZW1haWwiOiJtdXZ1Y2FzYmFyc0BnbWFpbC5jb20iLCJwaG9uZSI6IjEzOTc0MTk4ODMwIiwiYmFsYW5jZSI6MTExMywiZG9jdW1lbnQiOiIyMzU5Nzk5ODg2MCJ9.fv23_osxlT_3PJK8-icldoI-HoYcD_wOHdS2rHK1S88",
    "Content-Type": "application/json",
    "Accept": "application/json"
  },
  "sessionCookies": ""
}
================================================================================

[2025-10-22T09:10:47.133Z] 笨 [3cv4jzxdq] RESPOSTA - lotogreen
{
  "requestId": "3cv4jzxdq",
  "timestamp": "2025-10-22T09:10:47.133Z",
  "siteName": "lotogreen",
  "integration": "lotogreen",
  "status": 200,
  "statusText": "OK",
  "headers": {
    "date": "Wed, 22 Oct 2025 09:10:45 GMT",
    "content-type": "application/json",
    "transfer-encoding": "chunked",
    "connection": "keep-alive",
    "access-control-allow-origin": "*",
    "access-control-allow-methods": "PUT, GET, POST, DELETE, OPTIONS",
    "access-control-allow-headers": "DNT,X-CustomHeader,Keep-Alive,User-Agent,X-Requested-With,If-Modified-Since,Cache-Control,Content-Type,Authorization",
    "access-control-max-age": "1728000",
    "trailing-slash": "true",
    "alt-svc": "h3=\":443\"; ma=86400",
    "cache-control": "no-cache, private",
    "cf-cache-status": "DYNAMIC",
    "x-frame-options": "SAMEORIGIN",
    "nel": "{\"report_to\":\"cf-nel\",\"success_fraction\":0.0,\"max_age\":604800}",
    "report-to": "{\"group\":\"cf-nel\",\"max_age\":604800,\"endpoints\":[{\"url\":\"https://a.nel.cloudflare.com/report/v4?s=CgSDWdldGVlTNWm9W2Wifh4bv3w%2BoK4lQclwMdBlaVm4OzvTcfeCLqayeBi2Wbyy79mj1Er4V2caeiwrlzLLcuEh6zEiZeFOSdCw%2BDpSc1Nvc1WiN6k%3D\"}]}",
    "strict-transport-security": "max-age=31536000; includeSubDomains",
    "access-control-allow-credentials": "true",
    "server": "cloudflare",
    "cf-ray": "9927dd0848e7a415-GRU"
  },
  "data": {
    "id": "01k82j0ye6z3w0rwvysdj43dav",
    "name": "Mateus Rodrigues Santana",
    "email": "muvucasbars@gmail.com",
    "phone": "13974198830",
    "birthday": "1995-09-27",
    "email_verified_at": null,
    "balance": 1113,
    "active": 1,
    "status": "Ativo",
    "ftd_paid": 1,
    "ftd_active": null,
    "created_at": "2025-10-21T04:56:45.000000Z",
    "updated_at": "2025-10-22T09:10:45.000000Z",
    "last_login_at": "2025-10-22 06:10:45",
    "last_real_login_at": "2025-10-22T09:10:42.000000Z",
    "gender": 1,
    "kyc_verification": 0,
    "referrer_id": null,
    "identity_verify": 0,
    "country": null,
    "is_suspended": false,
    "is_self_excluded": false,
    "address_verify": 0,
    "accepted_domain_migration": false,
    "pix_type": "CPF",
    "document": {
      "id": 4023396,
      "number": "23597998860",
      "user_id": "01k82j0ye6z3w0rwvysdj43dav",
      "created_at": "2025-10-21T04:56:45.000000Z",
      "updated_at": "2025-10-21T04:56:45.000000Z"
    },
    "address": {
      "id": 1431886,
      "user_id": "01k82j0ye6z3w0rwvysdj43dav",
      "street": "AV SAO FRANCISCO DE ASSIS, 3828 - CASA",
      "city": "PRAIA GRANDE",
      "state": "SP",
      "neighborhood": "-",
      "number": "0",
      "zip_code": "11724475",
      "created_at": "2025-10-21T04:56:48.000000Z",
      "updated_at": "2025-10-21T04:56:48.000000Z"
    },
    "commission": null,
    "deposit_rollover": {
      "id": 1095885,
      "user_id": "01k82j0ye6z3w0rwvysdj43dav",
      "total": 0,
      "amount": 200
    },
    "user_rollover": null,
    "settings": [
      {
        "user_id": "01k82j0ye6z3w0rwvysdj43dav",
        "name": "spent_daily",
        "value": 0,
        "type": "integer"
      },
      {
        "user_id": "01k82j0ye6z3w0rwvysdj43dav",
        "name": "spent_weekly",
        "value": 0,
        "type": "integer"
      },
      {
        "user_id": "01k82j0ye6z3w0rwvysdj43dav",
        "name": "spent_monthly",
        "value": 0,
        "type": "integer"
      },
      {
        "user_id": "01k82j0ye6z3w0rwvysdj43dav",
        "name": "spent_annually",
        "value": 0,
        "type": "integer"
      },
      {
        "user_id": "01k82j0ye6z3w0rwvysdj43dav",
        "name": "losses_daily",
        "value": 0,
        "type": "integer"
      },
      {
        "user_id": "01k82j0ye6z3w0rwvysdj43dav",
        "name": "losses_weekly",
        "value": 0,
        "type": "integer"
      },
      {
        "user_id": "01k82j0ye6z3w0rwvysdj43dav",
        "name": "losses_monthly",
        "value": 0,
        "type": "integer"
      },
      {
        "user_id": "01k82j0ye6z3w0rwvysdj43dav",
        "name": "losses_annually",
        "value": 0,
        "type": "integer"
      },
      {
        "user_id": "01k82j0ye6z3w0rwvysdj43dav",
        "name": "deposit_daily",
        "value": 0,
        "type": "integer"
      },
      {
        "user_id": "01k82j0ye6z3w0rwvysdj43dav",
        "name": "deposit_weekly",
        "value": 0,
        "type": "integer"
      },
      {
        "user_id": "01k82j0ye6z3w0rwvysdj43dav",
        "name": "deposit_monthly",
        "value": 0,
        "type": "integer"
      },
      {
        "user_id": "01k82j0ye6z3w0rwvysdj43dav",
        "name": "deposit_annually",
        "value": 0,
        "type": "integer"
      },
      {
        "user_id": "01k82j0ye6z3w0rwvysdj43dav",
        "name": "time_daily",
        "value": 0,
        "type": "integer"
      },
      {
        "user_id": "01k82j0ye6z3w0rwvysdj43dav",
        "name": "time_weekly",
        "value": 0,
        "type": "integer"
      },
      {
        "user_id": "01k82j0ye6z3w0rwvysdj43dav",
        "name": "time_monthly",
        "value": 0,
        "type": "integer"
      },
      {
        "user_id": "01k82j0ye6z3w0rwvysdj43dav",
        "name": "time_annually",
        "value": 0,
        "type": "integer"
      },
      {
        "user_id": "01k82j0ye6z3w0rwvysdj43dav",
        "name": "suspended",
        "value": 0,
        "type": "integer"
      },
      {
        "user_id": "01k82j0ye6z3w0rwvysdj43dav",
        "name": "excluded",
        "value": 0,
        "type": "integer"
      },
      {
        "user_id": "01k82j0ye6z3w0rwvysdj43dav",
        "name": "accepted_terms_at",
        "value": true,
        "type": "boolean"
      },
      {
        "user_id": "01k82j0ye6z3w0rwvysdj43dav",
        "name": "accept_domain_migration",
        "value": false,
        "type": "boolean"
      }
    ],
    "is_email_valid": true,
    "is_phone_valid": true
  },
  "sessionCookies": "",
  "responseTime": 217
}
================================================================================

