[2025-10-22T09:10:43.039Z] 噫 [rw6pp1aq2] REQUISIﾃﾃグ - mcgames
{
  "requestId": "rw6pp1aq2",
  "timestamp": "2025-10-22T09:10:43.039Z",
  "siteName": "mcgames",
  "integration": "mcgames",
  "url": "https://mcgames.bet.br/api/auth/login",
  "method": "post",
  "headers": {
    "Content-Type": "application/json"
  },
  "body": {
    "login": "23597998860",
    "email": "23597998860",
    "password": "Mateuus.27",
    "app_source": "web",
    "captcha_token": ""
  },
  "sessionCookies": "",
  "withCredentials": true,
  "maxBodyLength": null
}
================================================================================

[2025-10-22T09:10:45.121Z] 笨 [rw6pp1aq2] RESPOSTA - mcgames
{
  "requestId": "rw6pp1aq2",
  "timestamp": "2025-10-22T09:10:45.121Z",
  "siteName": "mcgames",
  "integration": "mcgames",
  "status": 200,
  "statusText": "OK",
  "headers": {
    "date": "Wed, 22 Oct 2025 09:10:44 GMT",
    "content-type": "application/json",
    "transfer-encoding": "chunked",
    "connection": "keep-alive",
    "server": "cloudflare",
    "cf-ray": "9927dcf19aa6f2e4-GRU",
    "cf-cache-status": "DYNAMIC",
    "access-control-allow-origin": "*",
    "cache-control": "max-age=0, no-cache, must-revalidate",
    "set-cookie": [
      "__Host-jwt_token_strict=eyJpdiI6ImVyRVdsbUVPUlpENndYQkFoblZoL0E9PSIsInZhbHVlIjoiS0FUcVRYNFRLU2FUM1RlT1dKN3dGNHRBUGI4UTVEaDRTSzlZUlp0S1ZNbWhqRnAvQzBwTHUvOFZBTkFzTnZnV0xZNFVJTXc2cHhGTmxqOC92YzRrSFhWR1o4bTM5WDR0b2daZ2FXSmJVRGM9IiwibWFjIjoiZTVmOTZjM2JlMWQ5ZjcwMjUzMTBjYmZiOTYzOTM1NmEwZTU1OWNjM2I3YWUxYzU5ZGI4ZTY1MjViZmU2YmE5NyIsInRhZyI6IiJ9; expires=Mon, 04 Oct 2100 09:10:44 GMT; Max-Age=2365200000; path=/; secure; httponly; samesite=strict",
      "__Host-jwt_token_lax=eyJpdiI6ImJhQmM3TkR0S0NzUHRUWVJuUmdLdEE9PSIsInZhbHVlIjoicjBOOE5EMjRQOWg3MTczUUJPUXdtUHZ5MndXQWRNTml6aG9aWW5rbWJQc3pXNjRmdXNaSld4eHpaend4WDRPTitKU1BkTzlObEZBZkZlVVRnZ2FFUDNMQUZGNW1MM1dRRzNzZW9xYldpaFU9IiwibWFjIjoiMzUxYjkyZTk1NjBiYjVmMDFiZjBhZDNjY2MxMmZmYjhmNjJhMGYzOTg3NTFhOWNlMjcxZTExMThiMGZkZGZlNSIsInRhZyI6IiJ9; expires=Mon, 04 Oct 2100 09:10:44 GMT; Max-Age=2365200000; path=/; secure; httponly; samesite=lax",
      "__Host-jwt_token_none=eyJpdiI6ImxPc01WOTJ5alZSYk5GZkhESlMwa3c9PSIsInZhbHVlIjoia0RzcTk3VHlOc3hCYjlySkFualFoeHpOMEdDaTdSdGtvN1k4ejM0NWNIZ2RkdEpOVC9aWktySFpGS1VpVnJ2bG5oZjYyU0syczBFRWY5ZTAzNWZ4aVFUUkhleGxFUXlWcUdlaTB0K1RPVFk9IiwibWFjIjoiYTBiOTk1MThkZWY3ZDZmZjE0OTdlN2M0NTliN2JiMDNjMTBhNjZkYTM3ZmJjNDhiMWE0ZmZkYmUzZjRmMDA0NyIsInRhZyI6IiJ9; expires=Mon, 04 Oct 2100 09:10:44 GMT; Max-Age=2365200000; path=/; secure; httponly; samesite=none",
      "bet7k_session=eyJpdiI6ImkvQkJzMlFCcTZocFdhUm9OT0NicHc9PSIsInZhbHVlIjoiWlBzVW5aVjdHSTM0cGU2clVBYy9EK3RheFdPMlJmNFBrY1RhM3MvamtkSnFyNXpNRDFPUURadlQyT0JUa29zTmtoTExFdlpPZG5KWFk4Qk85WUtLU3N3WFFCNmRmVDJVOVNxb2ZRWXJQVHFoWFE2ajFQZmtyVFlqaitJM2NTWDEiLCJtYWMiOiIwODYyODY4M2ZlMGYzYTg2Y2UwZWZiMDllNDE4NGEyMmNiNzhkMTM5MzU0YTVlNGFhYmMyZTBlYzBiNDExM2NmIiwidGFnIjoiIn0%3D; expires=Thu, 22 Oct 2026 09:10:44 GMT; Max-Age=31536000; path=/; httponly; samesite=lax",
      "__cf_bm=XMmBpq1uIn4J9SGugTqV6.5mIrWAB3IPJscEl0TnhAw-1761124244-1.0.1.1-GkYA0SHvq.yBVRP.3TBpkNG.cepSKCY3Fd5EwPTxVSXRovHaKCkCW4v7WBo8VOfxw0c7EZQ8W.nFyH4wNiucDsRDEmWPgNWuVKvN2mSChgk; path=/; expires=Wed, 22-Oct-25 09:40:44 GMT; domain=.bs2bet.com; HttpOnly; Secure; SameSite=None",
      "__cf_bm=0QOmMnkHKb7fXyG1dgJJw6ECzIfYftD9W27K5XVAWU0-1761124244-1.0.1.1-mHACqnn2M5NRO7nTlKXx4GOOnfyBBwnnmaLnx0Ri4BTN4kaGNWXoA.KNaHVtMCN1zyjr6xROWR8m8fmmi1Q0GS.0cXk56v4N_ti1UQ_l18g; path=/; expires=Wed, 22-Oct-25 09:40:44 GMT; domain=.mcgames.bet.br; HttpOnly; Secure; SameSite=None",
      "_cfuvid=6er2e7iVxtLB4GGpx8QJm8JA4K34EY2QkpyKuUUBlds-1761124244096-0.0.1.1-604800000; path=/; domain=.mcgames.bet.br; HttpOnly; Secure; SameSite=None"
    ],
    "strict-transport-security": "max-age=15768000;",
    "vary": "Accept-Encoding",
    "cf-placement": "local-",
    "protected": "by MS23041901",
    "srv": "ip-172-16-60-179",
    "x-ratelimit-limit": "999999999",
    "x-ratelimit-remaining": "999999848"
  },
  "data": {
    "access_token": "eyJ0eXAiOiJKV1QiLCJhbGciOiJIUzI1NiJ9.eyJpc3MiOiJodHRwczovL2FwaS1tY2dhbWVzLWJldGJyLmJzMmJldC5jb20vdjIvYXV0aC9sb2dpbiIsImlhdCI6MTc2MTEyNDI0NCwiZXhwIjoxNzYxNzI5MDQ0LCJuYmYiOjE3NjExMjQyNDQsImp0aSI6InRnQVc0UDlsb1U4ZjNmcmIiLCJzdWIiOiIyOTk4MTAxNCIsInBydiI6IjIzYmQ1Yzg5NDlmNjAwYWRiMzllNzAxYzQwMDg3MmRiN2E1OTc2ZjciLCJoYSI6IjUiLCJoYiI6IjAwZWE1NDE0MzYwM2RlYzlmNjFkOTdmZmY2YmQ3ZTU1IiwiaGMiOiI3MDA2YTExYzY2NzViODcwMTAwNDRjMGQ3YmIxMjY4OSIsImhpIjoiYWIyY2M3Y2Q5NzY5YmZkNzBjN2Y2ZGY2NzdhZjMzNGMiLCJoZCI6IjY4NDk1N2ZkZGE1YTIwMzI3YjY3NTYzYjlkZjdmMDMyIiwiaGwiOiI4N2YzMWUzNjVlNWNkMDcyYjA1MTE1ZDRkMWJkZTc0YSIsImhmIjoiMV9mMzg5ZGUwN2JmNmI1NzY4YTU4OWQ2NDZlYzliYzIwNl8xNzYxMTI0MjQyIn0.M0sKD2ypACu1dce7D7yNR74sOT5xG0quPX08_u-kgSg",
    "token_type": "bearer",
    "expires_in": 604800,
    "user": {
      "id": 29981014,
      "name": "Mateus Rodrigues Santana",
      "email": "muvucasbars@gmail.com",
      "username": "072b1fa0214d80d612398aa2ec3c6d47",
      "email_verified_at": null,
      "token": "mcgamesbetbr_-2MpzDrMj2LTgsNgooGiDhwF4Rv5yfk95WgCQr132RWrpkQRYBs727Bnn",
      "ftd_value": 650,
      "ftd_date": "2025-05-29 21:23:21",
      "created_at": "2025-05-30T00:18:43.000000Z",
      "updated_at": "2025-10-22T09:10:42.000000Z",
      "is_active": 1,
      "phone": "13974198830",
      "commission": null,
      "manager_id": null,
      "admin_id": null,
      "commission_grid_id": null,
      "affiliation_code": "e082c73f8dd4",
      "recommended_by": null,
      "menu_list": null,
      "bonus_enabled": 0,
      "first_name": "Mateus",
      "last_name": "Santana",
      "mother_name": "Agmar Rodrigues De Jesus",
      "gender": 0,
      "birth_date": "1995-09-27",
      "cancelled_account": 0,
      "is_test": 0,
      "ddi": "+55",
      "country": "BRA",
      "currency": "BRL",
      "language": "pt-br",
      "timezone": "America/Sao_Paulo",
      "address": "Sao Francisco De Assis, 3828, Casa - Tupiry",
      "city": "Praia Grande",
      "state": "SP",
      "zipcode": "11724475",
      "is_internal": 0,
      "app_source": null,
      "user_info": {
        "user_id": 29981014,
        "tc_accepted_at": "2025-05-29 21:18:44",
        "mkt_accepted_at": "2025-05-29 21:18:44",
        "lgpd_accepted_at": "2025-05-29 21:18:44",
        "law_accepted_at": "2025-05-29 21:18:44",
        "migrate_accepted_at": "2025-05-29 21:18:44",
        "privacy_accepted_at": "2025-05-29 21:18:44",
        "status": 1,
        "status_updated_at": "2025-06-20 13:53:21",
        "status_note": null,
        "user_pause": 0,
        "user_pause_at": null,
        "user_exclusion": 0,
        "user_exclusion_at": null,
        "spa_exclusion": 0,
        "spa_exclusion_at": null,
        "spa_exclusion_note": null,
        "operator_exclusion": 0,
        "operator_exclusion_at": null,
        "operator_exclusion_note": null,
        "operator_exclusion_by": null,
        "user_limit_period": null,
        "user_limit_time": null,
        "user_limit_time_active": 0,
        "user_limit_time_period": null,
        "user_limit_time_change": null,
        "user_limit_bet": null,
        "user_limit_bet_active": 0,
        "user_limit_bet_period": null,
        "user_limit_bet_change": null,
        "user_limit_loss": null,
        "user_limit_loss_active": 0,
        "user_limit_loss_period": null,
        "user_limit_loss_change": null,
        "user_limit_deposit": null,
        "user_limit_deposit_active": 0,
        "user_limit_deposit_period": null,
        "user_limit_deposit_change": null,
        "user_limit_withdrawal": null,
        "user_limit_last_change": null,
        "last_verification_at": null,
        "login_at": "2025-10-22 06:10:42",
        "login_attempt_qty": 3,
        "login_city": "Campinas",
        "login_state": "SP",
        "login_ip": "179.125.211.139",
        "validate_email_at": "2025-05-29 23:29:22",
        "validate_sms_at": "2025-05-29 23:31:04",
        "kyc_validated_at": "2025-05-29 21:21:46",
        "latitude": "-22.90556",
        "longitude": "-47.06083",
        "strong_password": 1,
        "location_at": null,
        "nationalities": "[{\"id\": 1, \"value\": \"Brasileiro (a)\"}]",
        "created_at": "2025-05-30T00:18:43.000000Z",
        "updated_at": "2025-10-22T09:10:42.000000Z",
        "id": 1979828,
        "two_factor_enabled": 0,
        "two_factor_type": null,
        "two_factor_at": null,
        "login_device": "Mozilla/5.0 (Windows NT 10.0; Win64; x64) AppleWebKit/537.36 (KHTML, like Gecko) Chrome/141.0.0.0 Safari/537.36"
      },
      "roles": [
        {
          "id": 5,
          "name": "player",
          "guard_name": "api",
          "created_at": "2024-12-22T11:15:56.000000Z",
          "updated_at": "2025-02-04T13:49:25.000000Z",
          "pivot": {
            "model_id": 29981014,
            "role_id": 5,
            "model_type": "App\\Models\\User"
          }
        }
      ]
    },
    "userInfo": {
      "user_id": 29981014,
      "tc_accepted_at": "2025-05-29 21:18:44",
      "mkt_accepted_at": "2025-05-29 21:18:44",
      "lgpd_accepted_at": "2025-05-29 21:18:44",
      "law_accepted_at": "2025-05-29 21:18:44",
      "migrate_accepted_at": "2025-05-29 21:18:44",
      "privacy_accepted_at": "2025-05-29 21:18:44",
      "status": 1,
      "status_updated_at": "2025-06-20 13:53:21",
      "status_note": null,
      "user_pause": 0,
      "user_pause_at": null,
      "user_exclusion": 0,
      "user_exclusion_at": null,
      "spa_exclusion": 0,
      "spa_exclusion_at": null,
      "spa_exclusion_note": null,
      "operator_exclusion": 0,
      "operator_exclusion_at": null,
      "operator_exclusion_note": null,
      "operator_exclusion_by": null,
      "user_limit_period": null,
      "user_limit_time": null,
      "user_limit_time_active": 0,
      "user_limit_time_period": null,
      "user_limit_time_change": null,
      "user_limit_bet": null,
      "user_limit_bet_active": 0,
      "user_limit_bet_period": null,
      "user_limit_bet_change": null,
      "user_limit_loss": null,
      "user_limit_loss_active": 0,
      "user_limit_loss_period": null,
      "user_limit_loss_change": null,
      "user_limit_deposit": null,
      "user_limit_deposit_active": 0,
      "user_limit_deposit_period": null,
      "user_limit_deposit_change": null,
      "user_limit_withdrawal": null,
      "user_limit_last_change": null,
      "last_verification_at": null,
      "login_at": "2025-10-22 06:10:42",
      "login_attempt_qty": 3,
      "login_city": "Campinas",
      "login_state": "SP",
      "login_ip": "179.125.211.139",
      "validate_email_at": "2025-05-29 23:29:22",
      "validate_sms_at": "2025-05-29 23:31:04",
      "kyc_validated_at": "2025-05-29 21:21:46",
      "latitude": "-22.90556",
      "longitude": "-47.06083",
      "strong_password": 1,
      "location_at": null,
      "nationalities": "[{\"id\": 1, \"value\": \"Brasileiro (a)\"}]",
      "created_at": "2025-05-30T00:18:43.000000Z",
      "updated_at": "2025-10-22T09:10:42.000000Z",
      "id": 1979828,
      "two_factor_enabled": 0,
      "two_factor_type": null,
      "two_factor_at": null,
      "login_device": "Mozilla/5.0 (Windows NT 10.0; Win64; x64) AppleWebKit/537.36 (KHTML, like Gecko) Chrome/141.0.0.0 Safari/537.36"
    },
    "need_change_password": false
  },
  "cookies": "[Circular Reference]",
  "sessionCookies": "__Host-jwt_token_strict=eyJpdiI6ImVyRVdsbUVPUlpENndYQkFoblZoL0E9PSIsInZhbHVlIjoiS0FUcVRYNFRLU2FUM1RlT1dKN3dGNHRBUGI4UTVEaDRTSzlZUlp0S1ZNbWhqRnAvQzBwTHUvOFZBTkFzTnZnV0xZNFVJTXc2cHhGTmxqOC92YzRrSFhWR1o4bTM5WDR0b2daZ2FXSmJVRGM9IiwibWFjIjoiZTVmOTZjM2JlMWQ5ZjcwMjUzMTBjYmZiOTYzOTM1NmEwZTU1OWNjM2I3YWUxYzU5ZGI4ZTY1MjViZmU2YmE5NyIsInRhZyI6IiJ9; expires=Mon, 04 Oct 2100 09:10:44 GMT; Max-Age=2365200000; path=/; secure; httponly; samesite=strict; __Host-jwt_token_lax=eyJpdiI6ImJhQmM3TkR0S0NzUHRUWVJuUmdLdEE9PSIsInZhbHVlIjoicjBOOE5EMjRQOWg3MTczUUJPUXdtUHZ5MndXQWRNTml6aG9aWW5rbWJQc3pXNjRmdXNaSld4eHpaend4WDRPTitKU1BkTzlObEZBZkZlVVRnZ2FFUDNMQUZGNW1MM1dRRzNzZW9xYldpaFU9IiwibWFjIjoiMzUxYjkyZTk1NjBiYjVmMDFiZjBhZDNjY2MxMmZmYjhmNjJhMGYzOTg3NTFhOWNlMjcxZTExMThiMGZkZGZlNSIsInRhZyI6IiJ9; expires=Mon, 04 Oct 2100 09:10:44 GMT; Max-Age=2365200000; path=/; secure; httponly; samesite=lax; __Host-jwt_token_none=eyJpdiI6ImxPc01WOTJ5alZSYk5GZkhESlMwa3c9PSIsInZhbHVlIjoia0RzcTk3VHlOc3hCYjlySkFualFoeHpOMEdDaTdSdGtvN1k4ejM0NWNIZ2RkdEpOVC9aWktySFpGS1VpVnJ2bG5oZjYyU0syczBFRWY5ZTAzNWZ4aVFUUkhleGxFUXlWcUdlaTB0K1RPVFk9IiwibWFjIjoiYTBiOTk1MThkZWY3ZDZmZjE0OTdlN2M0NTliN2JiMDNjMTBhNjZkYTM3ZmJjNDhiMWE0ZmZkYmUzZjRmMDA0NyIsInRhZyI6IiJ9; expires=Mon, 04 Oct 2100 09:10:44 GMT; Max-Age=2365200000; path=/; secure; httponly; samesite=none; bet7k_session=eyJpdiI6ImkvQkJzMlFCcTZocFdhUm9OT0NicHc9PSIsInZhbHVlIjoiWlBzVW5aVjdHSTM0cGU2clVBYy9EK3RheFdPMlJmNFBrY1RhM3MvamtkSnFyNXpNRDFPUURadlQyT0JUa29zTmtoTExFdlpPZG5KWFk4Qk85WUtLU3N3WFFCNmRmVDJVOVNxb2ZRWXJQVHFoWFE2ajFQZmtyVFlqaitJM2NTWDEiLCJtYWMiOiIwODYyODY4M2ZlMGYzYTg2Y2UwZWZiMDllNDE4NGEyMmNiNzhkMTM5MzU0YTVlNGFhYmMyZTBlYzBiNDExM2NmIiwidGFnIjoiIn0%3D; expires=Thu, 22 Oct 2026 09:10:44 GMT; Max-Age=31536000; path=/; httponly; samesite=lax; __cf_bm=XMmBpq1uIn4J9SGugTqV6.5mIrWAB3IPJscEl0TnhAw-1761124244-1.0.1.1-GkYA0SHvq.yBVRP.3TBpkNG.cepSKCY3Fd5EwPTxVSXRovHaKCkCW4v7WBo8VOfxw0c7EZQ8W.nFyH4wNiucDsRDEmWPgNWuVKvN2mSChgk; path=/; expires=Wed, 22-Oct-25 09:40:44 GMT; domain=.bs2bet.com; HttpOnly; Secure; SameSite=None; __cf_bm=0QOmMnkHKb7fXyG1dgJJw6ECzIfYftD9W27K5XVAWU0-1761124244-1.0.1.1-mHACqnn2M5NRO7nTlKXx4GOOnfyBBwnnmaLnx0Ri4BTN4kaGNWXoA.KNaHVtMCN1zyjr6xROWR8m8fmmi1Q0GS.0cXk56v4N_ti1UQ_l18g; path=/; expires=Wed, 22-Oct-25 09:40:44 GMT; domain=.mcgames.bet.br; HttpOnly; Secure; SameSite=None; _cfuvid=6er2e7iVxtLB4GGpx8QJm8JA4K34EY2QkpyKuUUBlds-1761124244096-0.0.1.1-604800000; path=/; domain=.mcgames.bet.br; HttpOnly; Secure; SameSite=None",
  "responseTime": 2082
}
================================================================================

[2025-10-22T09:10:45.122Z] 噫 [zcwrg2761] REQUISIﾃﾃグ - mcgames
{
  "requestId": "zcwrg2761",
  "timestamp": "2025-10-22T09:10:45.122Z",
  "siteName": "mcgames",
  "integration": "mcgames",
  "url": "https://mcgames.bet.br/api/alternar/token",
  "method": "get",
  "headers": {
    "Authorization": "Bearer eyJ0eXAiOiJKV1QiLCJhbGciOiJIUzI1NiJ9.eyJpc3MiOiJodHRwczovL2FwaS1tY2dhbWVzLWJldGJyLmJzMmJldC5jb20vdjIvYXV0aC9sb2dpbiIsImlhdCI6MTc2MTEyNDI0NCwiZXhwIjoxNzYxNzI5MDQ0LCJuYmYiOjE3NjExMjQyNDQsImp0aSI6InRnQVc0UDlsb1U4ZjNmcmIiLCJzdWIiOiIyOTk4MTAxNCIsInBydiI6IjIzYmQ1Yzg5NDlmNjAwYWRiMzllNzAxYzQwMDg3MmRiN2E1OTc2ZjciLCJoYSI6IjUiLCJoYiI6IjAwZWE1NDE0MzYwM2RlYzlmNjFkOTdmZmY2YmQ3ZTU1IiwiaGMiOiI3MDA2YTExYzY2NzViODcwMTAwNDRjMGQ3YmIxMjY4OSIsImhpIjoiYWIyY2M3Y2Q5NzY5YmZkNzBjN2Y2ZGY2NzdhZjMzNGMiLCJoZCI6IjY4NDk1N2ZkZGE1YTIwMzI3YjY3NTYzYjlkZjdmMDMyIiwiaGwiOiI4N2YzMWUzNjVlNWNkMDcyYjA1MTE1ZDRkMWJkZTc0YSIsImhmIjoiMV9mMzg5ZGUwN2JmNmI1NzY4YTU4OWQ2NDZlYzliYzIwNl8xNzYxMTI0MjQyIn0.M0sKD2ypACu1dce7D7yNR74sOT5xG0quPX08_u-kgSg",
    "Cookie": "__Host-jwt_token_strict=eyJpdiI6ImVyRVdsbUVPUlpENndYQkFoblZoL0E9PSIsInZhbHVlIjoiS0FUcVRYNFRLU2FUM1RlT1dKN3dGNHRBUGI4UTVEaDRTSzlZUlp0S1ZNbWhqRnAvQzBwTHUvOFZBTkFzTnZnV0xZNFVJTXc2cHhGTmxqOC92YzRrSFhWR1o4bTM5WDR0b2daZ2FXSmJVRGM9IiwibWFjIjoiZTVmOTZjM2JlMWQ5ZjcwMjUzMTBjYmZiOTYzOTM1NmEwZTU1OWNjM2I3YWUxYzU5ZGI4ZTY1MjViZmU2YmE5NyIsInRhZyI6IiJ9; expires=Mon, 04 Oct 2100 09:10:44 GMT; Max-Age=2365200000; path=/; secure; httponly; samesite=strict; __Host-jwt_token_lax=eyJpdiI6ImJhQmM3TkR0S0NzUHRUWVJuUmdLdEE9PSIsInZhbHVlIjoicjBOOE5EMjRQOWg3MTczUUJPUXdtUHZ5MndXQWRNTml6aG9aWW5rbWJQc3pXNjRmdXNaSld4eHpaend4WDRPTitKU1BkTzlObEZBZkZlVVRnZ2FFUDNMQUZGNW1MM1dRRzNzZW9xYldpaFU9IiwibWFjIjoiMzUxYjkyZTk1NjBiYjVmMDFiZjBhZDNjY2MxMmZmYjhmNjJhMGYzOTg3NTFhOWNlMjcxZTExMThiMGZkZGZlNSIsInRhZyI6IiJ9; expires=Mon, 04 Oct 2100 09:10:44 GMT; Max-Age=2365200000; path=/; secure; httponly; samesite=lax; __Host-jwt_token_none=eyJpdiI6ImxPc01WOTJ5alZSYk5GZkhESlMwa3c9PSIsInZhbHVlIjoia0RzcTk3VHlOc3hCYjlySkFualFoeHpOMEdDaTdSdGtvN1k4ejM0NWNIZ2RkdEpOVC9aWktySFpGS1VpVnJ2bG5oZjYyU0syczBFRWY5ZTAzNWZ4aVFUUkhleGxFUXlWcUdlaTB0K1RPVFk9IiwibWFjIjoiYTBiOTk1MThkZWY3ZDZmZjE0OTdlN2M0NTliN2JiMDNjMTBhNjZkYTM3ZmJjNDhiMWE0ZmZkYmUzZjRmMDA0NyIsInRhZyI6IiJ9; expires=Mon, 04 Oct 2100 09:10:44 GMT; Max-Age=2365200000; path=/; secure; httponly; samesite=none; bet7k_session=eyJpdiI6ImkvQkJzMlFCcTZocFdhUm9OT0NicHc9PSIsInZhbHVlIjoiWlBzVW5aVjdHSTM0cGU2clVBYy9EK3RheFdPMlJmNFBrY1RhM3MvamtkSnFyNXpNRDFPUURadlQyT0JUa29zTmtoTExFdlpPZG5KWFk4Qk85WUtLU3N3WFFCNmRmVDJVOVNxb2ZRWXJQVHFoWFE2ajFQZmtyVFlqaitJM2NTWDEiLCJtYWMiOiIwODYyODY4M2ZlMGYzYTg2Y2UwZWZiMDllNDE4NGEyMmNiNzhkMTM5MzU0YTVlNGFhYmMyZTBlYzBiNDExM2NmIiwidGFnIjoiIn0%3D; expires=Thu, 22 Oct 2026 09:10:44 GMT; Max-Age=31536000; path=/; httponly; samesite=lax; __cf_bm=XMmBpq1uIn4J9SGugTqV6.5mIrWAB3IPJscEl0TnhAw-1761124244-1.0.1.1-GkYA0SHvq.yBVRP.3TBpkNG.cepSKCY3Fd5EwPTxVSXRovHaKCkCW4v7WBo8VOfxw0c7EZQ8W.nFyH4wNiucDsRDEmWPgNWuVKvN2mSChgk; path=/; expires=Wed, 22-Oct-25 09:40:44 GMT; domain=.bs2bet.com; HttpOnly; Secure; SameSite=None; __cf_bm=0QOmMnkHKb7fXyG1dgJJw6ECzIfYftD9W27K5XVAWU0-1761124244-1.0.1.1-mHACqnn2M5NRO7nTlKXx4GOOnfyBBwnnmaLnx0Ri4BTN4kaGNWXoA.KNaHVtMCN1zyjr6xROWR8m8fmmi1Q0GS.0cXk56v4N_ti1UQ_l18g; path=/; expires=Wed, 22-Oct-25 09:40:44 GMT; domain=.mcgames.bet.br; HttpOnly; Secure; SameSite=None; _cfuvid=6er2e7iVxtLB4GGpx8QJm8JA4K34EY2QkpyKuUUBlds-1761124244096-0.0.1.1-604800000; path=/; domain=.mcgames.bet.br; HttpOnly; Secure; SameSite=None"
  },
  "sessionCookies": "__Host-jwt_token_strict=eyJpdiI6ImVyRVdsbUVPUlpENndYQkFoblZoL0E9PSIsInZhbHVlIjoiS0FUcVRYNFRLU2FUM1RlT1dKN3dGNHRBUGI4UTVEaDRTSzlZUlp0S1ZNbWhqRnAvQzBwTHUvOFZBTkFzTnZnV0xZNFVJTXc2cHhGTmxqOC92YzRrSFhWR1o4bTM5WDR0b2daZ2FXSmJVRGM9IiwibWFjIjoiZTVmOTZjM2JlMWQ5ZjcwMjUzMTBjYmZiOTYzOTM1NmEwZTU1OWNjM2I3YWUxYzU5ZGI4ZTY1MjViZmU2YmE5NyIsInRhZyI6IiJ9; expires=Mon, 04 Oct 2100 09:10:44 GMT; Max-Age=2365200000; path=/; secure; httponly; samesite=strict; __Host-jwt_token_lax=eyJpdiI6ImJhQmM3TkR0S0NzUHRUWVJuUmdLdEE9PSIsInZhbHVlIjoicjBOOE5EMjRQOWg3MTczUUJPUXdtUHZ5MndXQWRNTml6aG9aWW5rbWJQc3pXNjRmdXNaSld4eHpaend4WDRPTitKU1BkTzlObEZBZkZlVVRnZ2FFUDNMQUZGNW1MM1dRRzNzZW9xYldpaFU9IiwibWFjIjoiMzUxYjkyZTk1NjBiYjVmMDFiZjBhZDNjY2MxMmZmYjhmNjJhMGYzOTg3NTFhOWNlMjcxZTExMThiMGZkZGZlNSIsInRhZyI6IiJ9; expires=Mon, 04 Oct 2100 09:10:44 GMT; Max-Age=2365200000; path=/; secure; httponly; samesite=lax; __Host-jwt_token_none=eyJpdiI6ImxPc01WOTJ5alZSYk5GZkhESlMwa3c9PSIsInZhbHVlIjoia0RzcTk3VHlOc3hCYjlySkFualFoeHpOMEdDaTdSdGtvN1k4ejM0NWNIZ2RkdEpOVC9aWktySFpGS1VpVnJ2bG5oZjYyU0syczBFRWY5ZTAzNWZ4aVFUUkhleGxFUXlWcUdlaTB0K1RPVFk9IiwibWFjIjoiYTBiOTk1MThkZWY3ZDZmZjE0OTdlN2M0NTliN2JiMDNjMTBhNjZkYTM3ZmJjNDhiMWE0ZmZkYmUzZjRmMDA0NyIsInRhZyI6IiJ9; expires=Mon, 04 Oct 2100 09:10:44 GMT; Max-Age=2365200000; path=/; secure; httponly; samesite=none; bet7k_session=eyJpdiI6ImkvQkJzMlFCcTZocFdhUm9OT0NicHc9PSIsInZhbHVlIjoiWlBzVW5aVjdHSTM0cGU2clVBYy9EK3RheFdPMlJmNFBrY1RhM3MvamtkSnFyNXpNRDFPUURadlQyT0JUa29zTmtoTExFdlpPZG5KWFk4Qk85WUtLU3N3WFFCNmRmVDJVOVNxb2ZRWXJQVHFoWFE2ajFQZmtyVFlqaitJM2NTWDEiLCJtYWMiOiIwODYyODY4M2ZlMGYzYTg2Y2UwZWZiMDllNDE4NGEyMmNiNzhkMTM5MzU0YTVlNGFhYmMyZTBlYzBiNDExM2NmIiwidGFnIjoiIn0%3D; expires=Thu, 22 Oct 2026 09:10:44 GMT; Max-Age=31536000; path=/; httponly; samesite=lax; __cf_bm=XMmBpq1uIn4J9SGugTqV6.5mIrWAB3IPJscEl0TnhAw-1761124244-1.0.1.1-GkYA0SHvq.yBVRP.3TBpkNG.cepSKCY3Fd5EwPTxVSXRovHaKCkCW4v7WBo8VOfxw0c7EZQ8W.nFyH4wNiucDsRDEmWPgNWuVKvN2mSChgk; path=/; expires=Wed, 22-Oct-25 09:40:44 GMT; domain=.bs2bet.com; HttpOnly; Secure; SameSite=None; __cf_bm=0QOmMnkHKb7fXyG1dgJJw6ECzIfYftD9W27K5XVAWU0-1761124244-1.0.1.1-mHACqnn2M5NRO7nTlKXx4GOOnfyBBwnnmaLnx0Ri4BTN4kaGNWXoA.KNaHVtMCN1zyjr6xROWR8m8fmmi1Q0GS.0cXk56v4N_ti1UQ_l18g; path=/; expires=Wed, 22-Oct-25 09:40:44 GMT; domain=.mcgames.bet.br; HttpOnly; Secure; SameSite=None; _cfuvid=6er2e7iVxtLB4GGpx8QJm8JA4K34EY2QkpyKuUUBlds-1761124244096-0.0.1.1-604800000; path=/; domain=.mcgames.bet.br; HttpOnly; Secure; SameSite=None"
}
================================================================================

[2025-10-22T09:10:46.690Z] 笨 [zcwrg2761] RESPOSTA - mcgames
{
  "requestId": "zcwrg2761",
  "timestamp": "2025-10-22T09:10:46.690Z",
  "siteName": "mcgames",
  "integration": "mcgames",
  "status": 200,
  "statusText": "OK",
  "headers": {
    "date": "Wed, 22 Oct 2025 09:10:45 GMT",
    "content-type": "application/json",
    "transfer-encoding": "chunked",
    "connection": "keep-alive",
    "server": "cloudflare",
    "cf-ray": "9927dcfdbd0df2e4-GRU",
    "cf-cache-status": "DYNAMIC",
    "access-control-allow-origin": "*",
    "cache-control": "max-age=0, no-cache, must-revalidate",
    "set-cookie": [
      "bet7k_session=eyJpdiI6IjVZRG9QRDZSZmUyU3ZGbGphVjJvc0E9PSIsInZhbHVlIjoia1RUMDFLc25OZ2l5QS9pOEp6RVZBNGpRZkc4L1dNYXZDODZneDVHZExOT0xhdk5YRzFQdERDcVp5dDRud0dDcHpQRFFqcVdzQkxCSFY3YWFIVnZFYTNaY3lZa1BLcEE3ZFVZWWhkSStFaTZRR3BvODFISlZWWS9oOURYR0dON0QiLCJtYWMiOiIyNTgzZTA1ZWZhMWMyYzJlOWUzNWY5NDY5NDhhNGY3ZjBkODQ4MGZhNjIwOGQ3ZWM3MzFjZDQ5ODNiMGYzMWFhIiwidGFnIjoiIn0%3D; expires=Thu, 22 Oct 2026 09:10:45 GMT; Max-Age=31536000; path=/; httponly; samesite=lax",
      "__cf_bm=ZTmkjJIv4xKZlo96fUcpvS8u3aLnXNjp8TFCg5Etdyk-1761124245-1.0.1.1-CDppQPQdIv64TOJ.D6N.Q2bl.KUcWI5u9w0enoLlNjov7WtPP9N58DZJfMxtyFGagBqwtOiaZFsmun1rAPFuGff8xVOxUiiW.IBcG1acNlA; path=/; expires=Wed, 22-Oct-25 09:40:45 GMT; domain=.mcgames.bet.br; HttpOnly; Secure; SameSite=None"
    ],
    "strict-transport-security": "max-age=15768000;",
    "vary": "Accept-Encoding",
    "cf-placement": "local-",
    "protected": "by MS23041901",
    "srv": "ip-172-16-60-179",
    "x-ratelimit-limit": "999999999",
    "x-ratelimit-remaining": "999999999"
  },
  "data": {
    "token": "mcgamesbetbr-933490fea51cf9d1f1844a7b75a24300b56d6618d9e02b4715df75f2031ebed0"
  },
  "cookies": "[Circular Reference]",
  "sessionCookies": "bet7k_session=eyJpdiI6IjVZRG9QRDZSZmUyU3ZGbGphVjJvc0E9PSIsInZhbHVlIjoia1RUMDFLc25OZ2l5QS9pOEp6RVZBNGpRZkc4L1dNYXZDODZneDVHZExOT0xhdk5YRzFQdERDcVp5dDRud0dDcHpQRFFqcVdzQkxCSFY3YWFIVnZFYTNaY3lZa1BLcEE3ZFVZWWhkSStFaTZRR3BvODFISlZWWS9oOURYR0dON0QiLCJtYWMiOiIyNTgzZTA1ZWZhMWMyYzJlOWUzNWY5NDY5NDhhNGY3ZjBkODQ4MGZhNjIwOGQ3ZWM3MzFjZDQ5ODNiMGYzMWFhIiwidGFnIjoiIn0%3D; expires=Thu, 22 Oct 2026 09:10:45 GMT; Max-Age=31536000; path=/; httponly; samesite=lax; __cf_bm=ZTmkjJIv4xKZlo96fUcpvS8u3aLnXNjp8TFCg5Etdyk-1761124245-1.0.1.1-CDppQPQdIv64TOJ.D6N.Q2bl.KUcWI5u9w0enoLlNjov7WtPP9N58DZJfMxtyFGagBqwtOiaZFsmun1rAPFuGff8xVOxUiiW.IBcG1acNlA; path=/; expires=Wed, 22-Oct-25 09:40:45 GMT; domain=.mcgames.bet.br; HttpOnly; Secure; SameSite=None",
  "responseTime": 1568
}
================================================================================

[2025-10-22T09:10:46.690Z] 噫 [k7lbq6z4d] REQUISIﾃﾃグ - mcgames
{
  "requestId": "k7lbq6z4d",
  "timestamp": "2025-10-22T09:10:46.690Z",
  "siteName": "mcgames",
  "integration": "mcgames",
  "url": "https://sb2auth-altenar2.biahosted.com/api/WidgetAuth/SignIn",
  "method": "post",
  "headers": {
    "User-Agent": "Mozilla/5.0 (Windows NT 10.0; Win64; x64) AppleWebKit/537.36 (KHTML, like Gecko) Chrome/141.0.0.0 Safari/537.36",
    "Content-Type": "application/json",
    "Accept": "application/json",
    "Cookie": "bet7k_session=eyJpdiI6IjVZRG9QRDZSZmUyU3ZGbGphVjJvc0E9PSIsInZhbHVlIjoia1RUMDFLc25OZ2l5QS9pOEp6RVZBNGpRZkc4L1dNYXZDODZneDVHZExOT0xhdk5YRzFQdERDcVp5dDRud0dDcHpQRFFqcVdzQkxCSFY3YWFIVnZFYTNaY3lZa1BLcEE3ZFVZWWhkSStFaTZRR3BvODFISlZWWS9oOURYR0dON0QiLCJtYWMiOiIyNTgzZTA1ZWZhMWMyYzJlOWUzNWY5NDY5NDhhNGY3ZjBkODQ4MGZhNjIwOGQ3ZWM3MzFjZDQ5ODNiMGYzMWFhIiwidGFnIjoiIn0%3D; expires=Thu, 22 Oct 2026 09:10:45 GMT; Max-Age=31536000; path=/; httponly; samesite=lax; __cf_bm=ZTmkjJIv4xKZlo96fUcpvS8u3aLnXNjp8TFCg5Etdyk-1761124245-1.0.1.1-CDppQPQdIv64TOJ.D6N.Q2bl.KUcWI5u9w0enoLlNjov7WtPP9N58DZJfMxtyFGagBqwtOiaZFsmun1rAPFuGff8xVOxUiiW.IBcG1acNlA; path=/; expires=Wed, 22-Oct-25 09:40:45 GMT; domain=.mcgames.bet.br; HttpOnly; Secure; SameSite=None"
  },
  "body": {
    "culture": "pt-BR",
    "timezoneOffset": 180,
    "integration": "mcgames2",
    "deviceType": 1,
    "numFormat": "en-GB",
    "countryCode": "BR",
    "token": "mcgamesbetbr-933490fea51cf9d1f1844a7b75a24300b56d6618d9e02b4715df75f2031ebed0"
  },
  "sessionCookies": "bet7k_session=eyJpdiI6IjVZRG9QRDZSZmUyU3ZGbGphVjJvc0E9PSIsInZhbHVlIjoia1RUMDFLc25OZ2l5QS9pOEp6RVZBNGpRZkc4L1dNYXZDODZneDVHZExOT0xhdk5YRzFQdERDcVp5dDRud0dDcHpQRFFqcVdzQkxCSFY3YWFIVnZFYTNaY3lZa1BLcEE3ZFVZWWhkSStFaTZRR3BvODFISlZWWS9oOURYR0dON0QiLCJtYWMiOiIyNTgzZTA1ZWZhMWMyYzJlOWUzNWY5NDY5NDhhNGY3ZjBkODQ4MGZhNjIwOGQ3ZWM3MzFjZDQ5ODNiMGYzMWFhIiwidGFnIjoiIn0%3D; expires=Thu, 22 Oct 2026 09:10:45 GMT; Max-Age=31536000; path=/; httponly; samesite=lax; __cf_bm=ZTmkjJIv4xKZlo96fUcpvS8u3aLnXNjp8TFCg5Etdyk-1761124245-1.0.1.1-CDppQPQdIv64TOJ.D6N.Q2bl.KUcWI5u9w0enoLlNjov7WtPP9N58DZJfMxtyFGagBqwtOiaZFsmun1rAPFuGff8xVOxUiiW.IBcG1acNlA; path=/; expires=Wed, 22-Oct-25 09:40:45 GMT; domain=.mcgames.bet.br; HttpOnly; Secure; SameSite=None"
}
================================================================================

[2025-10-22T09:10:47.099Z] 笨 [k7lbq6z4d] RESPOSTA - mcgames
{
  "requestId": "k7lbq6z4d",
  "timestamp": "2025-10-22T09:10:47.099Z",
  "siteName": "mcgames",
  "integration": "mcgames",
  "status": 200,
  "statusText": "OK",
  "headers": {
    "server": "nginx",
    "date": "Wed, 22 Oct 2025 09:10:45 GMT",
    "content-type": "application/json; charset=utf-8",
    "content-length": "733",
    "access-control-allow-origin": "*",
    "strict-transport-security": "max-age=15552000",
    "via": "1.1 google",
    "alt-svc": "h3=\":443\"; ma=2592000,h3-29=\":443\"; ma=2592000"
  },
  "data": {
    "accessToken": "eyJhbGciOiJIUzI1NiIsInR5cCI6IkpXVCJ9.eyJDb25maWd1cmF0aW9uSWQiOiIxMiIsIlBlcnNvblR5cGUiOiIzIiwiUGVyc29uSWQiOiI1NDk3NTgzOCIsIlVzZXJOYW1lIjoibWNnYW1lc2JldGJyXzI5OTgxMDE0IiwiTG9naW5JZCI6IjYyOTcxNzAyIiwiQ3VycmVuY3lTaWduIjoiUiQiLCJNaW5Cb251c1ByaWNlIjoiMS4zIiwiQm9udXNUZW1wbGF0ZUlkIjoiMzAxIiwiQ3VycmVuY3lJZCI6Ijk4NiIsIkN1cnJlbmN5Q29kZSI6IkJSTCIsIkNvdW50cnlDb2RlIjoiQlIiLCJCcmFuZElkIjoiNzgwIiwiQ2xpZW50SVAiOiIxNzkuMTI1LjIxMS4xMzkiLCJleHAiOjE3NjExMjUxNDUsImlzcyI6IlNCMiIsImF1ZCI6IlNCMiJ9.mApvE9soS_wZ3pgZUWSKabZT9P2B8MSoKfLMfH2vVbo",
    "currency": "BRL",
    "isUserLocked": false,
    "isAgency": false,
    "currencySign": "R$",
    "currencyId": 986,
    "currencyDisplay": 0,
    "encryptedPlayerId": "e+ja10+xFoEs+4/cDvJNwg==",
    "regDate": "2025-05-30T00:22:00.21"
  },
  "sessionCookies": "bet7k_session=eyJpdiI6IjVZRG9QRDZSZmUyU3ZGbGphVjJvc0E9PSIsInZhbHVlIjoia1RUMDFLc25OZ2l5QS9pOEp6RVZBNGpRZkc4L1dNYXZDODZneDVHZExOT0xhdk5YRzFQdERDcVp5dDRud0dDcHpQRFFqcVdzQkxCSFY3YWFIVnZFYTNaY3lZa1BLcEE3ZFVZWWhkSStFaTZRR3BvODFISlZWWS9oOURYR0dON0QiLCJtYWMiOiIyNTgzZTA1ZWZhMWMyYzJlOWUzNWY5NDY5NDhhNGY3ZjBkODQ4MGZhNjIwOGQ3ZWM3MzFjZDQ5ODNiMGYzMWFhIiwidGFnIjoiIn0%3D; expires=Thu, 22 Oct 2026 09:10:45 GMT; Max-Age=31536000; path=/; httponly; samesite=lax; __cf_bm=ZTmkjJIv4xKZlo96fUcpvS8u3aLnXNjp8TFCg5Etdyk-1761124245-1.0.1.1-CDppQPQdIv64TOJ.D6N.Q2bl.KUcWI5u9w0enoLlNjov7WtPP9N58DZJfMxtyFGagBqwtOiaZFsmun1rAPFuGff8xVOxUiiW.IBcG1acNlA; path=/; expires=Wed, 22-Oct-25 09:40:45 GMT; domain=.mcgames.bet.br; HttpOnly; Secure; SameSite=None",
  "responseTime": 409
}
================================================================================

[2025-10-22T09:10:47.100Z] 噫 [cmiyy3n6q] REQUISIﾃﾃグ - mcgames
{
  "requestId": "cmiyy3n6q",
  "timestamp": "2025-10-22T09:10:47.100Z",
  "siteName": "mcgames",
  "integration": "mcgames",
  "url": "https://sb2betgateway-altenar2.biahosted.com/api/widget/placeWidget",
  "method": "post",
  "headers": {
    "User-Agent": "Mozilla/5.0 (Windows NT 10.0; Win64; x64) AppleWebKit/537.36 (KHTML, like Gecko) Chrome/141.0.0.0 Safari/537.36",
    "Authorization": "Bearer eyJhbGciOiJIUzI1NiIsInR5cCI6IkpXVCJ9.eyJDb25maWd1cmF0aW9uSWQiOiIxMiIsIlBlcnNvblR5cGUiOiIzIiwiUGVyc29uSWQiOiI1NDk3NTgzOCIsIlVzZXJOYW1lIjoibWNnYW1lc2JldGJyXzI5OTgxMDE0IiwiTG9naW5JZCI6IjYyOTcxNzAyIiwiQ3VycmVuY3lTaWduIjoiUiQiLCJNaW5Cb251c1ByaWNlIjoiMS4zIiwiQm9udXNUZW1wbGF0ZUlkIjoiMzAxIiwiQ3VycmVuY3lJZCI6Ijk4NiIsIkN1cnJlbmN5Q29kZSI6IkJSTCIsIkNvdW50cnlDb2RlIjoiQlIiLCJCcmFuZElkIjoiNzgwIiwiQ2xpZW50SVAiOiIxNzkuMTI1LjIxMS4xMzkiLCJleHAiOjE3NjExMjUxNDUsImlzcyI6IlNCMiIsImF1ZCI6IlNCMiJ9.mApvE9soS_wZ3pgZUWSKabZT9P2B8MSoKfLMfH2vVbo",
    "Content-Type": "application/json",
    "Accept": "application/json",
    "Cookie": "bet7k_session=eyJpdiI6IjVZRG9QRDZSZmUyU3ZGbGphVjJvc0E9PSIsInZhbHVlIjoia1RUMDFLc25OZ2l5QS9pOEp6RVZBNGpRZkc4L1dNYXZDODZneDVHZExOT0xhdk5YRzFQdERDcVp5dDRud0dDcHpQRFFqcVdzQkxCSFY3YWFIVnZFYTNaY3lZa1BLcEE3ZFVZWWhkSStFaTZRR3BvODFISlZWWS9oOURYR0dON0QiLCJtYWMiOiIyNTgzZTA1ZWZhMWMyYzJlOWUzNWY5NDY5NDhhNGY3ZjBkODQ4MGZhNjIwOGQ3ZWM3MzFjZDQ5ODNiMGYzMWFhIiwidGFnIjoiIn0%3D; expires=Thu, 22 Oct 2026 09:10:45 GMT; Max-Age=31536000; path=/; httponly; samesite=lax; __cf_bm=ZTmkjJIv4xKZlo96fUcpvS8u3aLnXNjp8TFCg5Etdyk-1761124245-1.0.1.1-CDppQPQdIv64TOJ.D6N.Q2bl.KUcWI5u9w0enoLlNjov7WtPP9N58DZJfMxtyFGagBqwtOiaZFsmun1rAPFuGff8xVOxUiiW.IBcG1acNlA; path=/; expires=Wed, 22-Oct-25 09:40:45 GMT; domain=.mcgames.bet.br; HttpOnly; Secure; SameSite=None"
  },
  "body": {
    "culture": "pt-BR",
    "timezoneOffset": 180,
    "integration": "mcgames2",
    "deviceType": 1,
    "numFormat": "en-GB",
    "countryCode": "BR",
    "betType": 0,
    "isAutoCharge": false,
    "stakes": [
      100
    ],
    "oddsChangeAction": 1,
    "betMarkets": [
      {
        "id": 14083496,
        "isBanker": false,
        "dbId": 10,
        "sportName": "Futebol",
        "rC": false,
        "eventName": "Flamengo vs. Racing Club",
        "catName": "Amﾃｩricas",
        "champName": "Copa Libertadores",
        "sportTypeId": 1,
        "odds": [
          {
            "id": 2911669707,
            "marketId": 1189183450,
            "price": 1.4167,
            "marketName": "Vencedor do encontro",
            "marketTypeId": 1,
            "mostBalanced": false,
            "selectionTypeId": 1,
            "selectionName": "Flamengo",
            "widgetInfo": {
              "widget": 12,
              "page": 3,
              "tabIndex": 3
            }
          }
        ]
      }
    ],
    "eachWays": [
      false
    ],
    "requestId": "cfQRR3flevnsiVou7TEh",
    "confirmedByClient": false,
    "device": 0
  },
  "sessionCookies": "bet7k_session=eyJpdiI6IjVZRG9QRDZSZmUyU3ZGbGphVjJvc0E9PSIsInZhbHVlIjoia1RUMDFLc25OZ2l5QS9pOEp6RVZBNGpRZkc4L1dNYXZDODZneDVHZExOT0xhdk5YRzFQdERDcVp5dDRud0dDcHpQRFFqcVdzQkxCSFY3YWFIVnZFYTNaY3lZa1BLcEE3ZFVZWWhkSStFaTZRR3BvODFISlZWWS9oOURYR0dON0QiLCJtYWMiOiIyNTgzZTA1ZWZhMWMyYzJlOWUzNWY5NDY5NDhhNGY3ZjBkODQ4MGZhNjIwOGQ3ZWM3MzFjZDQ5ODNiMGYzMWFhIiwidGFnIjoiIn0%3D; expires=Thu, 22 Oct 2026 09:10:45 GMT; Max-Age=31536000; path=/; httponly; samesite=lax; __cf_bm=ZTmkjJIv4xKZlo96fUcpvS8u3aLnXNjp8TFCg5Etdyk-1761124245-1.0.1.1-CDppQPQdIv64TOJ.D6N.Q2bl.KUcWI5u9w0enoLlNjov7WtPP9N58DZJfMxtyFGagBqwtOiaZFsmun1rAPFuGff8xVOxUiiW.IBcG1acNlA; path=/; expires=Wed, 22-Oct-25 09:40:45 GMT; domain=.mcgames.bet.br; HttpOnly; Secure; SameSite=None"
}
================================================================================

[2025-10-22T09:10:47.802Z] 笨 [cmiyy3n6q] RESPOSTA - mcgames
{
  "requestId": "cmiyy3n6q",
  "timestamp": "2025-10-22T09:10:47.802Z",
  "siteName": "mcgames",
  "integration": "mcgames",
  "status": 200,
  "statusText": "OK",
  "headers": {
    "server": "nginx",
    "date": "Wed, 22 Oct 2025 09:10:46 GMT",
    "content-type": "application/json; charset=utf-8",
    "content-length": "186",
    "access-control-allow-origin": "*",
    "strict-transport-security": "max-age=15552000",
    "via": "1.1 google",
    "alt-svc": "h3=\":443\"; ma=2592000,h3-29=\":443\"; ma=2592000"
  },
  "data": {
    "error": {
      "changedOdds": [
        {
          "selectionId": 2911669707,
          "price": 1.3847
        }
      ],
      "betslipResult": {
        "totalPotentialWin": 138.47,
        "minPotentialWin": 138.47,
        "maxOdds": 1.3847,
        "maxBonus": 0
      },
      "errorType": 6
    }
  },
  "sessionCookies": "bet7k_session=eyJpdiI6IjVZRG9QRDZSZmUyU3ZGbGphVjJvc0E9PSIsInZhbHVlIjoia1RUMDFLc25OZ2l5QS9pOEp6RVZBNGpRZkc4L1dNYXZDODZneDVHZExOT0xhdk5YRzFQdERDcVp5dDRud0dDcHpQRFFqcVdzQkxCSFY3YWFIVnZFYTNaY3lZa1BLcEE3ZFVZWWhkSStFaTZRR3BvODFISlZWWS9oOURYR0dON0QiLCJtYWMiOiIyNTgzZTA1ZWZhMWMyYzJlOWUzNWY5NDY5NDhhNGY3ZjBkODQ4MGZhNjIwOGQ3ZWM3MzFjZDQ5ODNiMGYzMWFhIiwidGFnIjoiIn0%3D; expires=Thu, 22 Oct 2026 09:10:45 GMT; Max-Age=31536000; path=/; httponly; samesite=lax; __cf_bm=ZTmkjJIv4xKZlo96fUcpvS8u3aLnXNjp8TFCg5Etdyk-1761124245-1.0.1.1-CDppQPQdIv64TOJ.D6N.Q2bl.KUcWI5u9w0enoLlNjov7WtPP9N58DZJfMxtyFGagBqwtOiaZFsmun1rAPFuGff8xVOxUiiW.IBcG1acNlA; path=/; expires=Wed, 22-Oct-25 09:40:45 GMT; domain=.mcgames.bet.br; HttpOnly; Secure; SameSite=None",
  "responseTime": 702
}
================================================================================

[2025-10-22T09:10:47.803Z] 噫 [3hwy0ev53] REQUISIﾃﾃグ - mcgames
{
  "requestId": "3hwy0ev53",
  "timestamp": "2025-10-22T09:10:47.803Z",
  "siteName": "mcgames",
  "integration": "mcgames",
  "url": "https://mcgames.bet.br/api/auth/login",
  "method": "post",
  "headers": {
    "Content-Type": "application/json",
    "Cookie": "bet7k_session=eyJpdiI6IjVZRG9QRDZSZmUyU3ZGbGphVjJvc0E9PSIsInZhbHVlIjoia1RUMDFLc25OZ2l5QS9pOEp6RVZBNGpRZkc4L1dNYXZDODZneDVHZExOT0xhdk5YRzFQdERDcVp5dDRud0dDcHpQRFFqcVdzQkxCSFY3YWFIVnZFYTNaY3lZa1BLcEE3ZFVZWWhkSStFaTZRR3BvODFISlZWWS9oOURYR0dON0QiLCJtYWMiOiIyNTgzZTA1ZWZhMWMyYzJlOWUzNWY5NDY5NDhhNGY3ZjBkODQ4MGZhNjIwOGQ3ZWM3MzFjZDQ5ODNiMGYzMWFhIiwidGFnIjoiIn0%3D; expires=Thu, 22 Oct 2026 09:10:45 GMT; Max-Age=31536000; path=/; httponly; samesite=lax; __cf_bm=ZTmkjJIv4xKZlo96fUcpvS8u3aLnXNjp8TFCg5Etdyk-1761124245-1.0.1.1-CDppQPQdIv64TOJ.D6N.Q2bl.KUcWI5u9w0enoLlNjov7WtPP9N58DZJfMxtyFGagBqwtOiaZFsmun1rAPFuGff8xVOxUiiW.IBcG1acNlA; path=/; expires=Wed, 22-Oct-25 09:40:45 GMT; domain=.mcgames.bet.br; HttpOnly; Secure; SameSite=None"
  },
  "body": {
    "login": "23597998860",
    "email": "23597998860",
    "password": "Mateuus.27",
    "app_source": "web",
    "captcha_token": ""
  },
  "sessionCookies": "bet7k_session=eyJpdiI6IjVZRG9QRDZSZmUyU3ZGbGphVjJvc0E9PSIsInZhbHVlIjoia1RUMDFLc25OZ2l5QS9pOEp6RVZBNGpRZkc4L1dNYXZDODZneDVHZExOT0xhdk5YRzFQdERDcVp5dDRud0dDcHpQRFFqcVdzQkxCSFY3YWFIVnZFYTNaY3lZa1BLcEE3ZFVZWWhkSStFaTZRR3BvODFISlZWWS9oOURYR0dON0QiLCJtYWMiOiIyNTgzZTA1ZWZhMWMyYzJlOWUzNWY5NDY5NDhhNGY3ZjBkODQ4MGZhNjIwOGQ3ZWM3MzFjZDQ5ODNiMGYzMWFhIiwidGFnIjoiIn0%3D; expires=Thu, 22 Oct 2026 09:10:45 GMT; Max-Age=31536000; path=/; httponly; samesite=lax; __cf_bm=ZTmkjJIv4xKZlo96fUcpvS8u3aLnXNjp8TFCg5Etdyk-1761124245-1.0.1.1-CDppQPQdIv64TOJ.D6N.Q2bl.KUcWI5u9w0enoLlNjov7WtPP9N58DZJfMxtyFGagBqwtOiaZFsmun1rAPFuGff8xVOxUiiW.IBcG1acNlA; path=/; expires=Wed, 22-Oct-25 09:40:45 GMT; domain=.mcgames.bet.br; HttpOnly; Secure; SameSite=None",
  "withCredentials": true,
  "maxBodyLength": null
}
================================================================================

[2025-10-22T09:10:49.567Z] 笨 [3hwy0ev53] RESPOSTA - mcgames
{
  "requestId": "3hwy0ev53",
  "timestamp": "2025-10-22T09:10:49.567Z",
  "siteName": "mcgames",
  "integration": "mcgames",
  "status": 200,
  "statusText": "OK",
  "headers": {
    "date": "Wed, 22 Oct 2025 09:10:48 GMT",
    "content-type": "application/json",
    "transfer-encoding": "chunked",
    "connection": "keep-alive",
    "server": "cloudflare",
    "cf-ray": "9927dd0d7ab5f2e4-GRU",
    "cf-cache-status": "DYNAMIC",
    "access-control-allow-origin": "*",
    "cache-control": "max-age=0, no-cache, must-revalidate",
    "set-cookie": [
      "__Host-jwt_token_strict=eyJpdiI6Ikwrekl0endvWTBkb1UyNURqZ1FrMEE9PSIsInZhbHVlIjoiYzAyU2RWY085eU1mUStJVkhkZUxSV2RsM3lFaDlpRVhqVTVoU2F6aHRQMWswYXZTNGJQYnFYQzB6WDJRMDZVRE5ncDZQWmJibFYxditBZk9mZmVaQ1ZsTkVvQU90Q1R1MENxM2lUYW9paVk9IiwibWFjIjoiNTE5Y2RmNGVkMzQxZWVjNmMyZDU2YWM4MmYxNWY4NGM0ZjIzMjkxYTMwODY4ODFiNTY3MjZiYWZlYWZlNDljNCIsInRhZyI6IiJ9; expires=Mon, 04 Oct 2100 09:10:48 GMT; Max-Age=2365200000; path=/; secure; httponly; samesite=strict",
      "__Host-jwt_token_lax=eyJpdiI6Imd3eEJkWFExWGNlcjB3R3VJd2prdmc9PSIsInZhbHVlIjoib3g5WTVmTW91V3VYZ0JOeDlNRjl2enJTeUNiUFZnNFJCeWV2Nnp6TGowQWRaQVZJaGNkcjNJczZuMFdzU1dUVXNpZjltWlhpcy9YamNQT2lYVEpESlVHS0s1cWxnSEtXbE9jaXNpSDZkUjg9IiwibWFjIjoiNmUyYjRmNzUwMWRlNGQ1ZDQyNGQyNDFlNmVkMjY2ZGI3MGZkOWNmMjRjYzkxOTkyZjdlNmQ3NDI1YWRiYzQ0OCIsInRhZyI6IiJ9; expires=Mon, 04 Oct 2100 09:10:48 GMT; Max-Age=2365200000; path=/; secure; httponly; samesite=lax",
      "__Host-jwt_token_none=eyJpdiI6ImhlMTVuWDNzNDBjd0xLZ1NucDBjbWc9PSIsInZhbHVlIjoicFNkV1dCdXBsT1BYSG5JbEhjNm5jVEcyNDFweWQxdEFtVXVNUnJuSUYweCs4UlFYRVI2MjhuUHBtSXk1VGU4YWd4bHlpWmlrcG5HVHpSY0dzc2laZVdsWUJHRDQ4TDY1RFk2UjVPT3dVVjQ9IiwibWFjIjoiMjI0Zjg5NWI4NDcxMDZiMjNhMWM2Y2YxNGQwMzJiZTVlM2ZhNTZhZTRjZGIxMDg2MTBjMGZlMjE0N2E0N2Y0NCIsInRhZyI6IiJ9; expires=Mon, 04 Oct 2100 09:10:48 GMT; Max-Age=2365200000; path=/; secure; httponly; samesite=none",
      "bet7k_session=eyJpdiI6ImhwTmd2bEZKSXlZbk82SGxaSE1QRmc9PSIsInZhbHVlIjoidStybC9rK1JoVWFkSCt3aTJPUzluM0wzTnRwMHB6MlA5ZTJyemhreUc1UzFHUnIzZEVhM3Y0QnFXV3Z0SUVUMnB1WVFKVjlKQ3VkZlM5RUg1blRPRVhCcEIxbXRCMEE3U2l0ZkJzQkQyVzdXVE43eVVsL2YzZ2xSZXVsWmR2ZjAiLCJtYWMiOiIzNjJiODU5MTRmNTIyMTk2M2RhMjE1YTc4NmIyZGMzZDYxOGMyMGVlODc5ZDAyZTg4YjM3NThlODhkMTE2NTk1IiwidGFnIjoiIn0%3D; expires=Thu, 22 Oct 2026 09:10:48 GMT; Max-Age=31536000; path=/; httponly; samesite=lax",
      "__cf_bm=zF4Q8RSKQkCZgir9ej.WPZOtmopl4vJ2v4GnGvmRdGM-1761124248-1.0.1.1-_7C99hY_cJnC4wsZWUbp6jxmSPr7.mvMlIzMnAfvhVOSV346I5KnsGi5agxynofb6CJNN7LdqnTF_sxdLCnpZJGdrnB8s9AiVaNy_xKcWOc; path=/; expires=Wed, 22-Oct-25 09:40:48 GMT; domain=.bs2bet.com; HttpOnly; Secure; SameSite=None",
      "_cfuvid=psDTGqPvDbOCyZXDaM_LfChry4eOpQl9InDgq5ZR.W8-1761124248279-0.0.1.1-604800000; path=/; domain=.mcgames.bet.br; HttpOnly; Secure; SameSite=None"
    ],
    "strict-transport-security": "max-age=15768000;",
    "vary": "Accept-Encoding",
    "cf-placement": "local-",
    "protected": "by MS23041901",
    "srv": "ip-172-16-60-179",
    "x-ratelimit-limit": "999999999",
    "x-ratelimit-remaining": "999999984"
  },
  "data": {
    "access_token": "eyJ0eXAiOiJKV1QiLCJhbGciOiJIUzI1NiJ9.eyJpc3MiOiJodHRwczovL2FwaS1tY2dhbWVzLWJldGJyLmJzMmJldC5jb20vdjIvYXV0aC9sb2dpbiIsImlhdCI6MTc2MTEyNDI0OCwiZXhwIjoxNzYxNzI5MDQ4LCJuYmYiOjE3NjExMjQyNDgsImp0aSI6ImxKZmpXaWV4WmJXSDBEczAiLCJzdWIiOiIyOTk4MTAxNCIsInBydiI6IjIzYmQ1Yzg5NDlmNjAwYWRiMzllNzAxYzQwMDg3MmRiN2E1OTc2ZjciLCJoYSI6IjUiLCJoYiI6IjFjN2NiOGFlNzEyODAyZDM0OWM3OWYzMGEzMzdiMzVkIiwiaGMiOiI3MDA2YTExYzY2NzViODcwMTAwNDRjMGQ3YmIxMjY4OSIsImhpIjoiYWIyY2M3Y2Q5NzY5YmZkNzBjN2Y2ZGY2NzdhZjMzNGMiLCJoZCI6IjY4NDk1N2ZkZGE1YTIwMzI3YjY3NTYzYjlkZjdmMDMyIiwiaGwiOiI4N2YzMWUzNjVlNWNkMDcyYjA1MTE1ZDRkMWJkZTc0YSIsImhmIjoiMV81MTI2ZDI1MWRmNzhiMjU1MTI0NThkMTMwYTZhYmE1Yl8xNzYxMTI0MjQ2In0.MP5OcVCVyu33h4qu0ID-nXGnPOfFZ-XtjiDVw_xj4Tk",
    "token_type": "bearer",
    "expires_in": 604800,
    "user": {
      "id": 29981014,
      "name": "Mateus Rodrigues Santana",
      "email": "muvucasbars@gmail.com",
      "username": "072b1fa0214d80d612398aa2ec3c6d47",
      "email_verified_at": null,
      "token": "mcgamesbetbr_-2MpzDrMj2LTgsNgooGiDhwF4Rv5yfk95WgCQr132RWrpkQRYBs727Bnn",
      "ftd_value": 650,
      "ftd_date": "2025-05-29 21:23:21",
      "created_at": "2025-05-30T00:18:43.000000Z",
      "updated_at": "2025-10-22T09:10:47.000000Z",
      "is_active": 1,
      "phone": "13974198830",
      "commission": null,
      "manager_id": null,
      "admin_id": null,
      "commission_grid_id": null,
      "affiliation_code": "e082c73f8dd4",
      "recommended_by": null,
      "menu_list": null,
      "bonus_enabled": 0,
      "first_name": "Mateus",
      "last_name": "Santana",
      "mother_name": "Agmar Rodrigues De Jesus",
      "gender": 0,
      "birth_date": "1995-09-27",
      "cancelled_account": 0,
      "is_test": 0,
      "ddi": "+55",
      "country": "BRA",
      "currency": "BRL",
      "language": "pt-br",
      "timezone": "America/Sao_Paulo",
      "address": "Sao Francisco De Assis, 3828, Casa - Tupiry",
      "city": "Praia Grande",
      "state": "SP",
      "zipcode": "11724475",
      "is_internal": 0,
      "app_source": null,
      "user_info": {
        "user_id": 29981014,
        "tc_accepted_at": "2025-05-29 21:18:44",
        "mkt_accepted_at": "2025-05-29 21:18:44",
        "lgpd_accepted_at": "2025-05-29 21:18:44",
        "law_accepted_at": "2025-05-29 21:18:44",
        "migrate_accepted_at": "2025-05-29 21:18:44",
        "privacy_accepted_at": "2025-05-29 21:18:44",
        "status": 1,
        "status_updated_at": "2025-06-20 13:53:21",
        "status_note": null,
        "user_pause": 0,
        "user_pause_at": null,
        "user_exclusion": 0,
        "user_exclusion_at": null,
        "spa_exclusion": 0,
        "spa_exclusion_at": null,
        "spa_exclusion_note": null,
        "operator_exclusion": 0,
        "operator_exclusion_at": null,
        "operator_exclusion_note": null,
        "operator_exclusion_by": null,
        "user_limit_period": null,
        "user_limit_time": null,
        "user_limit_time_active": 0,
        "user_limit_time_period": null,
        "user_limit_time_change": null,
        "user_limit_bet": null,
        "user_limit_bet_active": 0,
        "user_limit_bet_period": null,
        "user_limit_bet_change": null,
        "user_limit_loss": null,
        "user_limit_loss_active": 0,
        "user_limit_loss_period": null,
        "user_limit_loss_change": null,
        "user_limit_deposit": null,
        "user_limit_deposit_active": 0,
        "user_limit_deposit_period": null,
        "user_limit_deposit_change": null,
        "user_limit_withdrawal": null,
        "user_limit_last_change": null,
        "last_verification_at": null,
        "login_at": "2025-10-22 06:10:47",
        "login_attempt_qty": 3,
        "login_city": "Campinas",
        "login_state": "SP",
        "login_ip": "179.125.211.139",
        "validate_email_at": "2025-05-29 23:29:22",
        "validate_sms_at": "2025-05-29 23:31:04",
        "kyc_validated_at": "2025-05-29 21:21:46",
        "latitude": "-22.90556",
        "longitude": "-47.06083",
        "strong_password": 1,
        "location_at": null,
        "nationalities": "[{\"id\": 1, \"value\": \"Brasileiro (a)\"}]",
        "created_at": "2025-05-30T00:18:43.000000Z",
        "updated_at": "2025-10-22T09:10:47.000000Z",
        "id": 1979828,
        "two_factor_enabled": 0,
        "two_factor_type": null,
        "two_factor_at": null,
        "login_device": "Mozilla/5.0 (Windows NT 10.0; Win64; x64) AppleWebKit/537.36 (KHTML, like Gecko) Chrome/141.0.0.0 Safari/537.36"
      },
      "roles": [
        {
          "id": 5,
          "name": "player",
          "guard_name": "api",
          "created_at": "2024-12-22T11:15:56.000000Z",
          "updated_at": "2025-02-04T13:49:25.000000Z",
          "pivot": {
            "model_id": 29981014,
            "role_id": 5,
            "model_type": "App\\Models\\User"
          }
        }
      ]
    },
    "userInfo": {
      "user_id": 29981014,
      "tc_accepted_at": "2025-05-29 21:18:44",
      "mkt_accepted_at": "2025-05-29 21:18:44",
      "lgpd_accepted_at": "2025-05-29 21:18:44",
      "law_accepted_at": "2025-05-29 21:18:44",
      "migrate_accepted_at": "2025-05-29 21:18:44",
      "privacy_accepted_at": "2025-05-29 21:18:44",
      "status": 1,
      "status_updated_at": "2025-06-20 13:53:21",
      "status_note": null,
      "user_pause": 0,
      "user_pause_at": null,
      "user_exclusion": 0,
      "user_exclusion_at": null,
      "spa_exclusion": 0,
      "spa_exclusion_at": null,
      "spa_exclusion_note": null,
      "operator_exclusion": 0,
      "operator_exclusion_at": null,
      "operator_exclusion_note": null,
      "operator_exclusion_by": null,
      "user_limit_period": null,
      "user_limit_time": null,
      "user_limit_time_active": 0,
      "user_limit_time_period": null,
      "user_limit_time_change": null,
      "user_limit_bet": null,
      "user_limit_bet_active": 0,
      "user_limit_bet_period": null,
      "user_limit_bet_change": null,
      "user_limit_loss": null,
      "user_limit_loss_active": 0,
      "user_limit_loss_period": null,
      "user_limit_loss_change": null,
      "user_limit_deposit": null,
      "user_limit_deposit_active": 0,
      "user_limit_deposit_period": null,
      "user_limit_deposit_change": null,
      "user_limit_withdrawal": null,
      "user_limit_last_change": null,
      "last_verification_at": null,
      "login_at": "2025-10-22 06:10:47",
      "login_attempt_qty": 3,
      "login_city": "Campinas",
      "login_state": "SP",
      "login_ip": "179.125.211.139",
      "validate_email_at": "2025-05-29 23:29:22",
      "validate_sms_at": "2025-05-29 23:31:04",
      "kyc_validated_at": "2025-05-29 21:21:46",
      "latitude": "-22.90556",
      "longitude": "-47.06083",
      "strong_password": 1,
      "location_at": null,
      "nationalities": "[{\"id\": 1, \"value\": \"Brasileiro (a)\"}]",
      "created_at": "2025-05-30T00:18:43.000000Z",
      "updated_at": "2025-10-22T09:10:47.000000Z",
      "id": 1979828,
      "two_factor_enabled": 0,
      "two_factor_type": null,
      "two_factor_at": null,
      "login_device": "Mozilla/5.0 (Windows NT 10.0; Win64; x64) AppleWebKit/537.36 (KHTML, like Gecko) Chrome/141.0.0.0 Safari/537.36"
    },
    "need_change_password": false
  },
  "cookies": "[Circular Reference]",
  "sessionCookies": "__Host-jwt_token_strict=eyJpdiI6Ikwrekl0endvWTBkb1UyNURqZ1FrMEE9PSIsInZhbHVlIjoiYzAyU2RWY085eU1mUStJVkhkZUxSV2RsM3lFaDlpRVhqVTVoU2F6aHRQMWswYXZTNGJQYnFYQzB6WDJRMDZVRE5ncDZQWmJibFYxditBZk9mZmVaQ1ZsTkVvQU90Q1R1MENxM2lUYW9paVk9IiwibWFjIjoiNTE5Y2RmNGVkMzQxZWVjNmMyZDU2YWM4MmYxNWY4NGM0ZjIzMjkxYTMwODY4ODFiNTY3MjZiYWZlYWZlNDljNCIsInRhZyI6IiJ9; expires=Mon, 04 Oct 2100 09:10:48 GMT; Max-Age=2365200000; path=/; secure; httponly; samesite=strict; __Host-jwt_token_lax=eyJpdiI6Imd3eEJkWFExWGNlcjB3R3VJd2prdmc9PSIsInZhbHVlIjoib3g5WTVmTW91V3VYZ0JOeDlNRjl2enJTeUNiUFZnNFJCeWV2Nnp6TGowQWRaQVZJaGNkcjNJczZuMFdzU1dUVXNpZjltWlhpcy9YamNQT2lYVEpESlVHS0s1cWxnSEtXbE9jaXNpSDZkUjg9IiwibWFjIjoiNmUyYjRmNzUwMWRlNGQ1ZDQyNGQyNDFlNmVkMjY2ZGI3MGZkOWNmMjRjYzkxOTkyZjdlNmQ3NDI1YWRiYzQ0OCIsInRhZyI6IiJ9; expires=Mon, 04 Oct 2100 09:10:48 GMT; Max-Age=2365200000; path=/; secure; httponly; samesite=lax; __Host-jwt_token_none=eyJpdiI6ImhlMTVuWDNzNDBjd0xLZ1NucDBjbWc9PSIsInZhbHVlIjoicFNkV1dCdXBsT1BYSG5JbEhjNm5jVEcyNDFweWQxdEFtVXVNUnJuSUYweCs4UlFYRVI2MjhuUHBtSXk1VGU4YWd4bHlpWmlrcG5HVHpSY0dzc2laZVdsWUJHRDQ4TDY1RFk2UjVPT3dVVjQ9IiwibWFjIjoiMjI0Zjg5NWI4NDcxMDZiMjNhMWM2Y2YxNGQwMzJiZTVlM2ZhNTZhZTRjZGIxMDg2MTBjMGZlMjE0N2E0N2Y0NCIsInRhZyI6IiJ9; expires=Mon, 04 Oct 2100 09:10:48 GMT; Max-Age=2365200000; path=/; secure; httponly; samesite=none; bet7k_session=eyJpdiI6ImhwTmd2bEZKSXlZbk82SGxaSE1QRmc9PSIsInZhbHVlIjoidStybC9rK1JoVWFkSCt3aTJPUzluM0wzTnRwMHB6MlA5ZTJyemhreUc1UzFHUnIzZEVhM3Y0QnFXV3Z0SUVUMnB1WVFKVjlKQ3VkZlM5RUg1blRPRVhCcEIxbXRCMEE3U2l0ZkJzQkQyVzdXVE43eVVsL2YzZ2xSZXVsWmR2ZjAiLCJtYWMiOiIzNjJiODU5MTRmNTIyMTk2M2RhMjE1YTc4NmIyZGMzZDYxOGMyMGVlODc5ZDAyZTg4YjM3NThlODhkMTE2NTk1IiwidGFnIjoiIn0%3D; expires=Thu, 22 Oct 2026 09:10:48 GMT; Max-Age=31536000; path=/; httponly; samesite=lax; __cf_bm=zF4Q8RSKQkCZgir9ej.WPZOtmopl4vJ2v4GnGvmRdGM-1761124248-1.0.1.1-_7C99hY_cJnC4wsZWUbp6jxmSPr7.mvMlIzMnAfvhVOSV346I5KnsGi5agxynofb6CJNN7LdqnTF_sxdLCnpZJGdrnB8s9AiVaNy_xKcWOc; path=/; expires=Wed, 22-Oct-25 09:40:48 GMT; domain=.bs2bet.com; HttpOnly; Secure; SameSite=None; _cfuvid=psDTGqPvDbOCyZXDaM_LfChry4eOpQl9InDgq5ZR.W8-1761124248279-0.0.1.1-604800000; path=/; domain=.mcgames.bet.br; HttpOnly; Secure; SameSite=None",
  "responseTime": 1764
}
================================================================================

[2025-10-22T09:10:49.568Z] 噫 [qtkvtd0om] REQUISIﾃﾃグ - mcgames
{
  "requestId": "qtkvtd0om",
  "timestamp": "2025-10-22T09:10:49.568Z",
  "siteName": "mcgames",
  "integration": "mcgames",
  "url": "https://mcgames.bet.br/api/users/wallet?withCurrentUser=true",
  "method": "get",
  "headers": {
    "Authorization": "Bearer eyJ0eXAiOiJKV1QiLCJhbGciOiJIUzI1NiJ9.eyJpc3MiOiJodHRwczovL2FwaS1tY2dhbWVzLWJldGJyLmJzMmJldC5jb20vdjIvYXV0aC9sb2dpbiIsImlhdCI6MTc2MTEyNDI0OCwiZXhwIjoxNzYxNzI5MDQ4LCJuYmYiOjE3NjExMjQyNDgsImp0aSI6ImxKZmpXaWV4WmJXSDBEczAiLCJzdWIiOiIyOTk4MTAxNCIsInBydiI6IjIzYmQ1Yzg5NDlmNjAwYWRiMzllNzAxYzQwMDg3MmRiN2E1OTc2ZjciLCJoYSI6IjUiLCJoYiI6IjFjN2NiOGFlNzEyODAyZDM0OWM3OWYzMGEzMzdiMzVkIiwiaGMiOiI3MDA2YTExYzY2NzViODcwMTAwNDRjMGQ3YmIxMjY4OSIsImhpIjoiYWIyY2M3Y2Q5NzY5YmZkNzBjN2Y2ZGY2NzdhZjMzNGMiLCJoZCI6IjY4NDk1N2ZkZGE1YTIwMzI3YjY3NTYzYjlkZjdmMDMyIiwiaGwiOiI4N2YzMWUzNjVlNWNkMDcyYjA1MTE1ZDRkMWJkZTc0YSIsImhmIjoiMV81MTI2ZDI1MWRmNzhiMjU1MTI0NThkMTMwYTZhYmE1Yl8xNzYxMTI0MjQ2In0.MP5OcVCVyu33h4qu0ID-nXGnPOfFZ-XtjiDVw_xj4Tk",
    "Cookie": "__Host-jwt_token_strict=eyJpdiI6Ikwrekl0endvWTBkb1UyNURqZ1FrMEE9PSIsInZhbHVlIjoiYzAyU2RWY085eU1mUStJVkhkZUxSV2RsM3lFaDlpRVhqVTVoU2F6aHRQMWswYXZTNGJQYnFYQzB6WDJRMDZVRE5ncDZQWmJibFYxditBZk9mZmVaQ1ZsTkVvQU90Q1R1MENxM2lUYW9paVk9IiwibWFjIjoiNTE5Y2RmNGVkMzQxZWVjNmMyZDU2YWM4MmYxNWY4NGM0ZjIzMjkxYTMwODY4ODFiNTY3MjZiYWZlYWZlNDljNCIsInRhZyI6IiJ9; expires=Mon, 04 Oct 2100 09:10:48 GMT; Max-Age=2365200000; path=/; secure; httponly; samesite=strict; __Host-jwt_token_lax=eyJpdiI6Imd3eEJkWFExWGNlcjB3R3VJd2prdmc9PSIsInZhbHVlIjoib3g5WTVmTW91V3VYZ0JOeDlNRjl2enJTeUNiUFZnNFJCeWV2Nnp6TGowQWRaQVZJaGNkcjNJczZuMFdzU1dUVXNpZjltWlhpcy9YamNQT2lYVEpESlVHS0s1cWxnSEtXbE9jaXNpSDZkUjg9IiwibWFjIjoiNmUyYjRmNzUwMWRlNGQ1ZDQyNGQyNDFlNmVkMjY2ZGI3MGZkOWNmMjRjYzkxOTkyZjdlNmQ3NDI1YWRiYzQ0OCIsInRhZyI6IiJ9; expires=Mon, 04 Oct 2100 09:10:48 GMT; Max-Age=2365200000; path=/; secure; httponly; samesite=lax; __Host-jwt_token_none=eyJpdiI6ImhlMTVuWDNzNDBjd0xLZ1NucDBjbWc9PSIsInZhbHVlIjoicFNkV1dCdXBsT1BYSG5JbEhjNm5jVEcyNDFweWQxdEFtVXVNUnJuSUYweCs4UlFYRVI2MjhuUHBtSXk1VGU4YWd4bHlpWmlrcG5HVHpSY0dzc2laZVdsWUJHRDQ4TDY1RFk2UjVPT3dVVjQ9IiwibWFjIjoiMjI0Zjg5NWI4NDcxMDZiMjNhMWM2Y2YxNGQwMzJiZTVlM2ZhNTZhZTRjZGIxMDg2MTBjMGZlMjE0N2E0N2Y0NCIsInRhZyI6IiJ9; expires=Mon, 04 Oct 2100 09:10:48 GMT; Max-Age=2365200000; path=/; secure; httponly; samesite=none; bet7k_session=eyJpdiI6ImhwTmd2bEZKSXlZbk82SGxaSE1QRmc9PSIsInZhbHVlIjoidStybC9rK1JoVWFkSCt3aTJPUzluM0wzTnRwMHB6MlA5ZTJyemhreUc1UzFHUnIzZEVhM3Y0QnFXV3Z0SUVUMnB1WVFKVjlKQ3VkZlM5RUg1blRPRVhCcEIxbXRCMEE3U2l0ZkJzQkQyVzdXVE43eVVsL2YzZ2xSZXVsWmR2ZjAiLCJtYWMiOiIzNjJiODU5MTRmNTIyMTk2M2RhMjE1YTc4NmIyZGMzZDYxOGMyMGVlODc5ZDAyZTg4YjM3NThlODhkMTE2NTk1IiwidGFnIjoiIn0%3D; expires=Thu, 22 Oct 2026 09:10:48 GMT; Max-Age=31536000; path=/; httponly; samesite=lax; __cf_bm=zF4Q8RSKQkCZgir9ej.WPZOtmopl4vJ2v4GnGvmRdGM-1761124248-1.0.1.1-_7C99hY_cJnC4wsZWUbp6jxmSPr7.mvMlIzMnAfvhVOSV346I5KnsGi5agxynofb6CJNN7LdqnTF_sxdLCnpZJGdrnB8s9AiVaNy_xKcWOc; path=/; expires=Wed, 22-Oct-25 09:40:48 GMT; domain=.bs2bet.com; HttpOnly; Secure; SameSite=None; _cfuvid=psDTGqPvDbOCyZXDaM_LfChry4eOpQl9InDgq5ZR.W8-1761124248279-0.0.1.1-604800000; path=/; domain=.mcgames.bet.br; HttpOnly; Secure; SameSite=None"
  },
  "sessionCookies": "__Host-jwt_token_strict=eyJpdiI6Ikwrekl0endvWTBkb1UyNURqZ1FrMEE9PSIsInZhbHVlIjoiYzAyU2RWY085eU1mUStJVkhkZUxSV2RsM3lFaDlpRVhqVTVoU2F6aHRQMWswYXZTNGJQYnFYQzB6WDJRMDZVRE5ncDZQWmJibFYxditBZk9mZmVaQ1ZsTkVvQU90Q1R1MENxM2lUYW9paVk9IiwibWFjIjoiNTE5Y2RmNGVkMzQxZWVjNmMyZDU2YWM4MmYxNWY4NGM0ZjIzMjkxYTMwODY4ODFiNTY3MjZiYWZlYWZlNDljNCIsInRhZyI6IiJ9; expires=Mon, 04 Oct 2100 09:10:48 GMT; Max-Age=2365200000; path=/; secure; httponly; samesite=strict; __Host-jwt_token_lax=eyJpdiI6Imd3eEJkWFExWGNlcjB3R3VJd2prdmc9PSIsInZhbHVlIjoib3g5WTVmTW91V3VYZ0JOeDlNRjl2enJTeUNiUFZnNFJCeWV2Nnp6TGowQWRaQVZJaGNkcjNJczZuMFdzU1dUVXNpZjltWlhpcy9YamNQT2lYVEpESlVHS0s1cWxnSEtXbE9jaXNpSDZkUjg9IiwibWFjIjoiNmUyYjRmNzUwMWRlNGQ1ZDQyNGQyNDFlNmVkMjY2ZGI3MGZkOWNmMjRjYzkxOTkyZjdlNmQ3NDI1YWRiYzQ0OCIsInRhZyI6IiJ9; expires=Mon, 04 Oct 2100 09:10:48 GMT; Max-Age=2365200000; path=/; secure; httponly; samesite=lax; __Host-jwt_token_none=eyJpdiI6ImhlMTVuWDNzNDBjd0xLZ1NucDBjbWc9PSIsInZhbHVlIjoicFNkV1dCdXBsT1BYSG5JbEhjNm5jVEcyNDFweWQxdEFtVXVNUnJuSUYweCs4UlFYRVI2MjhuUHBtSXk1VGU4YWd4bHlpWmlrcG5HVHpSY0dzc2laZVdsWUJHRDQ4TDY1RFk2UjVPT3dVVjQ9IiwibWFjIjoiMjI0Zjg5NWI4NDcxMDZiMjNhMWM2Y2YxNGQwMzJiZTVlM2ZhNTZhZTRjZGIxMDg2MTBjMGZlMjE0N2E0N2Y0NCIsInRhZyI6IiJ9; expires=Mon, 04 Oct 2100 09:10:48 GMT; Max-Age=2365200000; path=/; secure; httponly; samesite=none; bet7k_session=eyJpdiI6ImhwTmd2bEZKSXlZbk82SGxaSE1QRmc9PSIsInZhbHVlIjoidStybC9rK1JoVWFkSCt3aTJPUzluM0wzTnRwMHB6MlA5ZTJyemhreUc1UzFHUnIzZEVhM3Y0QnFXV3Z0SUVUMnB1WVFKVjlKQ3VkZlM5RUg1blRPRVhCcEIxbXRCMEE3U2l0ZkJzQkQyVzdXVE43eVVsL2YzZ2xSZXVsWmR2ZjAiLCJtYWMiOiIzNjJiODU5MTRmNTIyMTk2M2RhMjE1YTc4NmIyZGMzZDYxOGMyMGVlODc5ZDAyZTg4YjM3NThlODhkMTE2NTk1IiwidGFnIjoiIn0%3D; expires=Thu, 22 Oct 2026 09:10:48 GMT; Max-Age=31536000; path=/; httponly; samesite=lax; __cf_bm=zF4Q8RSKQkCZgir9ej.WPZOtmopl4vJ2v4GnGvmRdGM-1761124248-1.0.1.1-_7C99hY_cJnC4wsZWUbp6jxmSPr7.mvMlIzMnAfvhVOSV346I5KnsGi5agxynofb6CJNN7LdqnTF_sxdLCnpZJGdrnB8s9AiVaNy_xKcWOc; path=/; expires=Wed, 22-Oct-25 09:40:48 GMT; domain=.bs2bet.com; HttpOnly; Secure; SameSite=None; _cfuvid=psDTGqPvDbOCyZXDaM_LfChry4eOpQl9InDgq5ZR.W8-1761124248279-0.0.1.1-604800000; path=/; domain=.mcgames.bet.br; HttpOnly; Secure; SameSite=None"
}
================================================================================

[2025-10-22T09:10:49.843Z] 笨 [qtkvtd0om] RESPOSTA - mcgames
{
  "requestId": "qtkvtd0om",
  "timestamp": "2025-10-22T09:10:49.843Z",
  "siteName": "mcgames",
  "integration": "mcgames",
  "status": 200,
  "statusText": "OK",
  "headers": {
    "date": "Wed, 22 Oct 2025 09:10:48 GMT",
    "content-type": "application/json",
    "transfer-encoding": "chunked",
    "connection": "keep-alive",
    "server": "cloudflare",
    "cf-ray": "9927dd17db87f2e4-GRU",
    "cf-cache-status": "DYNAMIC",
    "access-control-allow-origin": "*",
    "cache-control": "max-age=0, no-cache, must-revalidate",
    "set-cookie": [
      "bet7k_session=eyJpdiI6IlhBR1hBbiswa1BkcmdobU9hdHpqOVE9PSIsInZhbHVlIjoiNUQ2R3ZhNHJEWHlTK0twR2hrTXFTb1ZsZGg1d1JNb3ZGRUx5S0V0OEgvUktMdU9DZ05FWGNyMnFMd1F5TU9QMFhiSzg3bitSVU9hQjBOSGlLTTJvWkl2US92ek5US013dlc2dFJ2QUV2bXAyK05ULzlmWnZxWTg1cnNveUw1cTciLCJtYWMiOiI4YWVhNDBiZDMyZmY3MDQzODY1YzUyYzNiMmM5OWVlNzY1ZGIwYWIzZTRhNDA3N2U1N2Q0ZDk5ZmQzZTNlOWQ0IiwidGFnIjoiIn0%3D; expires=Thu, 22 Oct 2026 09:10:48 GMT; Max-Age=31536000; path=/; httponly; samesite=lax",
      "__cf_bm=bJ2srmSILOl8nnOkOm3F7DRdjUHxQd8kedTRURNmTRk-1761124248-1.0.1.1-z8gcTwc3834aj4Mm6cdShoPF06Gw_e1dLV69djjk9_TifFyB4JUaakFgDx6B9h.vD6HUTg1jk2q2533vJF1aH6rSBtpIBtCFP4NAodw3Yw8; path=/; expires=Wed, 22-Oct-25 09:40:48 GMT; domain=.mcgames.bet.br; HttpOnly; Secure; SameSite=None"
    ],
    "strict-transport-security": "max-age=15768000;",
    "vary": "Accept-Encoding",
    "cf-placement": "local-",
    "protected": "by MS23041901",
    "srv": "ip-172-16-60-179",
    "x-ratelimit-limit": "999999999",
    "x-ratelimit-remaining": "999999843"
  },
  "data": {
    "id": 29980963,
    "balance": 0,
    "credit": 0,
    "available_value": 0,
    "user_id": 29981014,
    "created_at": "2025-05-30T00:18:43.000000Z",
    "updated_at": "2025-06-20T18:05:23.000000Z",
    "bonus": 0,
    "max_withdraw_amount": null,
    "withdraw_enabled": 1,
    "rollover_is_active": 0,
    "rollover_amount": 0,
    "withdraw_enable_now": true,
    "withdraw_next_date": null,
    "bonus_wallet_result": {
      "id": 24279755,
      "credit": 0,
      "credit_hold": 0,
      "sports_amount_hold": 0,
      "sports_rollover_count": 0,
      "casino_amount_hold": 0,
      "casino_rollover_count": 0,
      "user_id": 29981014,
      "rollover_type": null,
      "expiry_datetime": "2025-06-20 15:05:23",
      "created_at": "2025-05-30T00:18:43.000000Z",
      "updated_at": "2025-06-20T18:05:23.000000Z"
    },
    "cashback_wallet_result": null,
    "has_transactions": "2025-05-29 21:23:21",
    "min_withdraw_amount": null,
    "user_profile": {
      "id": 29981014,
      "name": "Mateus Rodrigues Santana",
      "email": "muvucasbars@gmail.com",
      "username": "072b1fa0214d80d612398aa2ec3c6d47",
      "email_verified_at": null,
      "token": "mcgamesbetbr_-2MpzDrMj2LTgsNgooGiDhwF4Rv5yfk95WgCQr132RWrpkQRYBs727Bnn",
      "ftd_value": 650,
      "ftd_date": "2025-05-29 21:23:21",
      "created_at": "2025-05-30T00:18:43.000000Z",
      "updated_at": "2025-10-22T09:10:47.000000Z",
      "is_active": 1,
      "phone": "13974198830",
      "commission": null,
      "manager_id": null,
      "admin_id": null,
      "commission_grid_id": null,
      "affiliation_code": "e082c73f8dd4",
      "recommended_by": null,
      "menu_list": null,
      "bonus_enabled": 0,
      "first_name": "Mateus",
      "last_name": "Santana",
      "mother_name": "Agmar Rodrigues De Jesus",
      "gender": 0,
      "birth_date": "1995-09-27",
      "cancelled_account": 0,
      "is_test": 0,
      "ddi": "+55",
      "country": "BRA",
      "currency": "BRL",
      "language": "pt-br",
      "timezone": "America/Sao_Paulo",
      "address": "Sao Francisco De Assis, 3828, Casa - Tupiry",
      "city": "Praia Grande",
      "state": "SP",
      "zipcode": "11724475",
      "is_internal": 0,
      "app_source": null,
      "country_data": {
        "id": 254,
        "name": "Brasil",
        "code": "BRA",
        "flag_image_src": "",
        "auto_update": 1,
        "created_at": null,
        "updated_at": "2024-02-15T00:45:02.000000Z",
        "ddi": "+55",
        "currency": "BRL",
        "alpha2": "BR"
      },
      "_cached": {
        "get-credits": {
          "credit": 0,
          "bonus": 0
        },
        "get-first-deposit": {
          "success": true,
          "data": {
            "id": 50487379086,
            "type": "credit",
            "type_id": null,
            "amount": 65000,
            "status": "approved",
            "user_id": null,
            "wallet_id": 29980963,
            "src": "deposit_charge",
            "src_id": 6669964,
            "created_at": "2025-05-30T00:23:22.000000Z",
            "updated_at": "2025-05-30T00:23:53.000000Z",
            "bonus_wallet_id": null,
            "credit_percent": 0,
            "bonus_percent": 0,
            "cashed_out_amount": 0,
            "old_balance": 0,
            "old_bonus_balance": 0
          }
        },
        "user-first-bet": {
          "message": "Orderbet",
          "orderBet": null,
          "success": true
        }
      },
      "user_info": {
        "user_id": 29981014,
        "tc_accepted_at": "2025-05-29 21:18:44",
        "mkt_accepted_at": "2025-05-29 21:18:44",
        "lgpd_accepted_at": "2025-05-29 21:18:44",
        "law_accepted_at": "2025-05-29 21:18:44",
        "migrate_accepted_at": "2025-05-29 21:18:44",
        "privacy_accepted_at": "2025-05-29 21:18:44",
        "status": 1,
        "status_updated_at": "2025-06-20 13:53:21",
        "status_note": null,
        "user_pause": 0,
        "user_pause_at": null,
        "user_exclusion": 0,
        "user_exclusion_at": null,
        "spa_exclusion": 0,
        "spa_exclusion_at": null,
        "spa_exclusion_note": null,
        "operator_exclusion": 0,
        "operator_exclusion_at": null,
        "operator_exclusion_note": null,
        "operator_exclusion_by": null,
        "user_limit_period": null,
        "user_limit_time": null,
        "user_limit_time_active": 0,
        "user_limit_time_period": null,
        "user_limit_time_change": null,
        "user_limit_bet": null,
        "user_limit_bet_active": 0,
        "user_limit_bet_period": null,
        "user_limit_bet_change": null,
        "user_limit_loss": null,
        "user_limit_loss_active": 0,
        "user_limit_loss_period": null,
        "user_limit_loss_change": null,
        "user_limit_deposit": null,
        "user_limit_deposit_active": 0,
        "user_limit_deposit_period": null,
        "user_limit_deposit_change": null,
        "user_limit_withdrawal": null,
        "user_limit_last_change": null,
        "last_verification_at": null,
        "login_at": "2025-10-22 06:10:47",
        "login_attempt_qty": 3,
        "login_city": "Campinas",
        "login_state": "SP",
        "login_ip": "179.125.211.139",
        "validate_email_at": "2025-05-29 23:29:22",
        "validate_sms_at": "2025-05-29 23:31:04",
        "kyc_validated_at": "2025-05-29 21:21:46",
        "latitude": "-22.90556",
        "longitude": "-47.06083",
        "strong_password": 1,
        "location_at": null,
        "nationalities": "[{\"id\": 1, \"value\": \"Brasileiro (a)\"}]",
        "created_at": "2025-05-30T00:18:43.000000Z",
        "updated_at": "2025-10-22T09:10:47.000000Z",
        "id": 1979828,
        "two_factor_enabled": 0,
        "two_factor_type": null,
        "two_factor_at": null,
        "login_device": "Mozilla/5.0 (Windows NT 10.0; Win64; x64) AppleWebKit/537.36 (KHTML, like Gecko) Chrome/141.0.0.0 Safari/537.36",
        "force_request_kyc": false,
        "force_request_kyc_reasons": []
      },
      "roles": [
        {
          "id": 5,
          "name": "player",
          "guard_name": "api",
          "created_at": "2024-12-22T11:15:56.000000Z",
          "updated_at": "2025-02-04T13:49:25.000000Z",
          "pivot": {
            "model_id": 29981014,
            "role_id": 5,
            "model_type": "App\\Models\\User"
          }
        }
      ],
      "wallet": {
        "id": 29980963,
        "balance": 0,
        "credit": 0,
        "available_value": 0,
        "user_id": 29981014,
        "created_at": "2025-05-30T00:18:43.000000Z",
        "updated_at": "2025-06-20T18:05:23.000000Z",
        "bonus": 0,
        "max_withdraw_amount": null,
        "withdraw_enabled": 1,
        "rollover_is_active": 0,
        "rollover_amount": 0
      },
      "bonus_wallet": {
        "id": 24279755,
        "credit": 0,
        "credit_hold": 0,
        "sports_amount_hold": 0,
        "sports_rollover_count": 0,
        "casino_amount_hold": 0,
        "casino_rollover_count": 0,
        "user_id": 29981014,
        "rollover_type": null,
        "expiry_datetime": "2025-06-20 15:05:23",
        "created_at": "2025-05-30T00:18:43.000000Z",
        "updated_at": "2025-06-20T18:05:23.000000Z"
      },
      "document": {
        "id": 2014457,
        "type": "cpf",
        "number": "23597998860",
        "user_id": 29981014,
        "created_at": "2025-05-30T00:18:43.000000Z",
        "updated_at": "2025-05-30T00:18:43.000000Z"
      }
    }
  },
  "cookies": "[Circular Reference]",
  "sessionCookies": "bet7k_session=eyJpdiI6IlhBR1hBbiswa1BkcmdobU9hdHpqOVE9PSIsInZhbHVlIjoiNUQ2R3ZhNHJEWHlTK0twR2hrTXFTb1ZsZGg1d1JNb3ZGRUx5S0V0OEgvUktMdU9DZ05FWGNyMnFMd1F5TU9QMFhiSzg3bitSVU9hQjBOSGlLTTJvWkl2US92ek5US013dlc2dFJ2QUV2bXAyK05ULzlmWnZxWTg1cnNveUw1cTciLCJtYWMiOiI4YWVhNDBiZDMyZmY3MDQzODY1YzUyYzNiMmM5OWVlNzY1ZGIwYWIzZTRhNDA3N2U1N2Q0ZDk5ZmQzZTNlOWQ0IiwidGFnIjoiIn0%3D; expires=Thu, 22 Oct 2026 09:10:48 GMT; Max-Age=31536000; path=/; httponly; samesite=lax; __cf_bm=bJ2srmSILOl8nnOkOm3F7DRdjUHxQd8kedTRURNmTRk-1761124248-1.0.1.1-z8gcTwc3834aj4Mm6cdShoPF06Gw_e1dLV69djjk9_TifFyB4JUaakFgDx6B9h.vD6HUTg1jk2q2533vJF1aH6rSBtpIBtCFP4NAodw3Yw8; path=/; expires=Wed, 22-Oct-25 09:40:48 GMT; domain=.mcgames.bet.br; HttpOnly; Secure; SameSite=None",
  "responseTime": 275
}
================================================================================

